[ 2016-04-05T10:12:46+08:00 ] 140.206.97.29 /hellomarkertest/hellomarkeradmin.php
INFO: [ app_init ] --START--
INFO: Run Behavior\BuildLiteBehavior [ RunTime:0.000022s ]
INFO: [ app_init ] --END-- [ RunTime:0.000488s ]
INFO: [ app_begin ] --START--
INFO: Run Behavior\ReadHtmlCacheBehavior [ RunTime:0.000798s ]
INFO: [ app_begin ] --END-- [ RunTime:0.000885s ]

[ 2016-04-05T10:12:46+08:00 ] 140.206.97.29 /hellomarkertest/hellomarkeradmin.php/Home/Admin/index.html
INFO: [ app_init ] --START--
INFO: Run Behavior\BuildLiteBehavior [ RunTime:0.000021s ]
INFO: [ app_init ] --END-- [ RunTime:0.000484s ]
INFO: [ app_begin ] --START--
INFO: Run Behavior\ReadHtmlCacheBehavior [ RunTime:0.000626s ]
INFO: [ app_begin ] --END-- [ RunTime:0.000701s ]
INFO: [ view_parse ] --START--
INFO: [ template_filter ] --START--
INFO: Run Behavior\ContentReplaceBehavior [ RunTime:0.000052s ]
INFO: [ template_filter ] --END-- [ RunTime:0.000121s ]
NOTIC: [8] Undefined variable: backFlag /data/home/qxu1152030011/htdocs/hellomarkertest/Hellomarkeradmin/Runtime/Cache/Home/c20890c45e00e43ed8438267dd8ca577.php 第 31 行.
INFO: Run Behavior\ParseTemplateBehavior [ RunTime:0.006542s ]
INFO: [ view_parse ] --END-- [ RunTime:0.006607s ]
INFO: [ view_filter ] --START--
INFO: Run Behavior\WriteHtmlCacheBehavior [ RunTime:0.000343s ]
INFO: [ view_filter ] --END-- [ RunTime:0.000393s ]
INFO: [ app_end ] --START--
INFO: Run Behavior\ShowPageTraceBehavior [ RunTime:0.000658s ]
INFO: [ app_end ] --END-- [ RunTime:0.000719s ]

[ 2016-04-05T10:12:47+08:00 ] 112.64.235.254 /hellomarkertest/hellomarkeradmin.php
INFO: [ app_init ] --START--
INFO: Run Behavior\BuildLiteBehavior [ RunTime:0.000020s ]
INFO: [ app_init ] --END-- [ RunTime:0.000462s ]
INFO: [ app_begin ] --START--
INFO: Run Behavior\ReadHtmlCacheBehavior [ RunTime:0.000602s ]
INFO: [ app_begin ] --END-- [ RunTime:0.000668s ]

[ 2016-04-05T10:12:47+08:00 ] 112.64.235.254 /hellomarkertest/hellomarkeradmin.php/Home/Admin/index.html
INFO: [ app_init ] --START--
INFO: Run Behavior\BuildLiteBehavior [ RunTime:0.000021s ]
INFO: [ app_init ] --END-- [ RunTime:0.000491s ]
INFO: [ app_begin ] --START--
INFO: Run Behavior\ReadHtmlCacheBehavior [ RunTime:0.000595s ]
INFO: [ app_begin ] --END-- [ RunTime:0.000672s ]
INFO: [ view_parse ] --START--
INFO: [ template_filter ] --START--
INFO: Run Behavior\ContentReplaceBehavior [ RunTime:0.000055s ]
INFO: [ template_filter ] --END-- [ RunTime:0.000129s ]
NOTIC: [8] Undefined variable: backFlag /data/home/qxu1152030011/htdocs/hellomarkertest/Hellomarkeradmin/Runtime/Cache/Home/c20890c45e00e43ed8438267dd8ca577.php 第 31 行.
INFO: Run Behavior\ParseTemplateBehavior [ RunTime:0.006779s ]
INFO: [ view_parse ] --END-- [ RunTime:0.006841s ]
INFO: [ view_filter ] --START--
INFO: Run Behavior\WriteHtmlCacheBehavior [ RunTime:0.000370s ]
INFO: [ view_filter ] --END-- [ RunTime:0.000421s ]
INFO: [ app_end ] --START--
INFO: Run Behavior\ShowPageTraceBehavior [ RunTime:0.000617s ]
INFO: [ app_end ] --END-- [ RunTime:0.000674s ]

[ 2016-04-05T10:12:49+08:00 ] 61.151.218.118 /hellomarkertest/hellomarkeradmin.php/Home/Admin/index.html
INFO: [ app_init ] --START--
INFO: Run Behavior\BuildLiteBehavior [ RunTime:0.000021s ]
INFO: [ app_init ] --END-- [ RunTime:0.000463s ]
INFO: [ app_begin ] --START--
INFO: Run Behavior\ReadHtmlCacheBehavior [ RunTime:0.000663s ]
INFO: [ app_begin ] --END-- [ RunTime:0.000741s ]
INFO: [ view_parse ] --START--
INFO: [ template_filter ] --START--
INFO: Run Behavior\ContentReplaceBehavior [ RunTime:0.000054s ]
INFO: [ template_filter ] --END-- [ RunTime:0.000125s ]
NOTIC: [8] Undefined variable: backFlag /data/home/qxu1152030011/htdocs/hellomarkertest/Hellomarkeradmin/Runtime/Cache/Home/c20890c45e00e43ed8438267dd8ca577.php 第 31 行.
INFO: Run Behavior\ParseTemplateBehavior [ RunTime:0.006833s ]
INFO: [ view_parse ] --END-- [ RunTime:0.006902s ]
INFO: [ view_filter ] --START--
INFO: Run Behavior\WriteHtmlCacheBehavior [ RunTime:0.000367s ]
INFO: [ view_filter ] --END-- [ RunTime:0.000420s ]
INFO: [ app_end ] --START--
INFO: Run Behavior\ShowPageTraceBehavior [ RunTime:0.000607s ]
INFO: [ app_end ] --END-- [ RunTime:0.000667s ]

[ 2016-04-05T10:12:52+08:00 ] 140.206.97.29 /hellomarkertest/hellomarkeradmin.php/Home/Admin/login/
INFO: [ app_init ] --START--
INFO: Run Behavior\BuildLiteBehavior [ RunTime:0.000022s ]
INFO: [ app_init ] --END-- [ RunTime:0.000466s ]
INFO: [ app_begin ] --START--
INFO: Run Behavior\ReadHtmlCacheBehavior [ RunTime:0.000565s ]
INFO: [ app_begin ] --END-- [ RunTime:0.000640s ]
SQL: SELECT * FROM mk_admin WHERE adminname='postbird'; [ RunTime:0.0014s ]

[ 2016-04-05T10:12:52+08:00 ] 140.206.97.29 /hellomarkertest/hellomarkeradmin.php/Home/Index/indexShow.html
INFO: [ app_init ] --START--
INFO: Run Behavior\BuildLiteBehavior [ RunTime:0.000030s ]
INFO: [ app_init ] --END-- [ RunTime:0.000533s ]
INFO: [ app_begin ] --START--
INFO: Run Behavior\ReadHtmlCacheBehavior [ RunTime:0.000695s ]
INFO: [ app_begin ] --END-- [ RunTime:0.000781s ]
INFO: [ view_parse ] --START--
INFO: [ template_filter ] --START--
INFO: Run Behavior\ContentReplaceBehavior [ RunTime:0.000098s ]
INFO: [ template_filter ] --END-- [ RunTime:0.000197s ]
INFO: Run Behavior\ParseTemplateBehavior [ RunTime:0.026094s ]
INFO: [ view_parse ] --END-- [ RunTime:0.026168s ]
INFO: [ view_filter ] --START--
INFO: Run Behavior\WriteHtmlCacheBehavior [ RunTime:0.000374s ]
INFO: [ view_filter ] --END-- [ RunTime:0.000427s ]
INFO: [ app_end ] --START--
INFO: Run Behavior\ShowPageTraceBehavior [ RunTime:0.000713s ]
INFO: [ app_end ] --END-- [ RunTime:0.000770s ]

[ 2016-04-05T10:12:52+08:00 ] 101.226.66.177 /hellomarkertest/hellomarkeradmin.php/Home/Index/indexShow.html
INFO: [ app_init ] --START--
INFO: Run Behavior\BuildLiteBehavior [ RunTime:0.000020s ]
INFO: [ app_init ] --END-- [ RunTime:0.000485s ]
INFO: [ app_begin ] --START--
INFO: Run Behavior\ReadHtmlCacheBehavior [ RunTime:0.000618s ]
INFO: [ app_begin ] --END-- [ RunTime:0.000692s ]

[ 2016-04-05T10:12:52+08:00 ] 101.226.66.177 /hellomarkertest/hellomarkeradmin.php/Home/Admin/index.html
INFO: [ app_init ] --START--
INFO: Run Behavior\BuildLiteBehavior [ RunTime:0.000025s ]
INFO: [ app_init ] --END-- [ RunTime:0.000480s ]
INFO: [ app_begin ] --START--
INFO: Run Behavior\ReadHtmlCacheBehavior [ RunTime:0.000580s ]
INFO: [ app_begin ] --END-- [ RunTime:0.000662s ]
INFO: [ view_parse ] --START--
INFO: [ template_filter ] --START--
INFO: Run Behavior\ContentReplaceBehavior [ RunTime:0.000058s ]
INFO: [ template_filter ] --END-- [ RunTime:0.000135s ]
NOTIC: [8] Undefined variable: backFlag /data/home/qxu1152030011/htdocs/hellomarkertest/Hellomarkeradmin/Runtime/Cache/Home/c20890c45e00e43ed8438267dd8ca577.php 第 31 行.
INFO: Run Behavior\ParseTemplateBehavior [ RunTime:0.006877s ]
INFO: [ view_parse ] --END-- [ RunTime:0.006949s ]
INFO: [ view_filter ] --START--
INFO: Run Behavior\WriteHtmlCacheBehavior [ RunTime:0.000385s ]
INFO: [ view_filter ] --END-- [ RunTime:0.000436s ]
INFO: [ app_end ] --START--
INFO: Run Behavior\ShowPageTraceBehavior [ RunTime:0.000602s ]
INFO: [ app_end ] --END-- [ RunTime:0.000662s ]

[ 2016-04-05T10:12:57+08:00 ] 140.206.97.29 /hellomarkertest/hellomarkeradmin.php/Home/Index/userShow/
INFO: [ app_init ] --START--
INFO: Run Behavior\BuildLiteBehavior [ RunTime:0.000022s ]
INFO: [ app_init ] --END-- [ RunTime:0.000460s ]
INFO: [ app_begin ] --START--
INFO: Run Behavior\ReadHtmlCacheBehavior [ RunTime:0.000606s ]
INFO: [ app_begin ] --END-- [ RunTime:0.000682s ]
SQL: SELECT mk_user.* FROM mk_user WHERE useractive=1 [ RunTime:0.0012s ]
SQL: SELECT mk_user.* FROM mk_user  WHERE  useractive=1 LIMIT 0,10 ; [ RunTime:0.0010s ]
INFO: [ view_parse ] --START--
INFO: [ template_filter ] --START--
INFO: Run Behavior\ContentReplaceBehavior [ RunTime:0.000099s ]
INFO: [ template_filter ] --END-- [ RunTime:0.000169s ]
NOTIC: [8] Undefined variable: backFlag /data/home/qxu1152030011/htdocs/hellomarkertest/Hellomarkeradmin/Runtime/Cache/Home/7ab477a69de57d7b82bc6b712f80f8df.php 第 67 行.
NOTIC: [8] Undefined variable: backFlag /data/home/qxu1152030011/htdocs/hellomarkertest/Hellomarkeradmin/Runtime/Cache/Home/7ab477a69de57d7b82bc6b712f80f8df.php 第 71 行.
NOTIC: [8] Undefined variable: backFlag /data/home/qxu1152030011/htdocs/hellomarkertest/Hellomarkeradmin/Runtime/Cache/Home/7ab477a69de57d7b82bc6b712f80f8df.php 第 75 行.
INFO: Run Behavior\ParseTemplateBehavior [ RunTime:0.010070s ]
INFO: [ view_parse ] --END-- [ RunTime:0.010134s ]
INFO: [ view_filter ] --START--
INFO: Run Behavior\WriteHtmlCacheBehavior [ RunTime:0.000369s ]
INFO: [ view_filter ] --END-- [ RunTime:0.000424s ]
INFO: [ app_end ] --START--
INFO: Run Behavior\ShowPageTraceBehavior [ RunTime:0.000603s ]
INFO: [ app_end ] --END-- [ RunTime:0.000664s ]

[ 2016-04-05T10:12:57+08:00 ] 180.153.206.33 /hellomarkertest/hellomarkeradmin.php/Home/Index/userShow
INFO: [ app_init ] --START--
INFO: Run Behavior\BuildLiteBehavior [ RunTime:0.000035s ]
INFO: [ app_init ] --END-- [ RunTime:0.000485s ]
INFO: [ app_begin ] --START--
INFO: Run Behavior\ReadHtmlCacheBehavior [ RunTime:0.000850s ]
INFO: [ app_begin ] --END-- [ RunTime:0.000936s ]

[ 2016-04-05T10:12:57+08:00 ] 180.153.206.33 /hellomarkertest/hellomarkeradmin.php/Home/Admin/index.html
INFO: [ app_init ] --START--
INFO: Run Behavior\BuildLiteBehavior [ RunTime:0.000031s ]
INFO: [ app_init ] --END-- [ RunTime:0.000534s ]
INFO: [ app_begin ] --START--
INFO: Run Behavior\ReadHtmlCacheBehavior [ RunTime:0.000664s ]
INFO: [ app_begin ] --END-- [ RunTime:0.000744s ]
INFO: [ view_parse ] --START--
INFO: [ template_filter ] --START--
INFO: Run Behavior\ContentReplaceBehavior [ RunTime:0.000056s ]
INFO: [ template_filter ] --END-- [ RunTime:0.000135s ]
NOTIC: [8] Undefined variable: backFlag /data/home/qxu1152030011/htdocs/hellomarkertest/Hellomarkeradmin/Runtime/Cache/Home/c20890c45e00e43ed8438267dd8ca577.php 第 31 行.
INFO: Run Behavior\ParseTemplateBehavior [ RunTime:0.006865s ]
INFO: [ view_parse ] --END-- [ RunTime:0.006925s ]
INFO: [ view_filter ] --START--
INFO: Run Behavior\WriteHtmlCacheBehavior [ RunTime:0.000413s ]
INFO: [ view_filter ] --END-- [ RunTime:0.000480s ]
INFO: [ app_end ] --START--
INFO: Run Behavior\ShowPageTraceBehavior [ RunTime:0.000618s ]
INFO: [ app_end ] --END-- [ RunTime:0.000680s ]

[ 2016-04-05T10:13:55+08:00 ] 140.206.97.29 /hellomarkertest/hellomarkeradmin.php/Home/Index/bugShow/
INFO: [ app_init ] --START--
INFO: Run Behavior\BuildLiteBehavior [ RunTime:0.000030s ]
INFO: [ app_init ] --END-- [ RunTime:0.000468s ]
INFO: [ app_begin ] --START--
INFO: Run Behavior\ReadHtmlCacheBehavior [ RunTime:0.000601s ]
INFO: [ app_begin ] --END-- [ RunTime:0.000675s ]
SQL: SELECT mk_bug.* FROM  mk_bug ORDER BY bugcheck ASC , bugid DESC ; [ RunTime:0.0014s ]
SQL: SELECT mk_bug.* FROM  mk_bug ORDER BY bugcheck ASC , bugid DESC LIMIT 0,10 ; [ RunTime:0.0010s ]
INFO: [ view_parse ] --START--
INFO: [ template_filter ] --START--
INFO: Run Behavior\ContentReplaceBehavior [ RunTime:0.000089s ]
INFO: [ template_filter ] --END-- [ RunTime:0.000162s ]
NOTIC: [8] Undefined variable: backFlag /data/home/qxu1152030011/htdocs/hellomarkertest/Hellomarkeradmin/Runtime/Cache/Home/43e2431ef17f99a3439ab375a2634584.php 第 67 行.
NOTIC: [8] Undefined variable: backFlag /data/home/qxu1152030011/htdocs/hellomarkertest/Hellomarkeradmin/Runtime/Cache/Home/43e2431ef17f99a3439ab375a2634584.php 第 71 行.
NOTIC: [8] Undefined variable: backFlag /data/home/qxu1152030011/htdocs/hellomarkertest/Hellomarkeradmin/Runtime/Cache/Home/43e2431ef17f99a3439ab375a2634584.php 第 75 行.
INFO: Run Behavior\ParseTemplateBehavior [ RunTime:0.029438s ]
INFO: [ view_parse ] --END-- [ RunTime:0.029542s ]
INFO: [ view_filter ] --START--
INFO: Run Behavior\WriteHtmlCacheBehavior [ RunTime:0.000437s ]
INFO: [ view_filter ] --END-- [ RunTime:0.000507s ]
INFO: [ app_end ] --START--
INFO: Run Behavior\ShowPageTraceBehavior [ RunTime:0.000718s ]
INFO: [ app_end ] --END-- [ RunTime:0.000774s ]

[ 2016-04-05T10:13:56+08:00 ] 101.226.65.104 /hellomarkertest/hellomarkeradmin.php/Home/Index/bugShow
INFO: [ app_init ] --START--
INFO: Run Behavior\BuildLiteBehavior [ RunTime:0.000036s ]
INFO: [ app_init ] --END-- [ RunTime:0.000563s ]
INFO: [ app_begin ] --START--
INFO: Run Behavior\ReadHtmlCacheBehavior [ RunTime:0.000839s ]
INFO: [ app_begin ] --END-- [ RunTime:0.000916s ]

[ 2016-04-05T10:13:56+08:00 ] 101.226.65.104 /hellomarkertest/hellomarkeradmin.php/Home/Admin/index.html
INFO: [ app_init ] --START--
INFO: Run Behavior\BuildLiteBehavior [ RunTime:0.000020s ]
INFO: [ app_init ] --END-- [ RunTime:0.000492s ]
INFO: [ app_begin ] --START--
INFO: Run Behavior\ReadHtmlCacheBehavior [ RunTime:0.000585s ]
INFO: [ app_begin ] --END-- [ RunTime:0.000659s ]
INFO: [ view_parse ] --START--
INFO: [ template_filter ] --START--
INFO: Run Behavior\ContentReplaceBehavior [ RunTime:0.000051s ]
INFO: [ template_filter ] --END-- [ RunTime:0.000120s ]
NOTIC: [8] Undefined variable: backFlag /data/home/qxu1152030011/htdocs/hellomarkertest/Hellomarkeradmin/Runtime/Cache/Home/c20890c45e00e43ed8438267dd8ca577.php 第 31 行.
INFO: Run Behavior\ParseTemplateBehavior [ RunTime:0.006991s ]
INFO: [ view_parse ] --END-- [ RunTime:0.007050s ]
INFO: [ view_filter ] --START--
INFO: Run Behavior\WriteHtmlCacheBehavior [ RunTime:0.000348s ]
INFO: [ view_filter ] --END-- [ RunTime:0.000399s ]
INFO: [ app_end ] --START--
INFO: Run Behavior\ShowPageTraceBehavior [ RunTime:0.000609s ]
INFO: [ app_end ] --END-- [ RunTime:0.000667s ]

[ 2016-04-05T10:13:57+08:00 ] 140.206.97.29 /hellomarkertest/hellomarkeradmin.php/Home/Index/articleAdd/
INFO: [ app_init ] --START--
INFO: Run Behavior\BuildLiteBehavior [ RunTime:0.000022s ]
INFO: [ app_init ] --END-- [ RunTime:0.000471s ]
INFO: [ app_begin ] --START--
INFO: Run Behavior\ReadHtmlCacheBehavior [ RunTime:0.000584s ]
INFO: [ app_begin ] --END-- [ RunTime:0.000678s ]
INFO: [ view_parse ] --START--
INFO: [ template_filter ] --START--
INFO: Run Behavior\ContentReplaceBehavior [ RunTime:0.000090s ]
INFO: [ template_filter ] --END-- [ RunTime:0.000175s ]
NOTIC: [8] Undefined variable: backFlag /data/home/qxu1152030011/htdocs/hellomarkertest/Hellomarkeradmin/Runtime/Cache/Home/7ba9a73bc338631249d95887910823fc.php 第 67 行.
NOTIC: [8] Undefined variable: backFlag /data/home/qxu1152030011/htdocs/hellomarkertest/Hellomarkeradmin/Runtime/Cache/Home/7ba9a73bc338631249d95887910823fc.php 第 71 行.
NOTIC: [8] Undefined variable: backFlag /data/home/qxu1152030011/htdocs/hellomarkertest/Hellomarkeradmin/Runtime/Cache/Home/7ba9a73bc338631249d95887910823fc.php 第 75 行.
NOTIC: [8] Undefined variable: articleRow /data/home/qxu1152030011/htdocs/hellomarkertest/Hellomarkeradmin/Runtime/Cache/Home/7ba9a73bc338631249d95887910823fc.php 第 87 行.
NOTIC: [8] Undefined variable: articleRow /data/home/qxu1152030011/htdocs/hellomarkertest/Hellomarkeradmin/Runtime/Cache/Home/7ba9a73bc338631249d95887910823fc.php 第 91 行.
NOTIC: [8] Undefined variable: articleRow /data/home/qxu1152030011/htdocs/hellomarkertest/Hellomarkeradmin/Runtime/Cache/Home/7ba9a73bc338631249d95887910823fc.php 第 95 行.
NOTIC: [8] Undefined variable: articleRow /data/home/qxu1152030011/htdocs/hellomarkertest/Hellomarkeradmin/Runtime/Cache/Home/7ba9a73bc338631249d95887910823fc.php 第 99 行.
INFO: Run Behavior\ParseTemplateBehavior [ RunTime:0.024897s ]
INFO: [ view_parse ] --END-- [ RunTime:0.024982s ]
INFO: [ view_filter ] --START--
INFO: Run Behavior\WriteHtmlCacheBehavior [ RunTime:0.000366s ]
INFO: [ view_filter ] --END-- [ RunTime:0.000419s ]
INFO: [ app_end ] --START--
INFO: Run Behavior\ShowPageTraceBehavior [ RunTime:0.000619s ]
INFO: [ app_end ] --END-- [ RunTime:0.000679s ]

[ 2016-04-05T10:13:58+08:00 ] 101.226.33.238 /hellomarkertest/hellomarkeradmin.php/Home/Index/articleAdd
INFO: [ app_init ] --START--
INFO: Run Behavior\BuildLiteBehavior [ RunTime:0.000021s ]
INFO: [ app_init ] --END-- [ RunTime:0.000479s ]
INFO: [ app_begin ] --START--
INFO: Run Behavior\ReadHtmlCacheBehavior [ RunTime:0.000600s ]
INFO: [ app_begin ] --END-- [ RunTime:0.000673s ]

[ 2016-04-05T10:13:58+08:00 ] 101.226.33.238 /hellomarkertest/hellomarkeradmin.php/Home/Admin/index.html
INFO: [ app_init ] --START--
INFO: Run Behavior\BuildLiteBehavior [ RunTime:0.000023s ]
INFO: [ app_init ] --END-- [ RunTime:0.000489s ]
INFO: [ app_begin ] --START--
INFO: Run Behavior\ReadHtmlCacheBehavior [ RunTime:0.000641s ]
INFO: [ app_begin ] --END-- [ RunTime:0.000727s ]
INFO: [ view_parse ] --START--
INFO: [ template_filter ] --START--
INFO: Run Behavior\ContentReplaceBehavior [ RunTime:0.000057s ]
INFO: [ template_filter ] --END-- [ RunTime:0.000131s ]
NOTIC: [8] Undefined variable: backFlag /data/home/qxu1152030011/htdocs/hellomarkertest/Hellomarkeradmin/Runtime/Cache/Home/c20890c45e00e43ed8438267dd8ca577.php 第 31 行.
INFO: Run Behavior\ParseTemplateBehavior [ RunTime:0.006574s ]
INFO: [ view_parse ] --END-- [ RunTime:0.006633s ]
INFO: [ view_filter ] --START--
INFO: Run Behavior\WriteHtmlCacheBehavior [ RunTime:0.000380s ]
INFO: [ view_filter ] --END-- [ RunTime:0.000434s ]
INFO: [ app_end ] --START--
INFO: Run Behavior\ShowPageTraceBehavior [ RunTime:0.000610s ]
INFO: [ app_end ] --END-- [ RunTime:0.000669s ]

[ 2016-04-05T10:13:59+08:00 ] 140.206.97.29 /hellomarkertest/hellomarkeradmin.php/Home/Index/articleAdd/
INFO: [ app_init ] --START--
INFO: Run Behavior\BuildLiteBehavior [ RunTime:0.000024s ]
INFO: [ app_init ] --END-- [ RunTime:0.000506s ]
INFO: [ app_begin ] --START--
INFO: Run Behavior\ReadHtmlCacheBehavior [ RunTime:0.000638s ]
INFO: [ app_begin ] --END-- [ RunTime:0.000714s ]
INFO: [ view_parse ] --START--
INFO: [ template_filter ] --START--
INFO: Run Behavior\ContentReplaceBehavior [ RunTime:0.000091s ]
INFO: [ template_filter ] --END-- [ RunTime:0.000164s ]
NOTIC: [8] Undefined variable: backFlag /data/home/qxu1152030011/htdocs/hellomarkertest/Hellomarkeradmin/Runtime/Cache/Home/7ba9a73bc338631249d95887910823fc.php 第 67 行.
NOTIC: [8] Undefined variable: backFlag /data/home/qxu1152030011/htdocs/hellomarkertest/Hellomarkeradmin/Runtime/Cache/Home/7ba9a73bc338631249d95887910823fc.php 第 71 行.
NOTIC: [8] Undefined variable: backFlag /data/home/qxu1152030011/htdocs/hellomarkertest/Hellomarkeradmin/Runtime/Cache/Home/7ba9a73bc338631249d95887910823fc.php 第 75 行.
NOTIC: [8] Undefined variable: articleRow /data/home/qxu1152030011/htdocs/hellomarkertest/Hellomarkeradmin/Runtime/Cache/Home/7ba9a73bc338631249d95887910823fc.php 第 87 行.
NOTIC: [8] Undefined variable: articleRow /data/home/qxu1152030011/htdocs/hellomarkertest/Hellomarkeradmin/Runtime/Cache/Home/7ba9a73bc338631249d95887910823fc.php 第 91 行.
NOTIC: [8] Undefined variable: articleRow /data/home/qxu1152030011/htdocs/hellomarkertest/Hellomarkeradmin/Runtime/Cache/Home/7ba9a73bc338631249d95887910823fc.php 第 95 行.
NOTIC: [8] Undefined variable: articleRow /data/home/qxu1152030011/htdocs/hellomarkertest/Hellomarkeradmin/Runtime/Cache/Home/7ba9a73bc338631249d95887910823fc.php 第 99 行.
INFO: Run Behavior\ParseTemplateBehavior [ RunTime:0.008968s ]
INFO: [ view_parse ] --END-- [ RunTime:0.009035s ]
INFO: [ view_filter ] --START--
INFO: Run Behavior\WriteHtmlCacheBehavior [ RunTime:0.000469s ]
INFO: [ view_filter ] --END-- [ RunTime:0.000520s ]
INFO: [ app_end ] --START--
INFO: Run Behavior\ShowPageTraceBehavior [ RunTime:0.000649s ]
INFO: [ app_end ] --END-- [ RunTime:0.000714s ]

[ 2016-04-05T10:14:00+08:00 ] 140.206.97.29 /hellomarkertest/hellomarkeradmin.php/Home/Index/articleShow/
INFO: [ app_init ] --START--
INFO: Run Behavior\BuildLiteBehavior [ RunTime:0.000022s ]
INFO: [ app_init ] --END-- [ RunTime:0.000455s ]
INFO: [ app_begin ] --START--
INFO: Run Behavior\ReadHtmlCacheBehavior [ RunTime:0.000586s ]
INFO: [ app_begin ] --END-- [ RunTime:0.000660s ]
SQL: SELECT mk_article.* FROM mk_article  ORDER BY articletop DESC,articleid DESC; [ RunTime:0.0049s ]
SQL: SELECT mk_article.* FROM mk_article  ORDER BY articletop DESC ,  articleid DESC LIMIT 0,10 ; [ RunTime:0.0025s ]
INFO: [ view_parse ] --START--
INFO: [ template_filter ] --START--
INFO: Run Behavior\ContentReplaceBehavior [ RunTime:0.000110s ]
INFO: [ template_filter ] --END-- [ RunTime:0.000229s ]
NOTIC: [8] Undefined variable: backFlag /data/home/qxu1152030011/htdocs/hellomarkertest/Hellomarkeradmin/Runtime/Cache/Home/172c90f94a918eb603a8d05fa3f490f0.php 第 67 行.
NOTIC: [8] Undefined variable: backFlag /data/home/qxu1152030011/htdocs/hellomarkertest/Hellomarkeradmin/Runtime/Cache/Home/172c90f94a918eb603a8d05fa3f490f0.php 第 71 行.
NOTIC: [8] Undefined variable: backFlag /data/home/qxu1152030011/htdocs/hellomarkertest/Hellomarkeradmin/Runtime/Cache/Home/172c90f94a918eb603a8d05fa3f490f0.php 第 75 行.
INFO: Run Behavior\ParseTemplateBehavior [ RunTime:0.011929s ]
INFO: [ view_parse ] --END-- [ RunTime:0.012003s ]
INFO: [ view_filter ] --START--
INFO: Run Behavior\WriteHtmlCacheBehavior [ RunTime:0.000388s ]
INFO: [ view_filter ] --END-- [ RunTime:0.000452s ]
INFO: [ app_end ] --START--
INFO: Run Behavior\ShowPageTraceBehavior [ RunTime:0.000601s ]
INFO: [ app_end ] --END-- [ RunTime:0.000661s ]

[ 2016-04-05T10:14:03+08:00 ] 180.153.205.253 /hellomarkertest/hellomarkeradmin.php/Home/Index/articleShow
INFO: [ app_init ] --START--
INFO: Run Behavior\BuildLiteBehavior [ RunTime:0.000031s ]
INFO: [ app_init ] --END-- [ RunTime:0.000529s ]
INFO: [ app_begin ] --START--
INFO: Run Behavior\ReadHtmlCacheBehavior [ RunTime:0.000692s ]
INFO: [ app_begin ] --END-- [ RunTime:0.000768s ]

[ 2016-04-05T10:14:03+08:00 ] 180.153.205.253 /hellomarkertest/hellomarkeradmin.php/Home/Admin/index.html
INFO: [ app_init ] --START--
INFO: Run Behavior\BuildLiteBehavior [ RunTime:0.000022s ]
INFO: [ app_init ] --END-- [ RunTime:0.000467s ]
INFO: [ app_begin ] --START--
INFO: Run Behavior\ReadHtmlCacheBehavior [ RunTime:0.000573s ]
INFO: [ app_begin ] --END-- [ RunTime:0.000650s ]
INFO: [ view_parse ] --START--
INFO: [ template_filter ] --START--
INFO: Run Behavior\ContentReplaceBehavior [ RunTime:0.000128s ]
INFO: [ template_filter ] --END-- [ RunTime:0.000208s ]
NOTIC: [8] Undefined variable: backFlag /data/home/qxu1152030011/htdocs/hellomarkertest/Hellomarkeradmin/Runtime/Cache/Home/c20890c45e00e43ed8438267dd8ca577.php 第 31 行.
INFO: Run Behavior\ParseTemplateBehavior [ RunTime:0.006726s ]
INFO: [ view_parse ] --END-- [ RunTime:0.006787s ]
INFO: [ view_filter ] --START--
INFO: Run Behavior\WriteHtmlCacheBehavior [ RunTime:0.000359s ]
INFO: [ view_filter ] --END-- [ RunTime:0.000434s ]
INFO: [ app_end ] --START--
INFO: Run Behavior\ShowPageTraceBehavior [ RunTime:0.000623s ]
INFO: [ app_end ] --END-- [ RunTime:0.000682s ]

[ 2016-04-05T10:14:04+08:00 ] 140.206.97.29 /hellomarkertest/hellomarkeradmin.php/Home/Index/userShow/
INFO: [ app_init ] --START--
INFO: Run Behavior\BuildLiteBehavior [ RunTime:0.000023s ]
INFO: [ app_init ] --END-- [ RunTime:0.000484s ]
INFO: [ app_begin ] --START--
INFO: Run Behavior\ReadHtmlCacheBehavior [ RunTime:0.000587s ]
INFO: [ app_begin ] --END-- [ RunTime:0.000660s ]
SQL: SELECT mk_user.* FROM mk_user WHERE useractive=1 [ RunTime:0.0009s ]
SQL: SELECT mk_user.* FROM mk_user  WHERE  useractive=1 LIMIT 0,10 ; [ RunTime:0.0009s ]
INFO: [ view_parse ] --START--
INFO: [ template_filter ] --START--
INFO: Run Behavior\ContentReplaceBehavior [ RunTime:0.000089s ]
INFO: [ template_filter ] --END-- [ RunTime:0.000159s ]
NOTIC: [8] Undefined variable: backFlag /data/home/qxu1152030011/htdocs/hellomarkertest/Hellomarkeradmin/Runtime/Cache/Home/7ab477a69de57d7b82bc6b712f80f8df.php 第 67 行.
NOTIC: [8] Undefined variable: backFlag /data/home/qxu1152030011/htdocs/hellomarkertest/Hellomarkeradmin/Runtime/Cache/Home/7ab477a69de57d7b82bc6b712f80f8df.php 第 71 行.
NOTIC: [8] Undefined variable: backFlag /data/home/qxu1152030011/htdocs/hellomarkertest/Hellomarkeradmin/Runtime/Cache/Home/7ab477a69de57d7b82bc6b712f80f8df.php 第 75 行.
INFO: Run Behavior\ParseTemplateBehavior [ RunTime:0.010024s ]
INFO: [ view_parse ] --END-- [ RunTime:0.010087s ]
INFO: [ view_filter ] --START--
INFO: Run Behavior\WriteHtmlCacheBehavior [ RunTime:0.000429s ]
INFO: [ view_filter ] --END-- [ RunTime:0.000480s ]
INFO: [ app_end ] --START--
INFO: Run Behavior\ShowPageTraceBehavior [ RunTime:0.000617s ]
INFO: [ app_end ] --END-- [ RunTime:0.000677s ]

[ 2016-04-05T10:14:07+08:00 ] 140.206.97.29 /hellomarkertest/hellomarkeradmin.php/Home/Index/indexShow/
INFO: [ app_init ] --START--
INFO: Run Behavior\BuildLiteBehavior [ RunTime:0.000031s ]
INFO: [ app_init ] --END-- [ RunTime:0.000479s ]
INFO: [ app_begin ] --START--
INFO: Run Behavior\ReadHtmlCacheBehavior [ RunTime:0.000575s ]
INFO: [ app_begin ] --END-- [ RunTime:0.000649s ]
INFO: [ view_parse ] --START--
INFO: [ template_filter ] --START--
INFO: Run Behavior\ContentReplaceBehavior [ RunTime:0.000083s ]
INFO: [ template_filter ] --END-- [ RunTime:0.000151s ]
INFO: Run Behavior\ParseTemplateBehavior [ RunTime:0.007923s ]
INFO: [ view_parse ] --END-- [ RunTime:0.007995s ]
INFO: [ view_filter ] --START--
INFO: Run Behavior\WriteHtmlCacheBehavior [ RunTime:0.000357s ]
INFO: [ view_filter ] --END-- [ RunTime:0.000408s ]
INFO: [ app_end ] --START--
INFO: Run Behavior\ShowPageTraceBehavior [ RunTime:0.000606s ]
INFO: [ app_end ] --END-- [ RunTime:0.000659s ]

[ 2016-04-05T10:14:08+08:00 ] 180.153.214.180 /hellomarkertest/hellomarkeradmin.php/Home/Index/indexShow
INFO: [ app_init ] --START--
INFO: Run Behavior\BuildLiteBehavior [ RunTime:0.000022s ]
INFO: [ app_init ] --END-- [ RunTime:0.000498s ]
INFO: [ app_begin ] --START--
INFO: Run Behavior\ReadHtmlCacheBehavior [ RunTime:0.000620s ]
INFO: [ app_begin ] --END-- [ RunTime:0.000699s ]

[ 2016-04-05T10:14:08+08:00 ] 180.153.214.180 /hellomarkertest/hellomarkeradmin.php/Home/Admin/index.html
INFO: [ app_init ] --START--
INFO: Run Behavior\BuildLiteBehavior [ RunTime:0.000022s ]
INFO: [ app_init ] --END-- [ RunTime:0.000471s ]
INFO: [ app_begin ] --START--
INFO: Run Behavior\ReadHtmlCacheBehavior [ RunTime:0.000581s ]
INFO: [ app_begin ] --END-- [ RunTime:0.000660s ]
INFO: [ view_parse ] --START--
INFO: [ template_filter ] --START--
INFO: Run Behavior\ContentReplaceBehavior [ RunTime:0.000052s ]
INFO: [ template_filter ] --END-- [ RunTime:0.000128s ]
NOTIC: [8] Undefined variable: backFlag /data/home/qxu1152030011/htdocs/hellomarkertest/Hellomarkeradmin/Runtime/Cache/Home/c20890c45e00e43ed8438267dd8ca577.php 第 31 行.
INFO: Run Behavior\ParseTemplateBehavior [ RunTime:0.006653s ]
INFO: [ view_parse ] --END-- [ RunTime:0.006712s ]
INFO: [ view_filter ] --START--
INFO: Run Behavior\WriteHtmlCacheBehavior [ RunTime:0.000463s ]
INFO: [ view_filter ] --END-- [ RunTime:0.000515s ]
INFO: [ app_end ] --START--
INFO: Run Behavior\ShowPageTraceBehavior [ RunTime:0.000635s ]
INFO: [ app_end ] --END-- [ RunTime:0.000695s ]

[ 2016-04-05T10:14:11+08:00 ] 140.206.97.29 /hellomarkertest/hellomarkeradmin.php/Home/Index/shareShow/
INFO: [ app_init ] --START--
INFO: Run Behavior\BuildLiteBehavior [ RunTime:0.000025s ]
INFO: [ app_init ] --END-- [ RunTime:0.000482s ]
INFO: [ app_begin ] --START--
INFO: Run Behavior\ReadHtmlCacheBehavior [ RunTime:0.000605s ]
INFO: [ app_begin ] --END-- [ RunTime:0.000711s ]
SQL: SELECT mk_note.* ,mk_user.username FROM  mk_note,mk_user WHERE mk_note.isshare = 1 AND mk_note.userid = mk_user.userid ORDER BY noteid DESC ; [ RunTime:0.0069s ]
SQL: SELECT  mk_note.* ,mk_user.username FROM  mk_note,mk_user WHERE mk_note.isshare = 1 AND mk_note.userid = mk_user.userid ORDER BY noteid DESC LIMIT 0,10 ; [ RunTime:0.0011s ]
INFO: [ view_parse ] --START--
INFO: [ template_filter ] --START--
INFO: Run Behavior\ContentReplaceBehavior [ RunTime:0.000091s ]
INFO: [ template_filter ] --END-- [ RunTime:0.000162s ]
NOTIC: [8] Undefined variable: backFlag /data/home/qxu1152030011/htdocs/hellomarkertest/Hellomarkeradmin/Runtime/Cache/Home/0755f856fcb1c1730ee2c26c3870a36e.php 第 67 行.
NOTIC: [8] Undefined variable: backFlag /data/home/qxu1152030011/htdocs/hellomarkertest/Hellomarkeradmin/Runtime/Cache/Home/0755f856fcb1c1730ee2c26c3870a36e.php 第 71 行.
NOTIC: [8] Undefined variable: backFlag /data/home/qxu1152030011/htdocs/hellomarkertest/Hellomarkeradmin/Runtime/Cache/Home/0755f856fcb1c1730ee2c26c3870a36e.php 第 75 行.
INFO: Run Behavior\ParseTemplateBehavior [ RunTime:0.010056s ]
INFO: [ view_parse ] --END-- [ RunTime:0.010122s ]
INFO: [ view_filter ] --START--
INFO: Run Behavior\WriteHtmlCacheBehavior [ RunTime:0.000371s ]
INFO: [ view_filter ] --END-- [ RunTime:0.000428s ]
INFO: [ app_end ] --START--
INFO: Run Behavior\ShowPageTraceBehavior [ RunTime:0.000580s ]
INFO: [ app_end ] --END-- [ RunTime:0.000643s ]

[ 2016-04-05T10:14:13+08:00 ] 180.153.201.15 /hellomarkertest/hellomarkeradmin.php/Home/Index/shareShow
INFO: [ app_init ] --START--
INFO: Run Behavior\BuildLiteBehavior [ RunTime:0.000028s ]
INFO: [ app_init ] --END-- [ RunTime:0.000523s ]
INFO: [ app_begin ] --START--
INFO: Run Behavior\ReadHtmlCacheBehavior [ RunTime:0.000639s ]
INFO: [ app_begin ] --END-- [ RunTime:0.000737s ]

[ 2016-04-05T10:14:13+08:00 ] 180.153.201.15 /hellomarkertest/hellomarkeradmin.php/Home/Admin/index.html
INFO: [ app_init ] --START--
INFO: Run Behavior\BuildLiteBehavior [ RunTime:0.000024s ]
INFO: [ app_init ] --END-- [ RunTime:0.000481s ]
INFO: [ app_begin ] --START--
INFO: Run Behavior\ReadHtmlCacheBehavior [ RunTime:0.000598s ]
INFO: [ app_begin ] --END-- [ RunTime:0.000674s ]
INFO: [ view_parse ] --START--
INFO: [ template_filter ] --START--
INFO: Run Behavior\ContentReplaceBehavior [ RunTime:0.000053s ]
INFO: [ template_filter ] --END-- [ RunTime:0.000123s ]
NOTIC: [8] Undefined variable: backFlag /data/home/qxu1152030011/htdocs/hellomarkertest/Hellomarkeradmin/Runtime/Cache/Home/c20890c45e00e43ed8438267dd8ca577.php 第 31 行.
INFO: Run Behavior\ParseTemplateBehavior [ RunTime:0.006981s ]
INFO: [ view_parse ] --END-- [ RunTime:0.007039s ]
INFO: [ view_filter ] --START--
INFO: Run Behavior\WriteHtmlCacheBehavior [ RunTime:0.000349s ]
INFO: [ view_filter ] --END-- [ RunTime:0.000399s ]
INFO: [ app_end ] --START--
INFO: Run Behavior\ShowPageTraceBehavior [ RunTime:0.000699s ]
INFO: [ app_end ] --END-- [ RunTime:0.000780s ]

