[ 2016-03-30T10:04:43+08:00 ] 140.206.97.29 /hellomarkertest/hellomarkeradmin.php
INFO: [ app_init ] --START--
INFO: Run Behavior\BuildLiteBehavior [ RunTime:0.000020s ]
INFO: [ app_init ] --END-- [ RunTime:0.000453s ]
INFO: [ app_begin ] --START--
INFO: Run Behavior\ReadHtmlCacheBehavior [ RunTime:0.000577s ]
INFO: [ app_begin ] --END-- [ RunTime:0.000643s ]

[ 2016-03-30T10:04:43+08:00 ] 140.206.97.29 /hellomarkertest/hellomarkeradmin.php/Home/Admin/index.html
INFO: [ app_init ] --START--
INFO: Run Behavior\BuildLiteBehavior [ RunTime:0.000021s ]
INFO: [ app_init ] --END-- [ RunTime:0.000456s ]
INFO: [ app_begin ] --START--
INFO: Run Behavior\ReadHtmlCacheBehavior [ RunTime:0.000608s ]
INFO: [ app_begin ] --END-- [ RunTime:0.000687s ]
INFO: [ view_parse ] --START--
INFO: [ template_filter ] --START--
INFO: Run Behavior\ContentReplaceBehavior [ RunTime:0.000051s ]
INFO: [ template_filter ] --END-- [ RunTime:0.000120s ]
NOTIC: [8] Undefined variable: backFlag /data/home/qxu1152030011/htdocs/hellomarkertest/Hellomarkeradmin/Runtime/Cache/Home/c20890c45e00e43ed8438267dd8ca577.php 第 31 行.
INFO: Run Behavior\ParseTemplateBehavior [ RunTime:0.017435s ]
INFO: [ view_parse ] --END-- [ RunTime:0.017500s ]
INFO: [ view_filter ] --START--
INFO: Run Behavior\WriteHtmlCacheBehavior [ RunTime:0.000466s ]
INFO: [ view_filter ] --END-- [ RunTime:0.000542s ]
INFO: [ app_end ] --START--
INFO: Run Behavior\ShowPageTraceBehavior [ RunTime:0.000608s ]
INFO: [ app_end ] --END-- [ RunTime:0.000669s ]

[ 2016-03-30T10:04:44+08:00 ] 101.226.66.179 /hellomarkertest/hellomarkeradmin.php/Home/Admin/index.html
INFO: [ app_init ] --START--
INFO: Run Behavior\BuildLiteBehavior [ RunTime:0.000040s ]
INFO: [ app_init ] --END-- [ RunTime:0.000516s ]
INFO: [ app_begin ] --START--
INFO: Run Behavior\ReadHtmlCacheBehavior [ RunTime:0.000735s ]
INFO: [ app_begin ] --END-- [ RunTime:0.000811s ]
INFO: [ view_parse ] --START--
INFO: [ template_filter ] --START--
INFO: Run Behavior\ContentReplaceBehavior [ RunTime:0.000058s ]
INFO: [ template_filter ] --END-- [ RunTime:0.000127s ]
NOTIC: [8] Undefined variable: backFlag /data/home/qxu1152030011/htdocs/hellomarkertest/Hellomarkeradmin/Runtime/Cache/Home/c20890c45e00e43ed8438267dd8ca577.php 第 31 行.
INFO: Run Behavior\ParseTemplateBehavior [ RunTime:0.006629s ]
INFO: [ view_parse ] --END-- [ RunTime:0.006690s ]
INFO: [ view_filter ] --START--
INFO: Run Behavior\WriteHtmlCacheBehavior [ RunTime:0.000351s ]
INFO: [ view_filter ] --END-- [ RunTime:0.000401s ]
INFO: [ app_end ] --START--
INFO: Run Behavior\ShowPageTraceBehavior [ RunTime:0.000630s ]
INFO: [ app_end ] --END-- [ RunTime:0.000688s ]

[ 2016-03-30T10:04:49+08:00 ] 140.206.97.29 /hellomarkertest/hellomarkeradmin.php/Home/Admin/login/
INFO: [ app_init ] --START--
INFO: Run Behavior\BuildLiteBehavior [ RunTime:0.000025s ]
INFO: [ app_init ] --END-- [ RunTime:0.000511s ]
INFO: [ app_begin ] --START--
INFO: Run Behavior\ReadHtmlCacheBehavior [ RunTime:0.000578s ]
INFO: [ app_begin ] --END-- [ RunTime:0.000658s ]
SQL: SELECT * FROM mk_admin WHERE adminname='postbird'; [ RunTime:0.0014s ]

[ 2016-03-30T10:04:49+08:00 ] 140.206.97.29 /hellomarkertest/hellomarkeradmin.php/Home/Index/indexShow.html
INFO: [ app_init ] --START--
INFO: Run Behavior\BuildLiteBehavior [ RunTime:0.000025s ]
INFO: [ app_init ] --END-- [ RunTime:0.000533s ]
INFO: [ app_begin ] --START--
INFO: Run Behavior\ReadHtmlCacheBehavior [ RunTime:0.000630s ]
INFO: [ app_begin ] --END-- [ RunTime:0.000709s ]
INFO: [ view_parse ] --START--
INFO: [ template_filter ] --START--
INFO: Run Behavior\ContentReplaceBehavior [ RunTime:0.000096s ]
INFO: [ template_filter ] --END-- [ RunTime:0.000176s ]
INFO: Run Behavior\ParseTemplateBehavior [ RunTime:0.009395s ]
INFO: [ view_parse ] --END-- [ RunTime:0.009479s ]
INFO: [ view_filter ] --START--
INFO: Run Behavior\WriteHtmlCacheBehavior [ RunTime:0.000336s ]
INFO: [ view_filter ] --END-- [ RunTime:0.000387s ]
INFO: [ app_end ] --START--
INFO: Run Behavior\ShowPageTraceBehavior [ RunTime:0.000770s ]
INFO: [ app_end ] --END-- [ RunTime:0.000830s ]

[ 2016-03-30T10:04:50+08:00 ] 180.153.206.37 /hellomarkertest/hellomarkeradmin.php/Home/Index/indexShow.html
INFO: [ app_init ] --START--
INFO: Run Behavior\BuildLiteBehavior [ RunTime:0.000021s ]
INFO: [ app_init ] --END-- [ RunTime:0.000474s ]
INFO: [ app_begin ] --START--
INFO: Run Behavior\ReadHtmlCacheBehavior [ RunTime:0.000704s ]
INFO: [ app_begin ] --END-- [ RunTime:0.000782s ]

[ 2016-03-30T10:04:50+08:00 ] 180.153.206.37 /hellomarkertest/hellomarkeradmin.php/Home/Admin/index.html
INFO: [ app_init ] --START--
INFO: Run Behavior\BuildLiteBehavior [ RunTime:0.000022s ]
INFO: [ app_init ] --END-- [ RunTime:0.000468s ]
INFO: [ app_begin ] --START--
INFO: Run Behavior\ReadHtmlCacheBehavior [ RunTime:0.000589s ]
INFO: [ app_begin ] --END-- [ RunTime:0.000662s ]
INFO: [ view_parse ] --START--
INFO: [ template_filter ] --START--
INFO: Run Behavior\ContentReplaceBehavior [ RunTime:0.000066s ]
INFO: [ template_filter ] --END-- [ RunTime:0.000148s ]
NOTIC: [8] Undefined variable: backFlag /data/home/qxu1152030011/htdocs/hellomarkertest/Hellomarkeradmin/Runtime/Cache/Home/c20890c45e00e43ed8438267dd8ca577.php 第 31 行.
INFO: Run Behavior\ParseTemplateBehavior [ RunTime:0.006619s ]
INFO: [ view_parse ] --END-- [ RunTime:0.006682s ]
INFO: [ view_filter ] --START--
INFO: Run Behavior\WriteHtmlCacheBehavior [ RunTime:0.000340s ]
INFO: [ view_filter ] --END-- [ RunTime:0.000390s ]
INFO: [ app_end ] --START--
INFO: Run Behavior\ShowPageTraceBehavior [ RunTime:0.000594s ]
INFO: [ app_end ] --END-- [ RunTime:0.000653s ]

[ 2016-03-30T10:04:52+08:00 ] 140.206.97.29 /hellomarkertest/hellomarkeradmin.php/Home/Index/articleAdd/
INFO: [ app_init ] --START--
INFO: Run Behavior\BuildLiteBehavior [ RunTime:0.000024s ]
INFO: [ app_init ] --END-- [ RunTime:0.000489s ]
INFO: [ app_begin ] --START--
INFO: Run Behavior\ReadHtmlCacheBehavior [ RunTime:0.000672s ]
INFO: [ app_begin ] --END-- [ RunTime:0.000763s ]
INFO: [ view_parse ] --START--
INFO: [ template_filter ] --START--
INFO: Run Behavior\ContentReplaceBehavior [ RunTime:0.000096s ]
INFO: [ template_filter ] --END-- [ RunTime:0.000232s ]
NOTIC: [8] Undefined variable: backFlag /data/home/qxu1152030011/htdocs/hellomarkertest/Hellomarkeradmin/Runtime/Cache/Home/7ba9a73bc338631249d95887910823fc.php 第 67 行.
NOTIC: [8] Undefined variable: backFlag /data/home/qxu1152030011/htdocs/hellomarkertest/Hellomarkeradmin/Runtime/Cache/Home/7ba9a73bc338631249d95887910823fc.php 第 71 行.
NOTIC: [8] Undefined variable: backFlag /data/home/qxu1152030011/htdocs/hellomarkertest/Hellomarkeradmin/Runtime/Cache/Home/7ba9a73bc338631249d95887910823fc.php 第 75 行.
NOTIC: [8] Undefined variable: articleRow /data/home/qxu1152030011/htdocs/hellomarkertest/Hellomarkeradmin/Runtime/Cache/Home/7ba9a73bc338631249d95887910823fc.php 第 87 行.
NOTIC: [8] Undefined variable: articleRow /data/home/qxu1152030011/htdocs/hellomarkertest/Hellomarkeradmin/Runtime/Cache/Home/7ba9a73bc338631249d95887910823fc.php 第 91 行.
NOTIC: [8] Undefined variable: articleRow /data/home/qxu1152030011/htdocs/hellomarkertest/Hellomarkeradmin/Runtime/Cache/Home/7ba9a73bc338631249d95887910823fc.php 第 95 行.
NOTIC: [8] Undefined variable: articleRow /data/home/qxu1152030011/htdocs/hellomarkertest/Hellomarkeradmin/Runtime/Cache/Home/7ba9a73bc338631249d95887910823fc.php 第 99 行.
INFO: Run Behavior\ParseTemplateBehavior [ RunTime:0.008814s ]
INFO: [ view_parse ] --END-- [ RunTime:0.008883s ]
INFO: [ view_filter ] --START--
INFO: Run Behavior\WriteHtmlCacheBehavior [ RunTime:0.000367s ]
INFO: [ view_filter ] --END-- [ RunTime:0.000418s ]
INFO: [ app_end ] --START--
INFO: Run Behavior\ShowPageTraceBehavior [ RunTime:0.000591s ]
INFO: [ app_end ] --END-- [ RunTime:0.000650s ]

[ 2016-03-30T10:04:52+08:00 ] 101.226.51.230 /hellomarkertest/hellomarkeradmin.php/Home/Index/articleAdd
INFO: [ app_init ] --START--
INFO: Run Behavior\BuildLiteBehavior [ RunTime:0.000026s ]
INFO: [ app_init ] --END-- [ RunTime:0.000513s ]
INFO: [ app_begin ] --START--
INFO: Run Behavior\ReadHtmlCacheBehavior [ RunTime:0.000631s ]
INFO: [ app_begin ] --END-- [ RunTime:0.000705s ]

[ 2016-03-30T10:04:52+08:00 ] 101.226.51.230 /hellomarkertest/hellomarkeradmin.php/Home/Admin/index.html
INFO: [ app_init ] --START--
INFO: Run Behavior\BuildLiteBehavior [ RunTime:0.000022s ]
INFO: [ app_init ] --END-- [ RunTime:0.000501s ]
INFO: [ app_begin ] --START--
INFO: Run Behavior\ReadHtmlCacheBehavior [ RunTime:0.000583s ]
INFO: [ app_begin ] --END-- [ RunTime:0.000658s ]
INFO: [ view_parse ] --START--
INFO: [ template_filter ] --START--
INFO: Run Behavior\ContentReplaceBehavior [ RunTime:0.000053s ]
INFO: [ template_filter ] --END-- [ RunTime:0.000122s ]
NOTIC: [8] Undefined variable: backFlag /data/home/qxu1152030011/htdocs/hellomarkertest/Hellomarkeradmin/Runtime/Cache/Home/c20890c45e00e43ed8438267dd8ca577.php 第 31 行.
INFO: Run Behavior\ParseTemplateBehavior [ RunTime:0.006489s ]
INFO: [ view_parse ] --END-- [ RunTime:0.006553s ]
INFO: [ view_filter ] --START--
INFO: Run Behavior\WriteHtmlCacheBehavior [ RunTime:0.000354s ]
INFO: [ view_filter ] --END-- [ RunTime:0.000404s ]
INFO: [ app_end ] --START--
INFO: Run Behavior\ShowPageTraceBehavior [ RunTime:0.000594s ]
INFO: [ app_end ] --END-- [ RunTime:0.000653s ]

[ 2016-03-30T10:12:07+08:00 ] 140.206.97.29 /hellomarkertest/hellomarkeradmin.php/Home/Index/articleAddWork
INFO: [ app_init ] --START--
INFO: Run Behavior\BuildLiteBehavior [ RunTime:0.000026s ]
INFO: [ app_init ] --END-- [ RunTime:0.000630s ]
INFO: [ app_begin ] --START--
INFO: Run Behavior\ReadHtmlCacheBehavior [ RunTime:0.000594s ]
INFO: [ app_begin ] --END-- [ RunTime:0.000664s ]
SQL: INSERT INTO mk_article (articlename,articletime,articlefrom,articleabout,articlecontent) VALUES('就算用导航也找不到的那些绝世小店','2016-03-30',' 魔都吃货小分队','藏在莫干山艺术展厅中的店,
开在巡捕房里的米其林大厨餐厅,
找一棵大树才能喝到的果汁,
建在办公楼顶的阶梯教室,
隐身于买手店的咖啡小馆,
.....
同样在上海，
你却与它无数次擦肩而过的那些小店.','&lt;section style=\&quot;margin:5px 5px 0px;padding:0px;max-width:100%;color:#3E3E3E;font-family:\'Hiragino Sans GB\', \'Microsoft YaHei\', Arial, sans-serif;font-size:16px;line-height:25.6px;white-space:normal;widows:auto;text-align:center;box-sizing:border-box !important;word-wrap:break-word !important;background-color:#FFFFFF;\&quot;&gt;&lt;strong style=\&quot;margin:0px;padding:0px;max-width:100%;box-sizing:border-box !important;word-wrap:break-word !important;\&quot;&gt;&lt;span style=\&quot;margin:0px;padding:0px;max-width:100%;box-sizing:border-box !important;word-wrap:break-word !important;font-size:18px;color:#D92142;\&quot;&gt;月球&lt;/span&gt;&lt;span class=\&quot;135brush\&quot; data-brushtype=\&quot;text\&quot; style=\&quot;margin:0px;padding:0px;max-width:100%;box-sizing:border-box !important;word-wrap:break-word !important;color:inherit;font-size:18px;\&quot;&gt;咖啡&lt;/span&gt;&lt;/strong&gt;&lt;/section&gt;&lt;section style=\&quot;margin:2px 1em;padding:0px;max-width:100%;box-sizing:border-box;color:#3E3E3E;font-family:\'Hiragino Sans GB\', \'Microsoft YaHei\', Arial, sans-serif;white-space:normal;widows:auto;border:0px #212122;border-image-source:none;text-align:center;word-wrap:break-word !important;background-color:#FFFFFF;\&quot;&gt;&lt;section data-width=\&quot;40%\&quot; style=\&quot;margin:0px;padding:2px 2px 0px;max-width:100%;box-sizing:border-box;word-wrap:break-word !important;width:258.390625px;border-top-width:3px;border-top-style:solid;border-top-color:#212122;color:#000000;font-size:14px;border-bottom-width:1px;border-bottom-style:solid;border-bottom-color:#212122;display:inline-block;\&quot;&gt;&lt;/section&gt;
&lt;p style=\&quot;margin:0px 2px;padding:0px;max-width:100%;box-sizing:border-box !important;word-wrap:break-word !important;\&quot;&gt;
	一扇临街&lt;strong style=\&quot;margin:0px;padding:0px;max-width:100%;box-sizing:border-box !important;word-wrap:break-word !important;\&quot;&gt;&lt;span style=\&quot;margin:0px;padding:0px;max-width:100%;box-sizing:border-box !important;word-wrap:break-word !important;color:#D92142;\&quot;&gt;小窗&lt;/span&gt;&lt;/strong&gt;里的咖啡世界
&lt;/p&gt;
&lt;p style=\&quot;margin:0px 2px;padding:0px;max-width:100%;box-sizing:border-box !important;word-wrap:break-word !important;\&quot;&gt;
	&lt;br /&gt;
&lt;/p&gt;
&lt;p style=\&quot;margin:0px 2px;padding:0px;max-width:100%;box-sizing:border-box !important;word-wrap:break-word !important;\&quot;&gt;
	&lt;img src=\&quot;http://mmbiz.qpic.cn/mmbiz/8de8zXW88LZT1nb6kEj1VyertWiavGZoJa7LuCxw4P3WJDTHpZ12jpYpg6PkY0NzAXsdCrjUCTlylxnI0H4LN6A/640?wx_fmt=jpeg&amp;tp=webp&amp;wxfrom=5&amp;wx_lazy=1\&quot; width=\&quot;200\&quot; height=\&quot;200\&quot; alt=\&quot;\&quot; /&gt;
&lt;/p&gt;
&lt;p style=\&quot;margin:0px 2px;padding:0px;max-width:100%;box-sizing:border-box !important;word-wrap:break-word !important;\&quot;&gt;
	&lt;br /&gt;
&lt;/p&gt;
&lt;p style=\&quot;margin:0px 2px;padding:0px;max-width:100%;box-sizing:border-box !important;word-wrap:break-word !important;\&quot;&gt;
	&lt;span style=\&quot;color:#888888;font-family:\'Hiragino Sans GB\', \'Microsoft YaHei\', Arial, sans-serif;font-size:14px;line-height:22.4px;white-space:pre-wrap;widows:auto;background-color:#FFFFFF;\&quot;&gt;小小的窗口，还有并不是很明显的店招，一切都那么随意不张扬，路过很容易就忽视的小店，里面确是处处都生趣。&lt;/span&gt;
&lt;/p&gt;
&lt;p style=\&quot;margin:0px 2px;padding:0px;max-width:100%;box-sizing:border-box !important;word-wrap:break-word !important;\&quot;&gt;
	&lt;img src=\&quot;http://mmbiz.qpic.cn/mmbiz/8de8zXW88LZT1nb6kEj1VyertWiavGZoJDTwkdYGyk2bUm4QzcEUERicfW08QUccAXE1qUfF17nUynkYFA0yIIdQ/640?wx_fmt=jpeg&amp;tp=webp&amp;wxfrom=5&amp;wx_lazy=1\&quot; width=\&quot;200\&quot; height=\&quot;200\&quot; title=\&quot;hellomarker\&quot; alt=\&quot;hellomarker\&quot; /&gt;
&lt;/p&gt;
&lt;p style=\&quot;margin:0px 2px;padding:0px;max-width:100%;box-sizing:border-box !important;word-wrap:break-word !important;\&quot;&gt;
	&lt;br /&gt;
&lt;/p&gt;
&lt;p style=\&quot;margin:0px 2px;padding:0px;max-width:100%;box-sizing:border-box !important;word-wrap:break-word !important;\&quot;&gt;
	&lt;span style=\&quot;color:#888888;font-family:\'Hiragino Sans GB\', \'Microsoft YaHei\', Arial, sans-serif;font-size:14px;line-height:22.4px;white-space:pre-wrap;widows:auto;background-color:#FFFFFF;\&quot;&gt;隐于市井的这家店有着一种让人安静的力量，不是冷而是温馨。&lt;/span&gt;
&lt;/p&gt;
&lt;p style=\&quot;margin:0px 2px;padding:0px;max-width:100%;box-sizing:border-box !important;word-wrap:break-word !important;\&quot;&gt;
	&lt;span style=\&quot;color:#888888;font-family:\'Hiragino Sans GB\', \'Microsoft YaHei\', Arial, sans-serif;font-size:14px;line-height:22.4px;white-space:pre-wrap;widows:auto;background-color:#FFFFFF;\&quot;&gt;&lt;br /&gt;
&lt;/span&gt;
&lt;/p&gt;
&lt;p style=\&quot;margin:0px 2px;padding:0px;max-width:100%;box-sizing:border-box !important;word-wrap:break-word !important;\&quot;&gt;
	&lt;img src=\&quot;http://mmbiz.qpic.cn/mmbiz/8de8zXW88LZT1nb6kEj1VyertWiavGZoJq0ibs2fS311jwHU9ia4Acu9UsE3M7xvfR6iaFSiaiauyU9vAMRNibRfFloFw/640?wx_fmt=jpeg&amp;tp=webp&amp;wxfrom=5&amp;wx_lazy=1\&quot; width=\&quot;200\&quot; height=\&quot;200\&quot; title=\&quot;hellomarker\&quot; alt=\&quot;hellomarker\&quot; /&gt;
&lt;/p&gt;
&lt;p style=\&quot;margin:0px 2px;padding:0px;max-width:100%;box-sizing:border-box !important;word-wrap:break-word !important;\&quot;&gt;
	&lt;br /&gt;
&lt;/p&gt;
&lt;p style=\&quot;margin:0px 2px;padding:0px;max-width:100%;box-sizing:border-box !important;word-wrap:break-word !important;\&quot;&gt;
	&lt;span style=\&quot;color:#888888;font-family:\'Helvetica Neue\', Helvetica, \'Hiragino Sans GB\', \'Microsoft YaHei\', Arial, sans-serif;font-size:14px;line-height:22.4px;white-space:pre-wrap;background-color:#FFFFFF;\&quot;&gt;这个兔星人的世界嘛！一进来就萌一脸口水喔~&lt;/span&gt;
&lt;/p&gt;
&lt;p style=\&quot;margin:0px 2px;padding:0px;max-width:100%;box-sizing:border-box !important;word-wrap:break-word !important;\&quot;&gt;
	&lt;img src=\&quot;http://mmbiz.qpic.cn/mmbiz/8de8zXW88LZT1nb6kEj1VyertWiavGZoJlibWmd1lcWTxV8bsNW8vnAYZqjxe8PnWPSmLf4AgIY6fsLB9JOjauJA/640?wx_fmt=jpeg&amp;tp=webp&amp;wxfrom=5&amp;wx_lazy=1\&quot; width=\&quot;200\&quot; height=\&quot;200\&quot; title=\&quot;hellomarker\&quot; alt=\&quot;hellomarker\&quot; /&gt;
&lt;/p&gt;
&lt;p style=\&quot;margin:0px 2px;padding:0px;max-width:100%;box-sizing:border-box !important;word-wrap:break-word !important;\&quot;&gt;
	&lt;br /&gt;
&lt;/p&gt;
&lt;p style=\&quot;margin:0px 2px;padding:0px;max-width:100%;box-sizing:border-box !important;word-wrap:break-word !important;\&quot;&gt;
	&lt;span style=\&quot;color:#888888;font-family:\'Helvetica Neue\', Helvetica, \'Hiragino Sans GB\', \'Microsoft YaHei\', Arial, sans-serif;font-size:14px;line-height:22.4px;white-space:pre-wrap;background-color:#FFFFFF;\&quot;&gt;手写的价目单里是一颗匠人之心，每一笔都是认真的态度。&lt;/span&gt;
&lt;/p&gt;
&lt;p style=\&quot;margin:0px 2px;padding:0px;max-width:100%;box-sizing:border-box !important;word-wrap:break-word !important;\&quot;&gt;
	&lt;span style=\&quot;color:#888888;font-family:\'Helvetica Neue\', Helvetica, \'Hiragino Sans GB\', \'Microsoft YaHei\', Arial, sans-serif;font-size:14px;line-height:22.4px;white-space:pre-wrap;background-color:#FFFFFF;\&quot;&gt;&lt;br /&gt;
&lt;/span&gt;
&lt;/p&gt;
&lt;p style=\&quot;margin:0px 2px;padding:0px;max-width:100%;box-sizing:border-box !important;word-wrap:break-word !important;\&quot;&gt;
	&lt;img src=\&quot;http://mmbiz.qpic.cn/mmbiz/8de8zXW88LZT1nb6kEj1VyertWiavGZoJlrS220j29Kqpok65bUiartzqDgBkoES1FUXMh3FxNZSd796s9CfJ0Nw/640?wx_fmt=jpeg&amp;tp=webp&amp;wxfrom=5&amp;wx_lazy=1\&quot; width=\&quot;200\&quot; height=\&quot;200\&quot; title=\&quot;hellomarker\&quot; alt=\&quot;hellomarker\&quot; /&gt;
&lt;/p&gt;
&lt;p style=\&quot;margin:0px 2px;padding:0px;max-width:100%;box-sizing:border-box !important;word-wrap:break-word !important;\&quot;&gt;
	&lt;br /&gt;
&lt;/p&gt;
&lt;p style=\&quot;margin:0px 2px;padding:0px;max-width:100%;box-sizing:border-box !important;word-wrap:break-word !important;\&quot;&gt;
	&lt;span style=\&quot;color:#888888;font-family:\'Helvetica Neue\', Helvetica, \'Hiragino Sans GB\', \'Microsoft YaHei\', Arial, sans-serif;font-size:14px;line-height:22.4px;white-space:pre-wrap;background-color:#FFFFFF;\&quot;&gt;来这儿的大都会点一杯手冲，价格还好，39到75元不等。&lt;/span&gt;
&lt;/p&gt;
&lt;p style=\&quot;margin:0px 2px;padding:0px;max-width:100%;box-sizing:border-box !important;word-wrap:break-word !important;\&quot;&gt;
	&lt;span style=\&quot;color:#888888;font-family:\'Helvetica Neue\', Helvetica, \'Hiragino Sans GB\', \'Microsoft YaHei\', Arial, sans-serif;font-size:14px;line-height:22.4px;white-space:pre-wrap;background-color:#FFFFFF;\&quot;&gt;&lt;br /&gt;
&lt;/span&gt;
&lt;/p&gt;
&lt;p style=\&quot;margin:0px 2px;padding:0px;max-width:100%;box-sizing:border-box !important;word-wrap:break-word !important;\&quot;&gt;
	&lt;img src=\&quot;http://mmbiz.qpic.cn/mmbiz/8de8zXW88LZT1nb6kEj1VyertWiavGZoJgjwx5qTCAtPmEicmTZbWVYSVp9sC23AdSNltvaibEIrbJ1oksT1tJXjA/640?wx_fmt=jpeg&amp;tp=webp&amp;wxfrom=5&amp;wx_lazy=1\&quot; width=\&quot;200\&quot; height=\&quot;200\&quot; title=\&quot;hellomarker\&quot; alt=\&quot;hellomarker\&quot; /&gt;
&lt;/p&gt;
&lt;p style=\&quot;margin:0px 2px;padding:0px;max-width:100%;box-sizing:border-box !important;word-wrap:break-word !important;\&quot;&gt;
	&lt;br /&gt;
&lt;/p&gt;
&lt;p style=\&quot;margin:0px 2px;padding:0px;max-width:100%;box-sizing:border-box !important;word-wrap:break-word !important;\&quot;&gt;
	&lt;span style=\&quot;color:#888888;font-family:\'Helvetica Neue\', Helvetica, \'Hiragino Sans GB\', \'Microsoft YaHei\', Arial, sans-serif;font-size:14px;line-height:22.4px;white-space:pre-wrap;background-color:#FFFFFF;\&quot;&gt;咖啡师不会说太多的话，会专注着手里的工作。&lt;/span&gt;
&lt;/p&gt;
&lt;p style=\&quot;margin:0px 2px;padding:0px;max-width:100%;box-sizing:border-box !important;word-wrap:break-word !important;\&quot;&gt;
	&lt;span style=\&quot;color:#888888;font-family:\'Helvetica Neue\', Helvetica, \'Hiragino Sans GB\', \'Microsoft YaHei\', Arial, sans-serif;font-size:14px;line-height:22.4px;white-space:pre-wrap;background-color:#FFFFFF;\&quot;&gt;&lt;br /&gt;
&lt;/span&gt;
&lt;/p&gt;
&lt;p style=\&quot;margin:0px 2px;padding:0px;max-width:100%;box-sizing:border-box !important;word-wrap:break-word !important;\&quot;&gt;
	&lt;span style=\&quot;color:#888888;font-family:\'Helvetica Neue\', Helvetica, \'Hiragino Sans GB\', \'Microsoft YaHei\', Arial, sans-serif;font-size:14px;line-height:22.4px;white-space:pre-wrap;background-color:#FFFFFF;\&quot;&gt;&lt;img src=\&quot;http://mmbiz.qpic.cn/mmbiz/8de8zXW88LZT1nb6kEj1VyertWiavGZoJbokHHRXWxKpHD5CmugPicpuoqkAVg4zu69yTjgVSHxu6gOVnibsYBZPA/640?wx_fmt=jpeg&amp;tp=webp&amp;wxfrom=5&amp;wx_lazy=1\&quot; width=\&quot;200\&quot; height=\&quot;200\&quot; title=\&quot;hellomarker\&quot; alt=\&quot;hellomarker\&quot; /&gt;&lt;br /&gt;
&lt;/span&gt;
&lt;/p&gt;
&lt;p style=\&quot;margin:0px 2px;padding:0px;max-width:100%;box-sizing:border-box !important;word-wrap:break-word !important;\&quot;&gt;
	&lt;span style=\&quot;color:#888888;font-family:\'Helvetica Neue\', Helvetica, \'Hiragino Sans GB\', \'Microsoft YaHei\', Arial, sans-serif;font-size:14px;line-height:22.4px;white-space:pre-wrap;background-color:#FFFFFF;\&quot;&gt;&lt;br /&gt;
&lt;/span&gt;
&lt;/p&gt;
&lt;p style=\&quot;margin:0px 2px;padding:0px;max-width:100%;box-sizing:border-box !important;word-wrap:break-word !important;\&quot;&gt;
	&lt;span style=\&quot;color:#888888;font-family:\'Helvetica Neue\', Helvetica, \'Hiragino Sans GB\', \'Microsoft YaHei\', Arial, sans-serif;font-size:14px;line-height:22.4px;white-space:pre-wrap;background-color:#FFFFFF;\&quot;&gt;&lt;span style=\&quot;color:#888888;font-family:\'Helvetica Neue\', Helvetica, \'Hiragino Sans GB\', \'Microsoft YaHei\', Arial, sans-serif;font-size:14px;line-height:22.4px;white-space:pre-wrap;background-color:#FFFFFF;\&quot;&gt;这里有很多亲自去产地挑来的各种咖啡豆，一罐罐地摆放。&lt;/span&gt;&lt;/span&gt;
&lt;/p&gt;
&lt;p style=\&quot;margin:0px 2px;padding:0px;max-width:100%;box-sizing:border-box !important;word-wrap:break-word !important;\&quot;&gt;
	&lt;span style=\&quot;color:#888888;font-family:\'Helvetica Neue\', Helvetica, \'Hiragino Sans GB\', \'Microsoft YaHei\', Arial, sans-serif;font-size:14px;line-height:22.4px;white-space:pre-wrap;background-color:#FFFFFF;\&quot;&gt;&lt;span style=\&quot;color:#888888;font-family:\'Helvetica Neue\', Helvetica, \'Hiragino Sans GB\', \'Microsoft YaHei\', Arial, sans-serif;font-size:14px;line-height:22.4px;white-space:pre-wrap;background-color:#FFFFFF;\&quot;&gt;&lt;br /&gt;
&lt;/span&gt;&lt;/span&gt;
&lt;/p&gt;
&lt;p style=\&quot;margin:0px 2px;padding:0px;max-width:100%;box-sizing:border-box !important;word-wrap:break-word !important;\&quot;&gt;
	&lt;span style=\&quot;color:#888888;font-family:\'Helvetica Neue\', Helvetica, \'Hiragino Sans GB\', \'Microsoft YaHei\', Arial, sans-serif;font-size:14px;line-height:22.4px;white-space:pre-wrap;background-color:#FFFFFF;\&quot;&gt;&lt;img src=\&quot;http://mmbiz.qpic.cn/mmbiz/8de8zXW88LZT1nb6kEj1VyertWiavGZoJcBnRqjIz9mKlm2SwG9j3VlmGLKvs6ajcBKeiaP6YZqqzc0icsHKIn3Wg/640?wx_fmt=jpeg&amp;tp=webp&amp;wxfrom=5&amp;wx_lazy=1\&quot; width=\&quot;200\&quot; height=\&quot;200\&quot; title=\&quot;hellomarker\&quot; alt=\&quot;hellomarker\&quot; /&gt;&lt;br /&gt;
&lt;/span&gt;
&lt;/p&gt;
&lt;p style=\&quot;margin:0px 2px;padding:0px;max-width:100%;box-sizing:border-box !important;word-wrap:break-word !important;\&quot;&gt;
	&lt;span style=\&quot;color:#888888;font-family:\'Helvetica Neue\', Helvetica, \'Hiragino Sans GB\', \'Microsoft YaHei\', Arial, sans-serif;font-size:14px;line-height:22.4px;white-space:pre-wrap;background-color:#FFFFFF;\&quot;&gt;&lt;br /&gt;
&lt;/span&gt;
&lt;/p&gt;
&lt;p style=\&quot;margin:0px 2px;padding:0px;max-width:100%;box-sizing:border-box !important;word-wrap:break-word !important;\&quot;&gt;
	&lt;span style=\&quot;color:#888888;font-family:\'Helvetica Neue\', Helvetica, \'Hiragino Sans GB\', \'Microsoft YaHei\', Arial, sans-serif;font-size:14px;line-height:22.4px;white-space:pre-wrap;background-color:#FFFFFF;\&quot;&gt;&lt;span style=\&quot;color:#888888;font-family:\'Helvetica Neue\', Helvetica, \'Hiragino Sans GB\', \'Microsoft YaHei\', Arial, sans-serif;font-size:14px;line-height:22.4px;white-space:pre-wrap;background-color:#FFFFFF;\&quot;&gt;这里的拿铁会更浓一点，厚重一点，偏爱这一口的应该尝一下。&lt;/span&gt;&lt;/span&gt;
&lt;/p&gt;
&lt;p style=\&quot;margin:0px 2px;padding:0px;max-width:100%;box-sizing:border-box !important;word-wrap:break-word !important;\&quot;&gt;
	&lt;span style=\&quot;color:#888888;font-family:\'Helvetica Neue\', Helvetica, \'Hiragino Sans GB\', \'Microsoft YaHei\', Arial, sans-serif;font-size:14px;line-height:22.4px;white-space:pre-wrap;background-color:#FFFFFF;\&quot;&gt;&lt;span style=\&quot;color:#888888;font-family:\'Helvetica Neue\', Helvetica, \'Hiragino Sans GB\', \'Microsoft YaHei\', Arial, sans-serif;font-size:14px;line-height:22.4px;white-space:pre-wrap;background-color:#FFFFFF;\&quot;&gt;&lt;br /&gt;
&lt;/span&gt;&lt;/span&gt;
&lt;/p&gt;
&lt;p style=\&quot;margin:0px 2px;padding:0px;max-width:100%;box-sizing:border-box !important;word-wrap:break-word !important;\&quot;&gt;
	&lt;span style=\&quot;color:#888888;font-family:\'Helvetica Neue\', Helvetica, \'Hiragino Sans GB\', \'Microsoft YaHei\', Arial, sans-serif;font-size:14px;line-height:22.4px;white-space:pre-wrap;background-color:#FFFFFF;\&quot;&gt;&lt;img src=\&quot;http://mmbiz.qpic.cn/mmbiz/8de8zXW88LZT1nb6kEj1VyertWiavGZoJwqgJZHxuyibfpsydFed2RX1QxTic9fNibmPxVOdFeoSeRpMria4GPEvRbw/640?wx_fmt=jpeg&amp;tp=webp&amp;wxfrom=5&amp;wx_lazy=1\&quot; width=\&quot;200\&quot; height=\&quot;200\&quot; title=\&quot;HELLOMARKER\&quot; alt=\&quot;HELLOMARKER\&quot; /&gt;&lt;br /&gt;
&lt;/span&gt;
&lt;/p&gt;
&lt;p style=\&quot;margin:0px 2px;padding:0px;max-width:100%;box-sizing:border-box !important;word-wrap:break-word !important;\&quot;&gt;
	&lt;span style=\&quot;color:#888888;font-family:\'Helvetica Neue\', Helvetica, \'Hiragino Sans GB\', \'Microsoft YaHei\', Arial, sans-serif;font-size:14px;line-height:22.4px;white-space:pre-wrap;background-color:#FFFFFF;\&quot;&gt;&lt;br /&gt;
&lt;/span&gt;
&lt;/p&gt;
&lt;p style=\&quot;margin:0px 2px;padding:0px;max-width:100%;box-sizing:border-box !important;word-wrap:break-word !important;\&quot;&gt;
	&lt;span style=\&quot;color:#888888;font-family:\'Helvetica Neue\', Helvetica, \'Hiragino Sans GB\', \'Microsoft YaHei\', Arial, sans-serif;font-size:14px;line-height:22.4px;white-space:pre-wrap;background-color:#FFFFFF;\&quot;&gt;&lt;span style=\&quot;color:#888888;font-family:\'Helvetica Neue\', Helvetica, \'Hiragino Sans GB\', \'Microsoft YaHei\', Arial, sans-serif;font-size:14px;line-height:22.4px;white-space:pre-wrap;background-color:#FFFFFF;\&quot;&gt;配上一块芝士蛋糕，下午茶时间就这么打发了。&lt;/span&gt;&lt;/span&gt;
&lt;/p&gt;
&lt;p style=\&quot;margin:0px 2px;padding:0px;max-width:100%;box-sizing:border-box !important;word-wrap:break-word !important;\&quot;&gt;
	&lt;span style=\&quot;color:#888888;font-family:\'Helvetica Neue\', Helvetica, \'Hiragino Sans GB\', \'Microsoft YaHei\', Arial, sans-serif;font-size:14px;line-height:22.4px;white-space:pre-wrap;background-color:#FFFFFF;\&quot;&gt;&lt;span style=\&quot;color:#888888;font-family:\'Helvetica Neue\', Helvetica, \'Hiragino Sans GB\', \'Microsoft YaHei\', Arial, sans-serif;font-size:14px;line-height:22.4px;white-space:pre-wrap;background-color:#FFFFFF;\&quot;&gt;&lt;br /&gt;
&lt;/span&gt;&lt;/span&gt;
&lt;/p&gt;
&lt;p style=\&quot;margin:0px 2px;padding:0px;max-width:100%;box-sizing:border-box !important;word-wrap:break-word !important;\&quot;&gt;
	&lt;span style=\&quot;color:#888888;font-family:\'Helvetica Neue\', Helvetica, \'Hiragino Sans GB\', \'Microsoft YaHei\', Arial, sans-serif;font-size:14px;line-height:22.4px;white-space:pre-wrap;background-color:#FFFFFF;\&quot;&gt;&lt;img src=\&quot;http://mmbiz.qpic.cn/mmbiz/8de8zXW88LZT1nb6kEj1VyertWiavGZoJKHBeh1HmdpJiaRz05FDYGxOdbZDeGehWIJFGdkx1AEoOyQ89JcVuyzg/640?wx_fmt=jpeg&amp;tp=webp&amp;wxfrom=5&amp;wx_lazy=1\&quot; width=\&quot;200\&quot; height=\&quot;200\&quot; title=\&quot;hellomarker\&quot; alt=\&quot;hellomarker\&quot; /&gt;&lt;br /&gt;
&lt;/span&gt;
&lt;/p&gt;
&lt;p style=\&quot;margin:0px 2px;padding:0px;max-width:100%;box-sizing:border-box !important;word-wrap:break-word !important;\&quot;&gt;
	&lt;span style=\&quot;color:#888888;font-family:\'Helvetica Neue\', Helvetica, \'Hiragino Sans GB\', \'Microsoft YaHei\', Arial, sans-serif;font-size:14px;line-height:22.4px;white-space:pre-wrap;background-color:#FFFFFF;\&quot;&gt;&lt;br /&gt;
&lt;/span&gt;
&lt;/p&gt;
&lt;p style=\&quot;margin:0px 2px;padding:0px;max-width:100%;box-sizing:border-box !important;word-wrap:break-word !important;\&quot;&gt;
	&lt;span style=\&quot;color:#888888;font-family:\'Helvetica Neue\', Helvetica, \'Hiragino Sans GB\', \'Microsoft YaHei\', Arial, sans-serif;font-size:14px;line-height:22.4px;white-space:pre-wrap;background-color:#FFFFFF;\&quot;&gt;&lt;span style=\&quot;color:#888888;font-family:\'Helvetica Neue\', Helvetica, \'Hiragino Sans GB\', \'Microsoft YaHei\', Arial, sans-serif;font-size:14px;line-height:22.4px;white-space:pre-wrap;background-color:#FFFFFF;\&quot;&gt;还有当日现做的甜品，也是不错的选择。&lt;/span&gt;&lt;/span&gt;
&lt;/p&gt;
&lt;p style=\&quot;margin:0px 2px;padding:0px;max-width:100%;box-sizing:border-box !important;word-wrap:break-word !important;\&quot;&gt;
	&lt;span style=\&quot;color:#888888;font-family:\'Helvetica Neue\', Helvetica, \'Hiragino Sans GB\', \'Microsoft YaHei\', Arial, sans-serif;font-size:14px;line-height:22.4px;white-space:pre-wrap;background-color:#FFFFFF;\&quot;&gt;&lt;span style=\&quot;color:#888888;font-family:\'Helvetica Neue\', Helvetica, \'Hiragino Sans GB\', \'Microsoft YaHei\', Arial, sans-serif;font-size:14px;line-height:22.4px;white-space:pre-wrap;background-color:#FFFFFF;\&quot;&gt;&lt;br /&gt;
&lt;/span&gt;&lt;/span&gt;
&lt;/p&gt;
&lt;p style=\&quot;margin:0px 2px;padding:0px;max-width:100%;box-sizing:border-box !important;word-wrap:break-word !important;\&quot;&gt;
	&lt;span style=\&quot;color:#888888;font-family:\'Helvetica Neue\', Helvetica, \'Hiragino Sans GB\', \'Microsoft YaHei\', Arial, sans-serif;font-size:14px;line-height:22.4px;white-space:pre-wrap;background-color:#FFFFFF;\&quot;&gt;&lt;img src=\&quot;http://mmbiz.qpic.cn/mmbiz/8de8zXW88LZT1nb6kEj1VyertWiavGZoJ3mvWOCDria2LlO3WqrvDAzbtJTtITibzDT4IK7VcklWl2spKJ8GbePkg/640?wx_fmt=jpeg&amp;tp=webp&amp;wxfrom=5&amp;wx_lazy=1\&quot; width=\&quot;200\&quot; height=\&quot;200\&quot; title=\&quot;hellomarker\&quot; alt=\&quot;hellomarker\&quot; /&gt;&lt;br /&gt;
&lt;/span&gt;
&lt;/p&gt;
&lt;p style=\&quot;margin:0px 2px;padding:0px;max-width:100%;box-sizing:border-box !important;word-wrap:break-word !important;\&quot;&gt;
	&lt;p style=\&quot;text-align:left;margin-top:0px;margin-bottom:0px;padding:0px;max-width:100%;clear:both;min-height:1em;white-space:pre-wrap;color:#3E3E3E;font-family:\'Helvetica Neue\', Helvetica, \'Hiragino Sans GB\', \'Microsoft YaHei\', Arial, sans-serif;font-size:16px;line-height:25.6px;box-sizing:border-box !important;background-color:#FFFFFF;\&quot;&gt;
		&lt;span style=\&quot;margin:0px;padding:0px;max-width:100%;box-sizing:border-box !important;word-wrap:break-word !important;font-size:14px;\&quot;&gt;【地址】：安福路275弄9-B&lt;/span&gt;
	&lt;/p&gt;
	&lt;p style=\&quot;text-align:left;margin-top:0px;margin-bottom:0px;padding:0px;max-width:100%;clear:both;min-height:1em;white-space:pre-wrap;color:#3E3E3E;font-family:\'Helvetica Neue\', Helvetica, \'Hiragino Sans GB\', \'Microsoft YaHei\', Arial, sans-serif;font-size:16px;line-height:25.6px;box-sizing:border-box !important;background-color:#FFFFFF;\&quot;&gt;
		&lt;span style=\&quot;margin:0px;padding:0px;max-width:100%;box-sizing:border-box !important;word-wrap:break-word !important;font-size:14px;\&quot;&gt;【人均】：43元&lt;/span&gt;
	&lt;/p&gt;
	&lt;p style=\&quot;text-align:left;margin-top:0px;margin-bottom:0px;padding:0px;max-width:100%;clear:both;min-height:1em;white-space:pre-wrap;color:#3E3E3E;font-family:\'Helvetica Neue\', Helvetica, \'Hiragino Sans GB\', \'Microsoft YaHei\', Arial, sans-serif;font-size:16px;line-height:25.6px;box-sizing:border-box !important;background-color:#FFFFFF;\&quot;&gt;
		&lt;span style=\&quot;margin:0px;padding:0px;max-width:100%;box-sizing:border-box !important;word-wrap:break-word !important;line-height:25.6px;font-size:14px;\&quot;&gt;【难发现指数】：★★★★☆&lt;/span&gt;
	&lt;/p&gt;
&lt;/p&gt;
&lt;p style=\&quot;text-align:left;margin:0px 2px;padding:0px;max-width:100%;box-sizing:border-box !important;word-wrap:break-word !important;\&quot;&gt;
	&lt;span style=\&quot;color:#888888;font-family:\'Helvetica Neue\', Helvetica, \'Hiragino Sans GB\', \'Microsoft YaHei\', Arial, sans-serif;font-size:14px;line-height:22.4px;white-space:pre-wrap;background-color:#FFFFFF;\&quot;&gt;&lt;br /&gt;
&lt;/span&gt;
&lt;/p&gt;
&lt;/section&gt;'); [ RunTime:0.0324s ]
SQL: SELECT mk_article.* FROM mk_article  ORDER BY articletop DESC,articleid DESC; [ RunTime:0.0067s ]
SQL: SELECT mk_article.* FROM mk_article  ORDER BY articletop DESC ,  articleid DESC LIMIT 0,10 ; [ RunTime:0.0024s ]
INFO: [ view_parse ] --START--
INFO: [ template_filter ] --START--
INFO: Run Behavior\ContentReplaceBehavior [ RunTime:0.000112s ]
INFO: [ template_filter ] --END-- [ RunTime:0.000223s ]
INFO: Run Behavior\ParseTemplateBehavior [ RunTime:0.010745s ]
INFO: [ view_parse ] --END-- [ RunTime:0.010833s ]
INFO: [ view_filter ] --START--
INFO: Run Behavior\WriteHtmlCacheBehavior [ RunTime:0.000431s ]
INFO: [ view_filter ] --END-- [ RunTime:0.000510s ]
INFO: [ app_end ] --START--
INFO: Run Behavior\ShowPageTraceBehavior [ RunTime:0.000661s ]
INFO: [ app_end ] --END-- [ RunTime:0.000717s ]

[ 2016-03-30T10:12:16+08:00 ] 101.226.69.246 /hellomarkertest/hellomarkeradmin.php/Home/Index/changeArticle/id/7
INFO: [ app_init ] --START--
INFO: Run Behavior\BuildLiteBehavior [ RunTime:0.000021s ]
INFO: [ app_init ] --END-- [ RunTime:0.000446s ]
INFO: [ app_begin ] --START--
INFO: Run Behavior\ReadHtmlCacheBehavior [ RunTime:0.000643s ]
INFO: [ app_begin ] --END-- [ RunTime:0.000718s ]

[ 2016-03-30T10:12:16+08:00 ] 140.206.97.29 /hellomarkertest/hellomarkeradmin.php/Home/Index/changeArticle/id/7
INFO: [ app_init ] --START--
INFO: Run Behavior\BuildLiteBehavior [ RunTime:0.000021s ]
INFO: [ app_init ] --END-- [ RunTime:0.000458s ]
INFO: [ app_begin ] --START--
INFO: Run Behavior\ReadHtmlCacheBehavior [ RunTime:0.000588s ]
INFO: [ app_begin ] --END-- [ RunTime:0.000663s ]
SQL: SELECT * FROM mk_article WHERE articleid=7 ; [ RunTime:0.0037s ]
NOTIC: [8] Undefined variable: articleRow /data/home/qxu1152030011/htdocs/hellomarkertest/Hellomarkeradmin/Home/Controller/IndexController.class.php 第 334 行.
INFO: [ view_parse ] --START--
INFO: [ template_filter ] --START--
INFO: Run Behavior\ContentReplaceBehavior [ RunTime:0.000094s ]
INFO: [ template_filter ] --END-- [ RunTime:0.000208s ]
NOTIC: [8] Undefined variable: backFlag /data/home/qxu1152030011/htdocs/hellomarkertest/Hellomarkeradmin/Runtime/Cache/Home/12026b806c678007d317ce5f71b8a20e.php 第 67 行.
NOTIC: [8] Undefined variable: backFlag /data/home/qxu1152030011/htdocs/hellomarkertest/Hellomarkeradmin/Runtime/Cache/Home/12026b806c678007d317ce5f71b8a20e.php 第 71 行.
NOTIC: [8] Undefined variable: backFlag /data/home/qxu1152030011/htdocs/hellomarkertest/Hellomarkeradmin/Runtime/Cache/Home/12026b806c678007d317ce5f71b8a20e.php 第 75 行.
INFO: Run Behavior\ParseTemplateBehavior [ RunTime:0.032924s ]
INFO: [ view_parse ] --END-- [ RunTime:0.033031s ]
INFO: [ view_filter ] --START--
INFO: Run Behavior\WriteHtmlCacheBehavior [ RunTime:0.000385s ]
INFO: [ view_filter ] --END-- [ RunTime:0.000450s ]
INFO: [ app_end ] --START--
INFO: Run Behavior\ShowPageTraceBehavior [ RunTime:0.000557s ]
INFO: [ app_end ] --END-- [ RunTime:0.000620s ]

[ 2016-03-30T10:12:16+08:00 ] 101.226.69.246 /hellomarkertest/hellomarkeradmin.php/Home/Admin/index.html
INFO: [ app_init ] --START--
INFO: Run Behavior\BuildLiteBehavior [ RunTime:0.000023s ]
INFO: [ app_init ] --END-- [ RunTime:0.000532s ]
INFO: [ app_begin ] --START--
INFO: Run Behavior\ReadHtmlCacheBehavior [ RunTime:0.000588s ]
INFO: [ app_begin ] --END-- [ RunTime:0.000662s ]
INFO: [ view_parse ] --START--
INFO: [ template_filter ] --START--
INFO: Run Behavior\ContentReplaceBehavior [ RunTime:0.000075s ]
INFO: [ template_filter ] --END-- [ RunTime:0.000168s ]
NOTIC: [8] Undefined variable: backFlag /data/home/qxu1152030011/htdocs/hellomarkertest/Hellomarkeradmin/Runtime/Cache/Home/c20890c45e00e43ed8438267dd8ca577.php 第 31 行.
INFO: Run Behavior\ParseTemplateBehavior [ RunTime:0.006745s ]
INFO: [ view_parse ] --END-- [ RunTime:0.006807s ]
INFO: [ view_filter ] --START--
INFO: Run Behavior\WriteHtmlCacheBehavior [ RunTime:0.000343s ]
INFO: [ view_filter ] --END-- [ RunTime:0.000393s ]
INFO: [ app_end ] --START--
INFO: Run Behavior\ShowPageTraceBehavior [ RunTime:0.000597s ]
INFO: [ app_end ] --END-- [ RunTime:0.000656s ]

[ 2016-03-30T10:12:25+08:00 ] 140.206.97.29 /hellomarkertest/hellomarkeradmin.php/Home/Index/changeArticleWork
INFO: [ app_init ] --START--
INFO: Run Behavior\BuildLiteBehavior [ RunTime:0.000023s ]
INFO: [ app_init ] --END-- [ RunTime:0.000465s ]
INFO: [ app_begin ] --START--
INFO: Run Behavior\ReadHtmlCacheBehavior [ RunTime:0.000598s ]
INFO: [ app_begin ] --END-- [ RunTime:0.000667s ]
SQL: SELECT * FROM mk_article WHERE articleid=7 ; [ RunTime:0.0045s ]
SQL: UPDATE mk_article SET articlename='就算用导航也找不到的那些绝世小店(第一弹)' , articlefrom=' 魔都吃货小分队',articleabout='藏在莫干山艺术展厅中的店,
开在巡捕房里的米其林大厨餐厅,
找一棵大树才能喝到的果汁,
建在办公楼顶的阶梯教室,
隐身于买手店的咖啡小馆,
.....
同样在上海，
你却与它无数次擦肩而过的那些小店.',articlecontent='&lt;section style=\&quot;margin:5px 5px 0px;padding:0px;max-width:100%;color:#3E3E3E;font-family:\'Hiragino Sans GB\', \'Microsoft YaHei\', Arial, sans-serif;font-size:16px;line-height:25.6px;white-space:normal;widows:auto;text-align:center;box-sizing:border-box !important;word-wrap:break-word !important;background-color:#FFFFFF;\&quot;&gt;&lt;strong style=\&quot;margin:0px;padding:0px;max-width:100%;box-sizing:border-box !important;word-wrap:break-word !important;\&quot;&gt;&lt;span style=\&quot;margin:0px;padding:0px;max-width:100%;box-sizing:border-box !important;word-wrap:break-word !important;font-size:18px;color:#D92142;\&quot;&gt;月球&lt;/span&gt;&lt;span class=\&quot;135brush\&quot; data-brushtype=\&quot;text\&quot; style=\&quot;margin:0px;padding:0px;max-width:100%;box-sizing:border-box !important;word-wrap:break-word !important;color:inherit;font-size:18px;\&quot;&gt;咖啡&lt;/span&gt;&lt;/strong&gt;&lt;/section&gt;&lt;section style=\&quot;margin:2px 1em;padding:0px;max-width:100%;box-sizing:border-box;color:#3E3E3E;font-family:\'Hiragino Sans GB\', \'Microsoft YaHei\', Arial, sans-serif;white-space:normal;widows:auto;border:0px #212122;border-image-source:none;text-align:center;word-wrap:break-word !important;background-color:#FFFFFF;\&quot;&gt;&lt;section data-width=\&quot;40%\&quot; style=\&quot;margin:0px;padding:2px 2px 0px;max-width:100%;box-sizing:border-box;word-wrap:break-word !important;width:258.390625px;border-top-width:3px;border-top-style:solid;border-top-color:#212122;color:#000000;font-size:14px;border-bottom-width:1px;border-bottom-style:solid;border-bottom-color:#212122;display:inline-block;\&quot;&gt;&lt;/section&gt;
&lt;p style=\&quot;margin:0px 2px;padding:0px;max-width:100%;box-sizing:border-box !important;word-wrap:break-word !important;\&quot;&gt;
	一扇临街&lt;strong style=\&quot;margin:0px;padding:0px;max-width:100%;box-sizing:border-box !important;word-wrap:break-word !important;\&quot;&gt;&lt;span style=\&quot;margin:0px;padding:0px;max-width:100%;box-sizing:border-box !important;word-wrap:break-word !important;color:#D92142;\&quot;&gt;小窗&lt;/span&gt;&lt;/strong&gt;里的咖啡世界
&lt;/p&gt;
&lt;p style=\&quot;margin:0px 2px;padding:0px;max-width:100%;box-sizing:border-box !important;word-wrap:break-word !important;\&quot;&gt;
	&lt;br /&gt;
&lt;/p&gt;
&lt;p style=\&quot;margin:0px 2px;padding:0px;max-width:100%;box-sizing:border-box !important;word-wrap:break-word !important;\&quot;&gt;
	&lt;img src=\&quot;http://mmbiz.qpic.cn/mmbiz/8de8zXW88LZT1nb6kEj1VyertWiavGZoJa7LuCxw4P3WJDTHpZ12jpYpg6PkY0NzAXsdCrjUCTlylxnI0H4LN6A/640?wx_fmt=jpeg&amp;tp=webp&amp;wxfrom=5&amp;wx_lazy=1\&quot; width=\&quot;200\&quot; height=\&quot;200\&quot; alt=\&quot;\&quot; /&gt; 
&lt;/p&gt;
&lt;p style=\&quot;margin:0px 2px;padding:0px;max-width:100%;box-sizing:border-box !important;word-wrap:break-word !important;\&quot;&gt;
	&lt;br /&gt;
&lt;/p&gt;
&lt;p style=\&quot;margin:0px 2px;padding:0px;max-width:100%;box-sizing:border-box !important;word-wrap:break-word !important;\&quot;&gt;
	&lt;span style=\&quot;color:#888888;font-family:\'Hiragino Sans GB\', \'Microsoft YaHei\', Arial, sans-serif;font-size:14px;line-height:22.4px;white-space:pre-wrap;widows:auto;background-color:#FFFFFF;\&quot;&gt;小小的窗口，还有并不是很明显的店招，一切都那么随意不张扬，路过很容易就忽视的小店，里面确是处处都生趣。&lt;/span&gt; 
&lt;/p&gt;
&lt;p style=\&quot;margin:0px 2px;padding:0px;max-width:100%;box-sizing:border-box !important;word-wrap:break-word !important;\&quot;&gt;
	&lt;img src=\&quot;http://mmbiz.qpic.cn/mmbiz/8de8zXW88LZT1nb6kEj1VyertWiavGZoJDTwkdYGyk2bUm4QzcEUERicfW08QUccAXE1qUfF17nUynkYFA0yIIdQ/640?wx_fmt=jpeg&amp;tp=webp&amp;wxfrom=5&amp;wx_lazy=1\&quot; width=\&quot;200\&quot; height=\&quot;200\&quot; title=\&quot;hellomarker\&quot; alt=\&quot;hellomarker\&quot; /&gt; 
&lt;/p&gt;
&lt;p style=\&quot;margin:0px 2px;padding:0px;max-width:100%;box-sizing:border-box !important;word-wrap:break-word !important;\&quot;&gt;
	&lt;br /&gt;
&lt;/p&gt;
&lt;p style=\&quot;margin:0px 2px;padding:0px;max-width:100%;box-sizing:border-box !important;word-wrap:break-word !important;\&quot;&gt;
	&lt;span style=\&quot;color:#888888;font-family:\'Hiragino Sans GB\', \'Microsoft YaHei\', Arial, sans-serif;font-size:14px;line-height:22.4px;white-space:pre-wrap;widows:auto;background-color:#FFFFFF;\&quot;&gt;隐于市井的这家店有着一种让人安静的力量，不是冷而是温馨。&lt;/span&gt; 
&lt;/p&gt;
&lt;p style=\&quot;margin:0px 2px;padding:0px;max-width:100%;box-sizing:border-box !important;word-wrap:break-word !important;\&quot;&gt;
	&lt;span style=\&quot;color:#888888;font-family:\'Hiragino Sans GB\', \'Microsoft YaHei\', Arial, sans-serif;font-size:14px;line-height:22.4px;white-space:pre-wrap;widows:auto;background-color:#FFFFFF;\&quot;&gt;&lt;br /&gt;
&lt;/span&gt; 
&lt;/p&gt;
&lt;p style=\&quot;margin:0px 2px;padding:0px;max-width:100%;box-sizing:border-box !important;word-wrap:break-word !important;\&quot;&gt;
	&lt;img src=\&quot;http://mmbiz.qpic.cn/mmbiz/8de8zXW88LZT1nb6kEj1VyertWiavGZoJq0ibs2fS311jwHU9ia4Acu9UsE3M7xvfR6iaFSiaiauyU9vAMRNibRfFloFw/640?wx_fmt=jpeg&amp;tp=webp&amp;wxfrom=5&amp;wx_lazy=1\&quot; width=\&quot;200\&quot; height=\&quot;200\&quot; title=\&quot;hellomarker\&quot; alt=\&quot;hellomarker\&quot; /&gt; 
&lt;/p&gt;
&lt;p style=\&quot;margin:0px 2px;padding:0px;max-width:100%;box-sizing:border-box !important;word-wrap:break-word !important;\&quot;&gt;
	&lt;br /&gt;
&lt;/p&gt;
&lt;p style=\&quot;margin:0px 2px;padding:0px;max-width:100%;box-sizing:border-box !important;word-wrap:break-word !important;\&quot;&gt;
	&lt;span style=\&quot;color:#888888;font-family:\'Helvetica Neue\', Helvetica, \'Hiragino Sans GB\', \'Microsoft YaHei\', Arial, sans-serif;font-size:14px;line-height:22.4px;white-space:pre-wrap;background-color:#FFFFFF;\&quot;&gt;这个兔星人的世界嘛！一进来就萌一脸口水喔~&lt;/span&gt; 
&lt;/p&gt;
&lt;p style=\&quot;margin:0px 2px;padding:0px;max-width:100%;box-sizing:border-box !important;word-wrap:break-word !important;\&quot;&gt;
	&lt;img src=\&quot;http://mmbiz.qpic.cn/mmbiz/8de8zXW88LZT1nb6kEj1VyertWiavGZoJlibWmd1lcWTxV8bsNW8vnAYZqjxe8PnWPSmLf4AgIY6fsLB9JOjauJA/640?wx_fmt=jpeg&amp;tp=webp&amp;wxfrom=5&amp;wx_lazy=1\&quot; width=\&quot;200\&quot; height=\&quot;200\&quot; title=\&quot;hellomarker\&quot; alt=\&quot;hellomarker\&quot; /&gt; 
&lt;/p&gt;
&lt;p style=\&quot;margin:0px 2px;padding:0px;max-width:100%;box-sizing:border-box !important;word-wrap:break-word !important;\&quot;&gt;
	&lt;br /&gt;
&lt;/p&gt;
&lt;p style=\&quot;margin:0px 2px;padding:0px;max-width:100%;box-sizing:border-box !important;word-wrap:break-word !important;\&quot;&gt;
	&lt;span style=\&quot;color:#888888;font-family:\'Helvetica Neue\', Helvetica, \'Hiragino Sans GB\', \'Microsoft YaHei\', Arial, sans-serif;font-size:14px;line-height:22.4px;white-space:pre-wrap;background-color:#FFFFFF;\&quot;&gt;手写的价目单里是一颗匠人之心，每一笔都是认真的态度。&lt;/span&gt; 
&lt;/p&gt;
&lt;p style=\&quot;margin:0px 2px;padding:0px;max-width:100%;box-sizing:border-box !important;word-wrap:break-word !important;\&quot;&gt;
	&lt;span style=\&quot;color:#888888;font-family:\'Helvetica Neue\', Helvetica, \'Hiragino Sans GB\', \'Microsoft YaHei\', Arial, sans-serif;font-size:14px;line-height:22.4px;white-space:pre-wrap;background-color:#FFFFFF;\&quot;&gt;&lt;br /&gt;
&lt;/span&gt; 
&lt;/p&gt;
&lt;p style=\&quot;margin:0px 2px;padding:0px;max-width:100%;box-sizing:border-box !important;word-wrap:break-word !important;\&quot;&gt;
	&lt;img src=\&quot;http://mmbiz.qpic.cn/mmbiz/8de8zXW88LZT1nb6kEj1VyertWiavGZoJlrS220j29Kqpok65bUiartzqDgBkoES1FUXMh3FxNZSd796s9CfJ0Nw/640?wx_fmt=jpeg&amp;tp=webp&amp;wxfrom=5&amp;wx_lazy=1\&quot; width=\&quot;200\&quot; height=\&quot;200\&quot; title=\&quot;hellomarker\&quot; alt=\&quot;hellomarker\&quot; /&gt; 
&lt;/p&gt;
&lt;p style=\&quot;margin:0px 2px;padding:0px;max-width:100%;box-sizing:border-box !important;word-wrap:break-word !important;\&quot;&gt;
	&lt;br /&gt;
&lt;/p&gt;
&lt;p style=\&quot;margin:0px 2px;padding:0px;max-width:100%;box-sizing:border-box !important;word-wrap:break-word !important;\&quot;&gt;
	&lt;span style=\&quot;color:#888888;font-family:\'Helvetica Neue\', Helvetica, \'Hiragino Sans GB\', \'Microsoft YaHei\', Arial, sans-serif;font-size:14px;line-height:22.4px;white-space:pre-wrap;background-color:#FFFFFF;\&quot;&gt;来这儿的大都会点一杯手冲，价格还好，39到75元不等。&lt;/span&gt; 
&lt;/p&gt;
&lt;p style=\&quot;margin:0px 2px;padding:0px;max-width:100%;box-sizing:border-box !important;word-wrap:break-word !important;\&quot;&gt;
	&lt;span style=\&quot;color:#888888;font-family:\'Helvetica Neue\', Helvetica, \'Hiragino Sans GB\', \'Microsoft YaHei\', Arial, sans-serif;font-size:14px;line-height:22.4px;white-space:pre-wrap;background-color:#FFFFFF;\&quot;&gt;&lt;br /&gt;
&lt;/span&gt; 
&lt;/p&gt;
&lt;p style=\&quot;margin:0px 2px;padding:0px;max-width:100%;box-sizing:border-box !important;word-wrap:break-word !important;\&quot;&gt;
	&lt;img src=\&quot;http://mmbiz.qpic.cn/mmbiz/8de8zXW88LZT1nb6kEj1VyertWiavGZoJgjwx5qTCAtPmEicmTZbWVYSVp9sC23AdSNltvaibEIrbJ1oksT1tJXjA/640?wx_fmt=jpeg&amp;tp=webp&amp;wxfrom=5&amp;wx_lazy=1\&quot; width=\&quot;200\&quot; height=\&quot;200\&quot; title=\&quot;hellomarker\&quot; alt=\&quot;hellomarker\&quot; /&gt; 
&lt;/p&gt;
&lt;p style=\&quot;margin:0px 2px;padding:0px;max-width:100%;box-sizing:border-box !important;word-wrap:break-word !important;\&quot;&gt;
	&lt;br /&gt;
&lt;/p&gt;
&lt;p style=\&quot;margin:0px 2px;padding:0px;max-width:100%;box-sizing:border-box !important;word-wrap:break-word !important;\&quot;&gt;
	&lt;span style=\&quot;color:#888888;font-family:\'Helvetica Neue\', Helvetica, \'Hiragino Sans GB\', \'Microsoft YaHei\', Arial, sans-serif;font-size:14px;line-height:22.4px;white-space:pre-wrap;background-color:#FFFFFF;\&quot;&gt;咖啡师不会说太多的话，会专注着手里的工作。&lt;/span&gt; 
&lt;/p&gt;
&lt;p style=\&quot;margin:0px 2px;padding:0px;max-width:100%;box-sizing:border-box !important;word-wrap:break-word !important;\&quot;&gt;
	&lt;span style=\&quot;color:#888888;font-family:\'Helvetica Neue\', Helvetica, \'Hiragino Sans GB\', \'Microsoft YaHei\', Arial, sans-serif;font-size:14px;line-height:22.4px;white-space:pre-wrap;background-color:#FFFFFF;\&quot;&gt;&lt;br /&gt;
&lt;/span&gt; 
&lt;/p&gt;
&lt;p style=\&quot;margin:0px 2px;padding:0px;max-width:100%;box-sizing:border-box !important;word-wrap:break-word !important;\&quot;&gt;
	&lt;span style=\&quot;color:#888888;font-family:\'Helvetica Neue\', Helvetica, \'Hiragino Sans GB\', \'Microsoft YaHei\', Arial, sans-serif;font-size:14px;line-height:22.4px;white-space:pre-wrap;background-color:#FFFFFF;\&quot;&gt;&lt;img src=\&quot;http://mmbiz.qpic.cn/mmbiz/8de8zXW88LZT1nb6kEj1VyertWiavGZoJbokHHRXWxKpHD5CmugPicpuoqkAVg4zu69yTjgVSHxu6gOVnibsYBZPA/640?wx_fmt=jpeg&amp;tp=webp&amp;wxfrom=5&amp;wx_lazy=1\&quot; width=\&quot;200\&quot; height=\&quot;200\&quot; title=\&quot;hellomarker\&quot; alt=\&quot;hellomarker\&quot; /&gt;&lt;br /&gt;
&lt;/span&gt; 
&lt;/p&gt;
&lt;p style=\&quot;margin:0px 2px;padding:0px;max-width:100%;box-sizing:border-box !important;word-wrap:break-word !important;\&quot;&gt;
	&lt;span style=\&quot;color:#888888;font-family:\'Helvetica Neue\', Helvetica, \'Hiragino Sans GB\', \'Microsoft YaHei\', Arial, sans-serif;font-size:14px;line-height:22.4px;white-space:pre-wrap;background-color:#FFFFFF;\&quot;&gt;&lt;br /&gt;
&lt;/span&gt; 
&lt;/p&gt;
&lt;p style=\&quot;margin:0px 2px;padding:0px;max-width:100%;box-sizing:border-box !important;word-wrap:break-word !important;\&quot;&gt;
	&lt;span style=\&quot;color:#888888;font-family:\'Helvetica Neue\', Helvetica, \'Hiragino Sans GB\', \'Microsoft YaHei\', Arial, sans-serif;font-size:14px;line-height:22.4px;white-space:pre-wrap;background-color:#FFFFFF;\&quot;&gt;&lt;span style=\&quot;color:#888888;font-family:\'Helvetica Neue\', Helvetica, \'Hiragino Sans GB\', \'Microsoft YaHei\', Arial, sans-serif;font-size:14px;line-height:22.4px;white-space:pre-wrap;background-color:#FFFFFF;\&quot;&gt;这里有很多亲自去产地挑来的各种咖啡豆，一罐罐地摆放。&lt;/span&gt;&lt;/span&gt; 
&lt;/p&gt;
&lt;p style=\&quot;margin:0px 2px;padding:0px;max-width:100%;box-sizing:border-box !important;word-wrap:break-word !important;\&quot;&gt;
	&lt;span style=\&quot;color:#888888;font-family:\'Helvetica Neue\', Helvetica, \'Hiragino Sans GB\', \'Microsoft YaHei\', Arial, sans-serif;font-size:14px;line-height:22.4px;white-space:pre-wrap;background-color:#FFFFFF;\&quot;&gt;&lt;span style=\&quot;color:#888888;font-family:\'Helvetica Neue\', Helvetica, \'Hiragino Sans GB\', \'Microsoft YaHei\', Arial, sans-serif;font-size:14px;line-height:22.4px;white-space:pre-wrap;background-color:#FFFFFF;\&quot;&gt;&lt;br /&gt;
&lt;/span&gt;&lt;/span&gt; 
&lt;/p&gt;
&lt;p style=\&quot;margin:0px 2px;padding:0px;max-width:100%;box-sizing:border-box !important;word-wrap:break-word !important;\&quot;&gt;
	&lt;span style=\&quot;color:#888888;font-family:\'Helvetica Neue\', Helvetica, \'Hiragino Sans GB\', \'Microsoft YaHei\', Arial, sans-serif;font-size:14px;line-height:22.4px;white-space:pre-wrap;background-color:#FFFFFF;\&quot;&gt;&lt;img src=\&quot;http://mmbiz.qpic.cn/mmbiz/8de8zXW88LZT1nb6kEj1VyertWiavGZoJcBnRqjIz9mKlm2SwG9j3VlmGLKvs6ajcBKeiaP6YZqqzc0icsHKIn3Wg/640?wx_fmt=jpeg&amp;tp=webp&amp;wxfrom=5&amp;wx_lazy=1\&quot; width=\&quot;200\&quot; height=\&quot;200\&quot; title=\&quot;hellomarker\&quot; alt=\&quot;hellomarker\&quot; /&gt;&lt;br /&gt;
&lt;/span&gt; 
&lt;/p&gt;
&lt;p style=\&quot;margin:0px 2px;padding:0px;max-width:100%;box-sizing:border-box !important;word-wrap:break-word !important;\&quot;&gt;
	&lt;span style=\&quot;color:#888888;font-family:\'Helvetica Neue\', Helvetica, \'Hiragino Sans GB\', \'Microsoft YaHei\', Arial, sans-serif;font-size:14px;line-height:22.4px;white-space:pre-wrap;background-color:#FFFFFF;\&quot;&gt;&lt;br /&gt;
&lt;/span&gt; 
&lt;/p&gt;
&lt;p style=\&quot;margin:0px 2px;padding:0px;max-width:100%;box-sizing:border-box !important;word-wrap:break-word !important;\&quot;&gt;
	&lt;span style=\&quot;color:#888888;font-family:\'Helvetica Neue\', Helvetica, \'Hiragino Sans GB\', \'Microsoft YaHei\', Arial, sans-serif;font-size:14px;line-height:22.4px;white-space:pre-wrap;background-color:#FFFFFF;\&quot;&gt;&lt;span style=\&quot;color:#888888;font-family:\'Helvetica Neue\', Helvetica, \'Hiragino Sans GB\', \'Microsoft YaHei\', Arial, sans-serif;font-size:14px;line-height:22.4px;white-space:pre-wrap;background-color:#FFFFFF;\&quot;&gt;这里的拿铁会更浓一点，厚重一点，偏爱这一口的应该尝一下。&lt;/span&gt;&lt;/span&gt; 
&lt;/p&gt;
&lt;p style=\&quot;margin:0px 2px;padding:0px;max-width:100%;box-sizing:border-box !important;word-wrap:break-word !important;\&quot;&gt;
	&lt;span style=\&quot;color:#888888;font-family:\'Helvetica Neue\', Helvetica, \'Hiragino Sans GB\', \'Microsoft YaHei\', Arial, sans-serif;font-size:14px;line-height:22.4px;white-space:pre-wrap;background-color:#FFFFFF;\&quot;&gt;&lt;span style=\&quot;color:#888888;font-family:\'Helvetica Neue\', Helvetica, \'Hiragino Sans GB\', \'Microsoft YaHei\', Arial, sans-serif;font-size:14px;line-height:22.4px;white-space:pre-wrap;background-color:#FFFFFF;\&quot;&gt;&lt;br /&gt;
&lt;/span&gt;&lt;/span&gt; 
&lt;/p&gt;
&lt;p style=\&quot;margin:0px 2px;padding:0px;max-width:100%;box-sizing:border-box !important;word-wrap:break-word !important;\&quot;&gt;
	&lt;span style=\&quot;color:#888888;font-family:\'Helvetica Neue\', Helvetica, \'Hiragino Sans GB\', \'Microsoft YaHei\', Arial, sans-serif;font-size:14px;line-height:22.4px;white-space:pre-wrap;background-color:#FFFFFF;\&quot;&gt;&lt;img src=\&quot;http://mmbiz.qpic.cn/mmbiz/8de8zXW88LZT1nb6kEj1VyertWiavGZoJwqgJZHxuyibfpsydFed2RX1QxTic9fNibmPxVOdFeoSeRpMria4GPEvRbw/640?wx_fmt=jpeg&amp;tp=webp&amp;wxfrom=5&amp;wx_lazy=1\&quot; width=\&quot;200\&quot; height=\&quot;200\&quot; title=\&quot;HELLOMARKER\&quot; alt=\&quot;HELLOMARKER\&quot; /&gt;&lt;br /&gt;
&lt;/span&gt; 
&lt;/p&gt;
&lt;p style=\&quot;margin:0px 2px;padding:0px;max-width:100%;box-sizing:border-box !important;word-wrap:break-word !important;\&quot;&gt;
	&lt;span style=\&quot;color:#888888;font-family:\'Helvetica Neue\', Helvetica, \'Hiragino Sans GB\', \'Microsoft YaHei\', Arial, sans-serif;font-size:14px;line-height:22.4px;white-space:pre-wrap;background-color:#FFFFFF;\&quot;&gt;&lt;br /&gt;
&lt;/span&gt; 
&lt;/p&gt;
&lt;p style=\&quot;margin:0px 2px;padding:0px;max-width:100%;box-sizing:border-box !important;word-wrap:break-word !important;\&quot;&gt;
	&lt;span style=\&quot;color:#888888;font-family:\'Helvetica Neue\', Helvetica, \'Hiragino Sans GB\', \'Microsoft YaHei\', Arial, sans-serif;font-size:14px;line-height:22.4px;white-space:pre-wrap;background-color:#FFFFFF;\&quot;&gt;&lt;span style=\&quot;color:#888888;font-family:\'Helvetica Neue\', Helvetica, \'Hiragino Sans GB\', \'Microsoft YaHei\', Arial, sans-serif;font-size:14px;line-height:22.4px;white-space:pre-wrap;background-color:#FFFFFF;\&quot;&gt;配上一块芝士蛋糕，下午茶时间就这么打发了。&lt;/span&gt;&lt;/span&gt; 
&lt;/p&gt;
&lt;p style=\&quot;margin:0px 2px;padding:0px;max-width:100%;box-sizing:border-box !important;word-wrap:break-word !important;\&quot;&gt;
	&lt;span style=\&quot;color:#888888;font-family:\'Helvetica Neue\', Helvetica, \'Hiragino Sans GB\', \'Microsoft YaHei\', Arial, sans-serif;font-size:14px;line-height:22.4px;white-space:pre-wrap;background-color:#FFFFFF;\&quot;&gt;&lt;span style=\&quot;color:#888888;font-family:\'Helvetica Neue\', Helvetica, \'Hiragino Sans GB\', \'Microsoft YaHei\', Arial, sans-serif;font-size:14px;line-height:22.4px;white-space:pre-wrap;background-color:#FFFFFF;\&quot;&gt;&lt;br /&gt;
&lt;/span&gt;&lt;/span&gt; 
&lt;/p&gt;
&lt;p style=\&quot;margin:0px 2px;padding:0px;max-width:100%;box-sizing:border-box !important;word-wrap:break-word !important;\&quot;&gt;
	&lt;span style=\&quot;color:#888888;font-family:\'Helvetica Neue\', Helvetica, \'Hiragino Sans GB\', \'Microsoft YaHei\', Arial, sans-serif;font-size:14px;line-height:22.4px;white-space:pre-wrap;background-color:#FFFFFF;\&quot;&gt;&lt;img src=\&quot;http://mmbiz.qpic.cn/mmbiz/8de8zXW88LZT1nb6kEj1VyertWiavGZoJKHBeh1HmdpJiaRz05FDYGxOdbZDeGehWIJFGdkx1AEoOyQ89JcVuyzg/640?wx_fmt=jpeg&amp;tp=webp&amp;wxfrom=5&amp;wx_lazy=1\&quot; width=\&quot;200\&quot; height=\&quot;200\&quot; title=\&quot;hellomarker\&quot; alt=\&quot;hellomarker\&quot; /&gt;&lt;br /&gt;
&lt;/span&gt; 
&lt;/p&gt;
&lt;p style=\&quot;margin:0px 2px;padding:0px;max-width:100%;box-sizing:border-box !important;word-wrap:break-word !important;\&quot;&gt;
	&lt;span style=\&quot;color:#888888;font-family:\'Helvetica Neue\', Helvetica, \'Hiragino Sans GB\', \'Microsoft YaHei\', Arial, sans-serif;font-size:14px;line-height:22.4px;white-space:pre-wrap;background-color:#FFFFFF;\&quot;&gt;&lt;br /&gt;
&lt;/span&gt; 
&lt;/p&gt;
&lt;p style=\&quot;margin:0px 2px;padding:0px;max-width:100%;box-sizing:border-box !important;word-wrap:break-word !important;\&quot;&gt;
	&lt;span style=\&quot;color:#888888;font-family:\'Helvetica Neue\', Helvetica, \'Hiragino Sans GB\', \'Microsoft YaHei\', Arial, sans-serif;font-size:14px;line-height:22.4px;white-space:pre-wrap;background-color:#FFFFFF;\&quot;&gt;&lt;span style=\&quot;color:#888888;font-family:\'Helvetica Neue\', Helvetica, \'Hiragino Sans GB\', \'Microsoft YaHei\', Arial, sans-serif;font-size:14px;line-height:22.4px;white-space:pre-wrap;background-color:#FFFFFF;\&quot;&gt;还有当日现做的甜品，也是不错的选择。&lt;/span&gt;&lt;/span&gt; 
&lt;/p&gt;
&lt;p style=\&quot;margin:0px 2px;padding:0px;max-width:100%;box-sizing:border-box !important;word-wrap:break-word !important;\&quot;&gt;
	&lt;span style=\&quot;color:#888888;font-family:\'Helvetica Neue\', Helvetica, \'Hiragino Sans GB\', \'Microsoft YaHei\', Arial, sans-serif;font-size:14px;line-height:22.4px;white-space:pre-wrap;background-color:#FFFFFF;\&quot;&gt;&lt;span style=\&quot;color:#888888;font-family:\'Helvetica Neue\', Helvetica, \'Hiragino Sans GB\', \'Microsoft YaHei\', Arial, sans-serif;font-size:14px;line-height:22.4px;white-space:pre-wrap;background-color:#FFFFFF;\&quot;&gt;&lt;br /&gt;
&lt;/span&gt;&lt;/span&gt; 
&lt;/p&gt;
&lt;p style=\&quot;margin:0px 2px;padding:0px;max-width:100%;box-sizing:border-box !important;word-wrap:break-word !important;\&quot;&gt;
	&lt;span style=\&quot;color:#888888;font-family:\'Helvetica Neue\', Helvetica, \'Hiragino Sans GB\', \'Microsoft YaHei\', Arial, sans-serif;font-size:14px;line-height:22.4px;white-space:pre-wrap;background-color:#FFFFFF;\&quot;&gt;&lt;img src=\&quot;http://mmbiz.qpic.cn/mmbiz/8de8zXW88LZT1nb6kEj1VyertWiavGZoJ3mvWOCDria2LlO3WqrvDAzbtJTtITibzDT4IK7VcklWl2spKJ8GbePkg/640?wx_fmt=jpeg&amp;tp=webp&amp;wxfrom=5&amp;wx_lazy=1\&quot; width=\&quot;200\&quot; height=\&quot;200\&quot; title=\&quot;hellomarker\&quot; alt=\&quot;hellomarker\&quot; /&gt;&lt;br /&gt;
&lt;/span&gt; 
&lt;/p&gt;
&lt;p style=\&quot;margin:0px 2px;padding:0px;max-width:100%;box-sizing:border-box !important;word-wrap:break-word !important;\&quot;&gt;
	&lt;br /&gt;
&lt;/p&gt;
&lt;p style=\&quot;text-align:left;margin-top:0px;margin-bottom:0px;padding:0px;max-width:100%;clear:both;min-height:1em;white-space:pre-wrap;color:#3E3E3E;font-family:\'Helvetica Neue\', Helvetica, \'Hiragino Sans GB\', \'Microsoft YaHei\', Arial, sans-serif;font-size:16px;line-height:25.6px;box-sizing:border-box !important;background-color:#FFFFFF;\&quot;&gt;
	&lt;span style=\&quot;margin:0px;padding:0px;max-width:100%;box-sizing:border-box !important;word-wrap:break-word !important;font-size:14px;\&quot;&gt;【地址】：安福路275弄9-B&lt;/span&gt; 
&lt;/p&gt;
&lt;p style=\&quot;text-align:left;margin-top:0px;margin-bottom:0px;padding:0px;max-width:100%;clear:both;min-height:1em;white-space:pre-wrap;color:#3E3E3E;font-family:\'Helvetica Neue\', Helvetica, \'Hiragino Sans GB\', \'Microsoft YaHei\', Arial, sans-serif;font-size:16px;line-height:25.6px;box-sizing:border-box !important;background-color:#FFFFFF;\&quot;&gt;
	&lt;span style=\&quot;margin:0px;padding:0px;max-width:100%;box-sizing:border-box !important;word-wrap:break-word !important;font-size:14px;\&quot;&gt;【人均】：43元&lt;/span&gt; 
&lt;/p&gt;
&lt;p style=\&quot;text-align:left;margin-top:0px;margin-bottom:0px;padding:0px;max-width:100%;clear:both;min-height:1em;white-space:pre-wrap;color:#3E3E3E;font-family:\'Helvetica Neue\', Helvetica, \'Hiragino Sans GB\', \'Microsoft YaHei\', Arial, sans-serif;font-size:16px;line-height:25.6px;box-sizing:border-box !important;background-color:#FFFFFF;\&quot;&gt;
	&lt;span style=\&quot;margin:0px;padding:0px;max-width:100%;box-sizing:border-box !important;word-wrap:break-word !important;line-height:25.6px;font-size:14px;\&quot;&gt;【难发现指数】：★★★★☆&lt;/span&gt; 
&lt;/p&gt;
&lt;p&gt;
	&lt;br /&gt;
&lt;/p&gt;
&lt;p style=\&quot;text-align:left;margin:0px 2px;padding:0px;max-width:100%;box-sizing:border-box !important;word-wrap:break-word !important;\&quot;&gt;
	&lt;span style=\&quot;color:#888888;font-family:\'Helvetica Neue\', Helvetica, \'Hiragino Sans GB\', \'Microsoft YaHei\', Arial, sans-serif;font-size:14px;line-height:22.4px;white-space:pre-wrap;background-color:#FFFFFF;\&quot;&gt;&lt;br /&gt;
&lt;/span&gt; 
&lt;/p&gt;
&lt;/section&gt;' WHERE articleid=7; [ RunTime:0.0231s ]
SQL: SELECT mk_article.* FROM mk_article  ORDER BY articletop DESC,articleid DESC; [ RunTime:0.0034s ]
SQL: SELECT mk_article.* FROM mk_article  ORDER BY articletop DESC ,  articleid DESC LIMIT 0,10 ; [ RunTime:0.0026s ]
INFO: [ view_parse ] --START--
INFO: [ template_filter ] --START--
INFO: Run Behavior\ContentReplaceBehavior [ RunTime:0.000111s ]
INFO: [ template_filter ] --END-- [ RunTime:0.000204s ]
INFO: Run Behavior\ParseTemplateBehavior [ RunTime:0.011169s ]
INFO: [ view_parse ] --END-- [ RunTime:0.011257s ]
INFO: [ view_filter ] --START--
INFO: Run Behavior\WriteHtmlCacheBehavior [ RunTime:0.000403s ]
INFO: [ view_filter ] --END-- [ RunTime:0.000465s ]
INFO: [ app_end ] --START--
INFO: Run Behavior\ShowPageTraceBehavior [ RunTime:0.000644s ]
INFO: [ app_end ] --END-- [ RunTime:0.000708s ]

[ 2016-03-30T10:12:28+08:00 ] 140.206.97.29 /hellomarkertest/hellomarkeradmin.php/Home/Index/changeArticleBanner/id/7
INFO: [ app_init ] --START--
INFO: Run Behavior\BuildLiteBehavior [ RunTime:0.000021s ]
INFO: [ app_init ] --END-- [ RunTime:0.000500s ]
INFO: [ app_begin ] --START--
INFO: Run Behavior\ReadHtmlCacheBehavior [ RunTime:0.000586s ]
INFO: [ app_begin ] --END-- [ RunTime:0.000661s ]
SQL: SELECT * FROM mk_article WHERE articleid=7 ; [ RunTime:0.0038s ]
INFO: [ view_parse ] --START--
INFO: [ template_filter ] --START--
INFO: Run Behavior\ContentReplaceBehavior [ RunTime:0.000095s ]
INFO: [ template_filter ] --END-- [ RunTime:0.000205s ]
NOTIC: [8] Undefined variable: backFlag /data/home/qxu1152030011/htdocs/hellomarkertest/Hellomarkeradmin/Runtime/Cache/Home/ac66de34ec8f171853194eaa52b3429a.php 第 67 行.
NOTIC: [8] Undefined variable: backFlag /data/home/qxu1152030011/htdocs/hellomarkertest/Hellomarkeradmin/Runtime/Cache/Home/ac66de34ec8f171853194eaa52b3429a.php 第 71 行.
NOTIC: [8] Undefined variable: backFlag /data/home/qxu1152030011/htdocs/hellomarkertest/Hellomarkeradmin/Runtime/Cache/Home/ac66de34ec8f171853194eaa52b3429a.php 第 75 行.
INFO: Run Behavior\ParseTemplateBehavior [ RunTime:0.026404s ]
INFO: [ view_parse ] --END-- [ RunTime:0.026474s ]
INFO: [ view_filter ] --START--
INFO: Run Behavior\WriteHtmlCacheBehavior [ RunTime:0.000350s ]
INFO: [ view_filter ] --END-- [ RunTime:0.000402s ]
INFO: [ app_end ] --START--
INFO: Run Behavior\ShowPageTraceBehavior [ RunTime:0.000586s ]
INFO: [ app_end ] --END-- [ RunTime:0.000646s ]

[ 2016-03-30T10:12:28+08:00 ] 101.226.89.121 /hellomarkertest/hellomarkeradmin.php/Home/Index/changeArticleBanner/id/7
INFO: [ app_init ] --START--
INFO: Run Behavior\BuildLiteBehavior [ RunTime:0.000021s ]
INFO: [ app_init ] --END-- [ RunTime:0.000448s ]
INFO: [ app_begin ] --START--
INFO: Run Behavior\ReadHtmlCacheBehavior [ RunTime:0.000596s ]
INFO: [ app_begin ] --END-- [ RunTime:0.000670s ]

[ 2016-03-30T10:12:28+08:00 ] 101.226.89.121 /hellomarkertest/hellomarkeradmin.php/Home/Admin/index.html
INFO: [ app_init ] --START--
INFO: Run Behavior\BuildLiteBehavior [ RunTime:0.000021s ]
INFO: [ app_init ] --END-- [ RunTime:0.000465s ]
INFO: [ app_begin ] --START--
INFO: Run Behavior\ReadHtmlCacheBehavior [ RunTime:0.000649s ]
INFO: [ app_begin ] --END-- [ RunTime:0.000723s ]
INFO: [ view_parse ] --START--
INFO: [ template_filter ] --START--
INFO: Run Behavior\ContentReplaceBehavior [ RunTime:0.000053s ]
INFO: [ template_filter ] --END-- [ RunTime:0.000123s ]
NOTIC: [8] Undefined variable: backFlag /data/home/qxu1152030011/htdocs/hellomarkertest/Hellomarkeradmin/Runtime/Cache/Home/c20890c45e00e43ed8438267dd8ca577.php 第 31 行.
INFO: Run Behavior\ParseTemplateBehavior [ RunTime:0.006612s ]
INFO: [ view_parse ] --END-- [ RunTime:0.006670s ]
INFO: [ view_filter ] --START--
INFO: Run Behavior\WriteHtmlCacheBehavior [ RunTime:0.000340s ]
INFO: [ view_filter ] --END-- [ RunTime:0.000389s ]
INFO: [ app_end ] --START--
INFO: Run Behavior\ShowPageTraceBehavior [ RunTime:0.000622s ]
INFO: [ app_end ] --END-- [ RunTime:0.000681s ]

[ 2016-03-30T10:14:57+08:00 ] 140.206.97.29 /hellomarkertest/hellomarkeradmin.php/Home/Index/changeArticleBannerWork
INFO: [ app_init ] --START--
INFO: Run Behavior\BuildLiteBehavior [ RunTime:0.000032s ]
INFO: [ app_init ] --END-- [ RunTime:0.000513s ]
INFO: [ app_begin ] --START--
INFO: Run Behavior\ReadHtmlCacheBehavior [ RunTime:0.000606s ]
INFO: [ app_begin ] --END-- [ RunTime:0.000682s ]
SQL: SELECT * FROM mk_article WHERE articleid=7 ; [ RunTime:0.0049s ]
NOTIC: [2] call_user_func() expects parameter 1 to be a valid callback, no array or string given /data/home/qxu1152030011/htdocs/hellomarkertest/ThinkPHP/Library/Think/Upload.class.php 第 170 行.
SQL: UPDATE mk_article SET articlebanner='hm_1459304097.png' WHERE articleid=7 [ RunTime:0.0288s ]
SQL: SELECT mk_article.* FROM mk_article  ORDER BY articletop DESC,articleid DESC; [ RunTime:0.0035s ]
SQL: SELECT mk_article.* FROM mk_article  ORDER BY articletop DESC ,  articleid DESC LIMIT 0,10 ; [ RunTime:0.0022s ]
INFO: [ view_parse ] --START--
INFO: [ template_filter ] --START--
INFO: Run Behavior\ContentReplaceBehavior [ RunTime:0.000106s ]
INFO: [ template_filter ] --END-- [ RunTime:0.000181s ]
INFO: Run Behavior\ParseTemplateBehavior [ RunTime:0.010977s ]
INFO: [ view_parse ] --END-- [ RunTime:0.011051s ]
INFO: [ view_filter ] --START--
INFO: Run Behavior\WriteHtmlCacheBehavior [ RunTime:0.000348s ]
INFO: [ view_filter ] --END-- [ RunTime:0.000405s ]
INFO: [ app_end ] --START--
INFO: Run Behavior\ShowPageTraceBehavior [ RunTime:0.000609s ]
INFO: [ app_end ] --END-- [ RunTime:0.000665s ]

[ 2016-03-30T10:15:04+08:00 ] 140.206.97.29 /hellomarkertest/hellomarkeradmin.php/Home/Index/changeArticleImage/id/7
INFO: [ app_init ] --START--
INFO: Run Behavior\BuildLiteBehavior [ RunTime:0.000025s ]
INFO: [ app_init ] --END-- [ RunTime:0.000497s ]
INFO: [ app_begin ] --START--
INFO: Run Behavior\ReadHtmlCacheBehavior [ RunTime:0.000606s ]
INFO: [ app_begin ] --END-- [ RunTime:0.000682s ]
SQL: SELECT * FROM mk_article WHERE articleid=7 ; [ RunTime:0.0039s ]
INFO: [ view_parse ] --START--
INFO: [ template_filter ] --START--
INFO: Run Behavior\ContentReplaceBehavior [ RunTime:0.000088s ]
INFO: [ template_filter ] --END-- [ RunTime:0.000192s ]
NOTIC: [8] Undefined variable: backFlag /data/home/qxu1152030011/htdocs/hellomarkertest/Hellomarkeradmin/Runtime/Cache/Home/f00111e9ef93852553ddacc61ada4afe.php 第 67 行.
NOTIC: [8] Undefined variable: backFlag /data/home/qxu1152030011/htdocs/hellomarkertest/Hellomarkeradmin/Runtime/Cache/Home/f00111e9ef93852553ddacc61ada4afe.php 第 71 行.
NOTIC: [8] Undefined variable: backFlag /data/home/qxu1152030011/htdocs/hellomarkertest/Hellomarkeradmin/Runtime/Cache/Home/f00111e9ef93852553ddacc61ada4afe.php 第 75 行.
INFO: Run Behavior\ParseTemplateBehavior [ RunTime:0.016950s ]
INFO: [ view_parse ] --END-- [ RunTime:0.017018s ]
INFO: [ view_filter ] --START--
INFO: Run Behavior\WriteHtmlCacheBehavior [ RunTime:0.000365s ]
INFO: [ view_filter ] --END-- [ RunTime:0.000419s ]
INFO: [ app_end ] --START--
INFO: Run Behavior\ShowPageTraceBehavior [ RunTime:0.000583s ]
INFO: [ app_end ] --END-- [ RunTime:0.000644s ]

[ 2016-03-30T10:15:04+08:00 ] 112.64.235.250 /hellomarkertest/hellomarkeradmin.php/Home/Index/changeArticleImage/id/7
INFO: [ app_init ] --START--
INFO: Run Behavior\BuildLiteBehavior [ RunTime:0.000024s ]
INFO: [ app_init ] --END-- [ RunTime:0.000499s ]
INFO: [ app_begin ] --START--
INFO: Run Behavior\ReadHtmlCacheBehavior [ RunTime:0.000624s ]
INFO: [ app_begin ] --END-- [ RunTime:0.000703s ]

[ 2016-03-30T10:15:04+08:00 ] 112.64.235.250 /hellomarkertest/hellomarkeradmin.php/Home/Admin/index.html
INFO: [ app_init ] --START--
INFO: Run Behavior\BuildLiteBehavior [ RunTime:0.000022s ]
INFO: [ app_init ] --END-- [ RunTime:0.000497s ]
INFO: [ app_begin ] --START--
INFO: Run Behavior\ReadHtmlCacheBehavior [ RunTime:0.000601s ]
INFO: [ app_begin ] --END-- [ RunTime:0.000676s ]
INFO: [ view_parse ] --START--
INFO: [ template_filter ] --START--
INFO: Run Behavior\ContentReplaceBehavior [ RunTime:0.000055s ]
INFO: [ template_filter ] --END-- [ RunTime:0.000129s ]
NOTIC: [8] Undefined variable: backFlag /data/home/qxu1152030011/htdocs/hellomarkertest/Hellomarkeradmin/Runtime/Cache/Home/c20890c45e00e43ed8438267dd8ca577.php 第 31 行.
INFO: Run Behavior\ParseTemplateBehavior [ RunTime:0.006623s ]
INFO: [ view_parse ] --END-- [ RunTime:0.006695s ]
INFO: [ view_filter ] --START--
INFO: Run Behavior\WriteHtmlCacheBehavior [ RunTime:0.000347s ]
INFO: [ view_filter ] --END-- [ RunTime:0.000399s ]
INFO: [ app_end ] --START--
INFO: Run Behavior\ShowPageTraceBehavior [ RunTime:0.000607s ]
INFO: [ app_end ] --END-- [ RunTime:0.000667s ]

[ 2016-03-30T10:15:10+08:00 ] 140.206.97.29 /hellomarkertest/hellomarkeradmin.php/Home/Index/changeArticleImageWork
INFO: [ app_init ] --START--
INFO: Run Behavior\BuildLiteBehavior [ RunTime:0.000033s ]
INFO: [ app_init ] --END-- [ RunTime:0.000486s ]
INFO: [ app_begin ] --START--
INFO: Run Behavior\ReadHtmlCacheBehavior [ RunTime:0.000650s ]
INFO: [ app_begin ] --END-- [ RunTime:0.000732s ]
SQL: SELECT * FROM mk_article WHERE articleid=7 ; [ RunTime:0.0036s ]
NOTIC: [2] call_user_func() expects parameter 1 to be a valid callback, no array or string given /data/home/qxu1152030011/htdocs/hellomarkertest/ThinkPHP/Library/Think/Upload.class.php 第 170 行.
SQL: UPDATE mk_article SET articleimg='hm_1459304110.png' WHERE articleid=7 [ RunTime:0.0085s ]
SQL: SELECT mk_article.* FROM mk_article  ORDER BY articletop DESC,articleid DESC; [ RunTime:0.0029s ]
SQL: SELECT mk_article.* FROM mk_article  ORDER BY articletop DESC ,  articleid DESC LIMIT 0,10 ; [ RunTime:0.0020s ]
INFO: [ view_parse ] --START--
INFO: [ template_filter ] --START--
INFO: Run Behavior\ContentReplaceBehavior [ RunTime:0.000104s ]
INFO: [ template_filter ] --END-- [ RunTime:0.000189s ]
INFO: Run Behavior\ParseTemplateBehavior [ RunTime:0.010954s ]
INFO: [ view_parse ] --END-- [ RunTime:0.011036s ]
INFO: [ view_filter ] --START--
INFO: Run Behavior\WriteHtmlCacheBehavior [ RunTime:0.000392s ]
INFO: [ view_filter ] --END-- [ RunTime:0.000451s ]
INFO: [ app_end ] --START--
INFO: Run Behavior\ShowPageTraceBehavior [ RunTime:0.000618s ]
INFO: [ app_end ] --END-- [ RunTime:0.000675s ]

[ 2016-03-30T10:15:14+08:00 ] 140.206.97.29 /hellomarkertest/hellomarkeradmin.php/Home/Index/articleShow/
INFO: [ app_init ] --START--
INFO: Run Behavior\BuildLiteBehavior [ RunTime:0.000023s ]
INFO: [ app_init ] --END-- [ RunTime:0.000465s ]
INFO: [ app_begin ] --START--
INFO: Run Behavior\ReadHtmlCacheBehavior [ RunTime:0.000574s ]
INFO: [ app_begin ] --END-- [ RunTime:0.000665s ]
SQL: SELECT mk_article.* FROM mk_article  ORDER BY articletop DESC,articleid DESC; [ RunTime:0.0052s ]
SQL: SELECT mk_article.* FROM mk_article  ORDER BY articletop DESC ,  articleid DESC LIMIT 0,10 ; [ RunTime:0.0024s ]
INFO: [ view_parse ] --START--
INFO: [ template_filter ] --START--
INFO: Run Behavior\ContentReplaceBehavior [ RunTime:0.000108s ]
INFO: [ template_filter ] --END-- [ RunTime:0.000196s ]
NOTIC: [8] Undefined variable: backFlag /data/home/qxu1152030011/htdocs/hellomarkertest/Hellomarkeradmin/Runtime/Cache/Home/172c90f94a918eb603a8d05fa3f490f0.php 第 67 行.
NOTIC: [8] Undefined variable: backFlag /data/home/qxu1152030011/htdocs/hellomarkertest/Hellomarkeradmin/Runtime/Cache/Home/172c90f94a918eb603a8d05fa3f490f0.php 第 71 行.
NOTIC: [8] Undefined variable: backFlag /data/home/qxu1152030011/htdocs/hellomarkertest/Hellomarkeradmin/Runtime/Cache/Home/172c90f94a918eb603a8d05fa3f490f0.php 第 75 行.
INFO: Run Behavior\ParseTemplateBehavior [ RunTime:0.010385s ]
INFO: [ view_parse ] --END-- [ RunTime:0.010462s ]
INFO: [ view_filter ] --START--
INFO: Run Behavior\WriteHtmlCacheBehavior [ RunTime:0.000368s ]
INFO: [ view_filter ] --END-- [ RunTime:0.000420s ]
INFO: [ app_end ] --START--
INFO: Run Behavior\ShowPageTraceBehavior [ RunTime:0.000646s ]
INFO: [ app_end ] --END-- [ RunTime:0.000708s ]

[ 2016-03-30T10:15:16+08:00 ] 101.226.66.175 /hellomarkertest/hellomarkeradmin.php/Home/Index/articleShow
INFO: [ app_init ] --START--
INFO: Run Behavior\BuildLiteBehavior [ RunTime:0.000031s ]
INFO: [ app_init ] --END-- [ RunTime:0.000540s ]
INFO: [ app_begin ] --START--
INFO: Run Behavior\ReadHtmlCacheBehavior [ RunTime:0.000687s ]
INFO: [ app_begin ] --END-- [ RunTime:0.000762s ]

[ 2016-03-30T10:15:16+08:00 ] 101.226.66.175 /hellomarkertest/hellomarkeradmin.php/Home/Admin/index.html
INFO: [ app_init ] --START--
INFO: Run Behavior\BuildLiteBehavior [ RunTime:0.000022s ]
INFO: [ app_init ] --END-- [ RunTime:0.000476s ]
INFO: [ app_begin ] --START--
INFO: Run Behavior\ReadHtmlCacheBehavior [ RunTime:0.000594s ]
INFO: [ app_begin ] --END-- [ RunTime:0.000669s ]
INFO: [ view_parse ] --START--
INFO: [ template_filter ] --START--
INFO: Run Behavior\ContentReplaceBehavior [ RunTime:0.000051s ]
INFO: [ template_filter ] --END-- [ RunTime:0.000121s ]
NOTIC: [8] Undefined variable: backFlag /data/home/qxu1152030011/htdocs/hellomarkertest/Hellomarkeradmin/Runtime/Cache/Home/c20890c45e00e43ed8438267dd8ca577.php 第 31 行.
INFO: Run Behavior\ParseTemplateBehavior [ RunTime:0.006553s ]
INFO: [ view_parse ] --END-- [ RunTime:0.006610s ]
INFO: [ view_filter ] --START--
INFO: Run Behavior\WriteHtmlCacheBehavior [ RunTime:0.000350s ]
INFO: [ view_filter ] --END-- [ RunTime:0.000467s ]
INFO: [ app_end ] --START--
INFO: Run Behavior\ShowPageTraceBehavior [ RunTime:0.000666s ]
INFO: [ app_end ] --END-- [ RunTime:0.000730s ]

[ 2016-03-30T10:17:02+08:00 ] 140.206.97.29 /hellomarkertest/hellomarkeradmin.php/Home/Index/articleShow/
INFO: [ app_init ] --START--
INFO: Run Behavior\BuildLiteBehavior [ RunTime:0.000029s ]
INFO: [ app_init ] --END-- [ RunTime:0.000646s ]
INFO: [ app_begin ] --START--
INFO: Run Behavior\ReadHtmlCacheBehavior [ RunTime:0.000620s ]
INFO: [ app_begin ] --END-- [ RunTime:0.000702s ]
SQL: SELECT mk_article.* FROM mk_article  ORDER BY articletop DESC,articleid DESC; [ RunTime:0.0049s ]
SQL: SELECT mk_article.* FROM mk_article  ORDER BY articletop DESC ,  articleid DESC LIMIT 0,10 ; [ RunTime:0.0022s ]
INFO: [ view_parse ] --START--
INFO: [ template_filter ] --START--
INFO: Run Behavior\ContentReplaceBehavior [ RunTime:0.000109s ]
INFO: [ template_filter ] --END-- [ RunTime:0.000205s ]
NOTIC: [8] Undefined variable: backFlag /data/home/qxu1152030011/htdocs/hellomarkertest/Hellomarkeradmin/Runtime/Cache/Home/172c90f94a918eb603a8d05fa3f490f0.php 第 67 行.
NOTIC: [8] Undefined variable: backFlag /data/home/qxu1152030011/htdocs/hellomarkertest/Hellomarkeradmin/Runtime/Cache/Home/172c90f94a918eb603a8d05fa3f490f0.php 第 71 行.
NOTIC: [8] Undefined variable: backFlag /data/home/qxu1152030011/htdocs/hellomarkertest/Hellomarkeradmin/Runtime/Cache/Home/172c90f94a918eb603a8d05fa3f490f0.php 第 75 行.
INFO: Run Behavior\ParseTemplateBehavior [ RunTime:0.011698s ]
INFO: [ view_parse ] --END-- [ RunTime:0.011778s ]
INFO: [ view_filter ] --START--
INFO: Run Behavior\WriteHtmlCacheBehavior [ RunTime:0.000371s ]
INFO: [ view_filter ] --END-- [ RunTime:0.000424s ]
INFO: [ app_end ] --START--
INFO: Run Behavior\ShowPageTraceBehavior [ RunTime:0.000681s ]
INFO: [ app_end ] --END-- [ RunTime:0.000747s ]

[ 2016-03-30T10:17:20+08:00 ] 140.206.97.29 /hellomarkertest/hellomarkeradmin.php/Home/Index/changeArticle/id/7
INFO: [ app_init ] --START--
INFO: Run Behavior\BuildLiteBehavior [ RunTime:0.000022s ]
INFO: [ app_init ] --END-- [ RunTime:0.000455s ]
INFO: [ app_begin ] --START--
INFO: Run Behavior\ReadHtmlCacheBehavior [ RunTime:0.000674s ]
INFO: [ app_begin ] --END-- [ RunTime:0.000762s ]
SQL: SELECT * FROM mk_article WHERE articleid=7 ; [ RunTime:0.0051s ]
NOTIC: [8] Undefined variable: articleRow /data/home/qxu1152030011/htdocs/hellomarkertest/Hellomarkeradmin/Home/Controller/IndexController.class.php 第 334 行.
INFO: [ view_parse ] --START--
INFO: [ template_filter ] --START--
INFO: Run Behavior\ContentReplaceBehavior [ RunTime:0.000103s ]
INFO: [ template_filter ] --END-- [ RunTime:0.000181s ]
NOTIC: [8] Undefined variable: backFlag /data/home/qxu1152030011/htdocs/hellomarkertest/Hellomarkeradmin/Runtime/Cache/Home/12026b806c678007d317ce5f71b8a20e.php 第 67 行.
NOTIC: [8] Undefined variable: backFlag /data/home/qxu1152030011/htdocs/hellomarkertest/Hellomarkeradmin/Runtime/Cache/Home/12026b806c678007d317ce5f71b8a20e.php 第 71 行.
NOTIC: [8] Undefined variable: backFlag /data/home/qxu1152030011/htdocs/hellomarkertest/Hellomarkeradmin/Runtime/Cache/Home/12026b806c678007d317ce5f71b8a20e.php 第 75 行.
INFO: Run Behavior\ParseTemplateBehavior [ RunTime:0.009645s ]
INFO: [ view_parse ] --END-- [ RunTime:0.009713s ]
INFO: [ view_filter ] --START--
INFO: Run Behavior\WriteHtmlCacheBehavior [ RunTime:0.000413s ]
INFO: [ view_filter ] --END-- [ RunTime:0.000472s ]
INFO: [ app_end ] --START--
INFO: Run Behavior\ShowPageTraceBehavior [ RunTime:0.000764s ]
INFO: [ app_end ] --END-- [ RunTime:0.000896s ]

