[ 2016-06-28T17:31:12+08:00 ] ::1 /hellomarkertest/marker.php
INFO: [ app_init ] --START--
INFO: Run Behavior\BuildLiteBehavior [ RunTime:0.000012s ]
INFO: [ app_init ] --END-- [ RunTime:0.000101s ]
INFO: [ app_begin ] --START--
INFO: Run Behavior\ReadHtmlCacheBehavior [ RunTime:0.000094s ]
INFO: [ app_begin ] --END-- [ RunTime:0.000156s ]
SQL: SELECT articleid,articlename,articleimg,articletime,articlebanner FROM mk_article ORDER BY articleid desc LIMIT 0,4 [ RunTime:0.0307s ]
SQL: SELECT mk_note.noteid,mk_note.notename,mk_note.userid,mk_note.isshare,mk_note.imagesrc,mk_user.userid,mk_user.usernickname from mk_note,mk_user WHERE mk_note.isshare=1 AND mk_note.userid=mk_user.userid ORDER BY noteid DESC limit 0,4; [ RunTime:0.0516s ]
SQL: SELECT mk_note.noteid,mk_note.notename,mk_note.isshare,mk_note.notediscusscount from mk_note WHERE mk_note.isshare=1 ORDER BY notediscusscount DESC LIMIT 0,4; [ RunTime:0.0408s ]
SQL: SELECT mk_note.noteid,mk_note.notename,mk_note.isshare,mk_note.notecollectcount from mk_note WHERE mk_note.isshare=1 ORDER BY notecollectcount DESC LIMIT 0,3; [ RunTime:0.0005s ]
INFO: [ view_parse ] --START--
INFO: [ template_filter ] --START--
INFO: Run Behavior\ContentReplaceBehavior [ RunTime:0.000167s ]
INFO: [ template_filter ] --END-- [ RunTime:0.000227s ]
INFO: Run Behavior\ParseTemplateBehavior [ RunTime:0.128691s ]
INFO: [ view_parse ] --END-- [ RunTime:0.128779s ]
INFO: [ view_filter ] --START--
INFO: Run Behavior\WriteHtmlCacheBehavior [ RunTime:0.013584s ]
INFO: [ view_filter ] --END-- [ RunTime:0.013652s ]
INFO: [ app_end ] --START--
INFO: Run Behavior\ShowPageTraceBehavior [ RunTime:0.000123s ]
INFO: [ app_end ] --END-- [ RunTime:0.000170s ]

