[ 2016-05-23T10:50:39+08:00 ] ::1 /hellomarkertest/marker.php
INFO: [ app_init ] --START--
INFO: Run Behavior\BuildLiteBehavior [ RunTime:0.000012s ]
INFO: [ app_init ] --END-- [ RunTime:0.000092s ]
INFO: [ app_begin ] --START--
INFO: Run Behavior\ReadHtmlCacheBehavior [ RunTime:0.000079s ]
INFO: [ app_begin ] --END-- [ RunTime:0.000131s ]
SQL: SELECT articleid,articlename,articleimg,articletime,articlebanner FROM mk_article ORDER BY articleid desc LIMIT 0,4 [ RunTime:0.0221s ]
SQL: SELECT mk_note.noteid,mk_note.notename,mk_note.userid,mk_note.isshare,mk_note.imagesrc,mk_user.userid,mk_user.usernickname from mk_note,mk_user WHERE mk_note.isshare=1 AND mk_note.userid=mk_user.userid ORDER BY noteid DESC limit 0,4; [ RunTime:0.0263s ]
SQL: SELECT mk_note.noteid,mk_note.notename,mk_note.isshare,mk_note.notediscusscount from mk_note WHERE mk_note.isshare=1 ORDER BY notediscusscount DESC LIMIT 0,4; [ RunTime:0.0016s ]
SQL: SELECT mk_note.noteid,mk_note.notename,mk_note.isshare,mk_note.notecollectcount from mk_note WHERE mk_note.isshare=1 ORDER BY notecollectcount DESC LIMIT 0,3; [ RunTime:0.0004s ]
INFO: [ view_parse ] --START--
INFO: [ template_filter ] --START--
INFO: Run Behavior\ContentReplaceBehavior [ RunTime:0.000167s ]
INFO: [ template_filter ] --END-- [ RunTime:0.000229s ]
INFO: Run Behavior\ParseTemplateBehavior [ RunTime:0.091316s ]
INFO: [ view_parse ] --END-- [ RunTime:0.091397s ]
INFO: [ view_filter ] --START--
INFO: Run Behavior\WriteHtmlCacheBehavior [ RunTime:0.009355s ]
INFO: [ view_filter ] --END-- [ RunTime:0.009420s ]
INFO: [ app_end ] --START--
INFO: Run Behavior\ShowPageTraceBehavior [ RunTime:0.000120s ]
INFO: [ app_end ] --END-- [ RunTime:0.000179s ]

[ 2016-05-23T10:50:41+08:00 ] ::1 /hellomarkertest/marker.php/Home/User/index
INFO: [ app_init ] --START--
INFO: Run Behavior\BuildLiteBehavior [ RunTime:0.000014s ]
INFO: [ app_init ] --END-- [ RunTime:0.000185s ]
INFO: [ app_begin ] --START--
INFO: Run Behavior\ReadHtmlCacheBehavior [ RunTime:0.000266s ]
INFO: [ app_begin ] --END-- [ RunTime:0.000334s ]
NOTIC: [8] Undefined variable: userInfo I:\appwork\xampp\htdocs\hellomarkertest\Marker\Home\Controller\UserController.class.php 第 7 行.
NOTIC: [8] Undefined variable: userInfo I:\appwork\xampp\htdocs\hellomarkertest\Marker\Home\Controller\UserController.class.php 第 8 行.
NOTIC: [8] Undefined variable: userInfo I:\appwork\xampp\htdocs\hellomarkertest\Marker\Home\Controller\UserController.class.php 第 9 行.
INFO: [ view_parse ] --START--
INFO: [ template_filter ] --START--
INFO: Run Behavior\ContentReplaceBehavior [ RunTime:0.000104s ]
INFO: [ template_filter ] --END-- [ RunTime:0.000166s ]
NOTIC: [8] Undefined variable: loginErrorFlag I:\appwork\xampp\htdocs\hellomarkertest\Marker\Runtime\Cache\Home\57c7e03e65e87150888c90c5f20d020b.php 第 118 行.
INFO: Run Behavior\ParseTemplateBehavior [ RunTime:0.029352s ]
INFO: [ view_parse ] --END-- [ RunTime:0.029414s ]
INFO: [ view_filter ] --START--
INFO: Run Behavior\WriteHtmlCacheBehavior [ RunTime:0.000230s ]
INFO: [ view_filter ] --END-- [ RunTime:0.000273s ]
INFO: [ app_end ] --START--
INFO: Run Behavior\ShowPageTraceBehavior [ RunTime:0.000211s ]
INFO: [ app_end ] --END-- [ RunTime:0.000253s ]

[ 2016-05-23T10:50:41+08:00 ] ::1 /hellomarkertest/marker.php/Home/User/verify
INFO: [ app_init ] --START--
INFO: Run Behavior\BuildLiteBehavior [ RunTime:0.000013s ]
INFO: [ app_init ] --END-- [ RunTime:0.000099s ]
INFO: [ app_begin ] --START--
INFO: Run Behavior\ReadHtmlCacheBehavior [ RunTime:0.000231s ]
INFO: [ app_begin ] --END-- [ RunTime:0.000287s ]
INFO: [ app_end ] --START--
INFO: Run Behavior\ShowPageTraceBehavior [ RunTime:0.000283s ]
INFO: [ app_end ] --END-- [ RunTime:0.000360s ]

[ 2016-05-23T10:50:51+08:00 ] ::1 /hellomarkertest/marker.php/Home/User/userLogin/
INFO: [ app_init ] --START--
INFO: Run Behavior\BuildLiteBehavior [ RunTime:0.000017s ]
INFO: [ app_init ] --END-- [ RunTime:0.000203s ]
INFO: [ app_begin ] --START--
INFO: Run Behavior\ReadHtmlCacheBehavior [ RunTime:0.000096s ]
INFO: [ app_begin ] --END-- [ RunTime:0.000151s ]
NOTIC: [8] Undefined index: userremember I:\appwork\xampp\htdocs\hellomarkertest\Marker\Home\Controller\UserController.class.php 第 17 行.
SQL: SELECT username,userid,usernickname,userpassword FROM mk_user WHERE username = 'ptbird' AND useractive=1; [ RunTime:0.0004s ]

[ 2016-05-23T10:50:51+08:00 ] ::1 /hellomarkertest/marker.php/Home/Index/index.html
INFO: [ app_init ] --START--
INFO: Run Behavior\BuildLiteBehavior [ RunTime:0.000013s ]
INFO: [ app_init ] --END-- [ RunTime:0.000095s ]
INFO: [ app_begin ] --START--
INFO: Run Behavior\ReadHtmlCacheBehavior [ RunTime:0.000077s ]
INFO: [ app_begin ] --END-- [ RunTime:0.000126s ]
SQL: SELECT articleid,articlename,articleimg,articletime,articlebanner FROM mk_article ORDER BY articleid desc LIMIT 0,4 [ RunTime:0.0004s ]
SQL: SELECT mk_note.noteid,mk_note.notename,mk_note.userid,mk_note.isshare,mk_note.imagesrc,mk_user.userid,mk_user.usernickname from mk_note,mk_user WHERE mk_note.isshare=1 AND mk_note.userid=mk_user.userid ORDER BY noteid DESC limit 0,4; [ RunTime:0.0003s ]
SQL: SELECT mk_note.noteid,mk_note.notename,mk_note.isshare,mk_note.notediscusscount from mk_note WHERE mk_note.isshare=1 ORDER BY notediscusscount DESC LIMIT 0,4; [ RunTime:0.0004s ]
SQL: SELECT mk_note.noteid,mk_note.notename,mk_note.isshare,mk_note.notecollectcount from mk_note WHERE mk_note.isshare=1 ORDER BY notecollectcount DESC LIMIT 0,3; [ RunTime:0.0004s ]
INFO: [ view_parse ] --START--
INFO: [ template_filter ] --START--
INFO: Run Behavior\ContentReplaceBehavior [ RunTime:0.000158s ]
INFO: [ template_filter ] --END-- [ RunTime:0.000218s ]
INFO: Run Behavior\ParseTemplateBehavior [ RunTime:0.013725s ]
INFO: [ view_parse ] --END-- [ RunTime:0.013803s ]
INFO: [ view_filter ] --START--
INFO: Run Behavior\WriteHtmlCacheBehavior [ RunTime:0.000391s ]
INFO: [ view_filter ] --END-- [ RunTime:0.000464s ]
INFO: [ app_end ] --START--
INFO: Run Behavior\ShowPageTraceBehavior [ RunTime:0.000110s ]
INFO: [ app_end ] --END-- [ RunTime:0.000160s ]

[ 2016-05-23T10:51:00+08:00 ] ::1 /hellomarkertest/marker.php/Home/Mobile/index.html
INFO: [ app_init ] --START--
INFO: Run Behavior\BuildLiteBehavior [ RunTime:0.000044s ]
INFO: [ app_init ] --END-- [ RunTime:0.000244s ]
INFO: [ app_begin ] --START--
INFO: Run Behavior\ReadHtmlCacheBehavior [ RunTime:0.000104s ]
INFO: [ app_begin ] --END-- [ RunTime:0.000156s ]
ERR: 无法加载控制器:Mobile

