[ 2016-04-06T00:03:13+08:00 ] ::1 /hellomarkertest/mobile.php/Home/App/
INFO: [ app_init ] --START--
INFO: Run Behavior\BuildLiteBehavior [ RunTime:0.000016s ]
INFO: [ app_init ] --END-- [ RunTime:0.000457s ]
INFO: [ app_begin ] --START--
INFO: Run Behavior\ReadHtmlCacheBehavior [ RunTime:0.000649s ]
INFO: [ app_begin ] --END-- [ RunTime:0.000711s ]
ERR: 无法加载控制器:App

[ 2016-04-06T00:03:15+08:00 ] ::1 /hellomarkertest/mobile.php/
INFO: [ app_init ] --START--
INFO: Run Behavior\BuildLiteBehavior [ RunTime:0.000016s ]
INFO: [ app_init ] --END-- [ RunTime:0.000405s ]
INFO: [ app_begin ] --START--
INFO: Run Behavior\ReadHtmlCacheBehavior [ RunTime:0.000505s ]
INFO: [ app_begin ] --END-- [ RunTime:0.000564s ]
SQL: SELECT articleid,articlename,articleimg,articletime,articlebanner FROM mk_article ORDER BY articletop desc , articleid desc LIMIT 0,4 [ RunTime:0.0005s ]
SQL: SELECT mk_note.noteid,mk_note.notename,mk_note.notediscusscount,mk_user.userid,mk_note.isshare,mk_note.imagesrc,mk_user.userid,mk_user.usernickname from mk_note,mk_user WHERE mk_note.isshare=1 AND mk_note.userid=mk_user.userid ORDER BY noteid DESC limit 0,4; [ RunTime:0.0004s ]
SQL: SELECT mk_note.noteid,mk_note.notename,mk_note.isshare,mk_note.notediscusscount from mk_note WHERE mk_note.isshare=1 ORDER BY notediscusscount DESC LIMIT 0,4; [ RunTime:0.0005s ]
SQL: SELECT mk_note.noteid,mk_note.notename,mk_note.isshare,mk_note.notecollectcount from mk_note WHERE mk_note.isshare=1 ORDER BY notecollectcount DESC LIMIT 0,3; [ RunTime:0.0004s ]
INFO: [ view_parse ] --START--
INFO: [ template_filter ] --START--
INFO: Run Behavior\ContentReplaceBehavior [ RunTime:0.000117s ]
INFO: [ template_filter ] --END-- [ RunTime:0.000181s ]
INFO: Run Behavior\ParseTemplateBehavior [ RunTime:0.056974s ]
INFO: [ view_parse ] --END-- [ RunTime:0.057040s ]
INFO: [ view_filter ] --START--
INFO: Run Behavior\WriteHtmlCacheBehavior [ RunTime:0.000381s ]
INFO: [ view_filter ] --END-- [ RunTime:0.000428s ]
INFO: [ app_end ] --START--
INFO: Run Behavior\ShowPageTraceBehavior [ RunTime:0.000633s ]
INFO: [ app_end ] --END-- [ RunTime:0.000687s ]

[ 2016-04-06T00:03:37+08:00 ] ::1 /hellomarkertest/mobile.php/Home/Index/noteShareInfo/id/181
INFO: [ app_init ] --START--
INFO: Run Behavior\BuildLiteBehavior [ RunTime:0.000018s ]
INFO: [ app_init ] --END-- [ RunTime:0.000469s ]
INFO: [ app_begin ] --START--
INFO: Run Behavior\ReadHtmlCacheBehavior [ RunTime:0.000662s ]
INFO: [ app_begin ] --END-- [ RunTime:0.000725s ]
SQL: SELECT mk_note.*,mk_user.userid,mk_user.usernickname from mk_note,mk_user WHERE mk_note.noteid=181 AND mk_user.userid=mk_note.userid; [ RunTime:0.0007s ]
SQL: SELECT * FROM mk_note_collect WHERE userid=1 AND noteid=181; [ RunTime:0.0389s ]
NOTIC: [8] Undefined variable: noteFlag I:\appwork\xampp\htdocs\hellomarkertest\Mobile\Home\Controller\IndexController.class.php 第 144 行.
SQL: SELECT discussid FROM mk_note_discuss WHERE noteid=181 [ RunTime:0.0002s ]
SQL: SELECT mk_note_discuss.*,mk_user.userid,mk_user.usernickname,mk_user.userlogo from mk_note_discuss,mk_user WHERE mk_note_discuss.noteid=181 AND mk_user.userid=mk_note_discuss.userid ORDER BY mk_note_discuss.discussid DESC LIMIT 0,10000 ; [ RunTime:0.0003s ]
SQL: SELECT discussid FROM mk_note_discuss WHERE isdelete=0 AND noteid=181; [ RunTime:0.0002s ]
INFO: [ view_parse ] --START--
INFO: [ template_filter ] --START--
INFO: Run Behavior\ContentReplaceBehavior [ RunTime:0.000108s ]
INFO: [ template_filter ] --END-- [ RunTime:0.000172s ]
INFO: Run Behavior\ParseTemplateBehavior [ RunTime:0.021326s ]
INFO: [ view_parse ] --END-- [ RunTime:0.021393s ]
INFO: [ view_filter ] --START--
INFO: Run Behavior\WriteHtmlCacheBehavior [ RunTime:0.000372s ]
INFO: [ view_filter ] --END-- [ RunTime:0.000418s ]
INFO: [ app_end ] --START--
INFO: Run Behavior\ShowPageTraceBehavior [ RunTime:0.000607s ]
INFO: [ app_end ] --END-- [ RunTime:0.000657s ]

[ 2016-04-06T00:07:23+08:00 ] ::1 /hellomarkertest/mobile.php/
INFO: [ app_init ] --START--
INFO: Run Behavior\BuildLiteBehavior [ RunTime:0.000017s ]
INFO: [ app_init ] --END-- [ RunTime:0.000472s ]
INFO: [ app_begin ] --START--
INFO: Run Behavior\ReadHtmlCacheBehavior [ RunTime:0.000965s ]
INFO: [ app_begin ] --END-- [ RunTime:0.001038s ]
SQL: SELECT articleid,articlename,articleimg,articletime,articlebanner FROM mk_article ORDER BY articletop desc , articleid desc LIMIT 0,4 [ RunTime:0.0005s ]
SQL: SELECT mk_note.noteid,mk_note.notename,mk_note.notediscusscount,mk_user.userid,mk_note.isshare,mk_note.imagesrc,mk_user.userid,mk_user.usernickname from mk_note,mk_user WHERE mk_note.isshare=1 AND mk_note.userid=mk_user.userid ORDER BY noteid DESC limit 0,4; [ RunTime:0.0004s ]
SQL: SELECT mk_note.noteid,mk_note.notename,mk_note.isshare,mk_note.notediscusscount from mk_note WHERE mk_note.isshare=1 ORDER BY notediscusscount DESC LIMIT 0,4; [ RunTime:0.0005s ]
SQL: SELECT mk_note.noteid,mk_note.notename,mk_note.isshare,mk_note.notecollectcount from mk_note WHERE mk_note.isshare=1 ORDER BY notecollectcount DESC LIMIT 0,3; [ RunTime:0.0004s ]
INFO: [ view_parse ] --START--
INFO: [ template_filter ] --START--
INFO: Run Behavior\ContentReplaceBehavior [ RunTime:0.000136s ]
INFO: [ template_filter ] --END-- [ RunTime:0.000203s ]
INFO: Run Behavior\ParseTemplateBehavior [ RunTime:0.015639s ]
INFO: [ view_parse ] --END-- [ RunTime:0.015706s ]
INFO: [ view_filter ] --START--
INFO: Run Behavior\WriteHtmlCacheBehavior [ RunTime:0.000626s ]
INFO: [ view_filter ] --END-- [ RunTime:0.000679s ]
INFO: [ app_end ] --START--
INFO: Run Behavior\ShowPageTraceBehavior [ RunTime:0.000913s ]
INFO: [ app_end ] --END-- [ RunTime:0.000969s ]

[ 2016-04-06T00:07:40+08:00 ] ::1 /hellomarkertest/mobile.php/
INFO: [ app_init ] --START--
INFO: Run Behavior\BuildLiteBehavior [ RunTime:0.000016s ]
INFO: [ app_init ] --END-- [ RunTime:0.000465s ]
INFO: [ app_begin ] --START--
INFO: Run Behavior\ReadHtmlCacheBehavior [ RunTime:0.000878s ]
INFO: [ app_begin ] --END-- [ RunTime:0.000940s ]
SQL: SELECT articleid,articlename,articleimg,articletime,articlebanner FROM mk_article ORDER BY articletop desc , articleid desc LIMIT 0,4 [ RunTime:0.0007s ]
SQL: SELECT mk_note.noteid,mk_note.notename,mk_note.notediscusscount,mk_user.userid,mk_note.isshare,mk_note.imagesrc,mk_user.userid,mk_user.usernickname from mk_note,mk_user WHERE mk_note.isshare=1 AND mk_note.userid=mk_user.userid ORDER BY noteid DESC limit 0,4; [ RunTime:0.0005s ]
SQL: SELECT mk_note.noteid,mk_note.notename,mk_note.isshare,mk_note.notediscusscount from mk_note WHERE mk_note.isshare=1 ORDER BY notediscusscount DESC LIMIT 0,4; [ RunTime:0.0005s ]
SQL: SELECT mk_note.noteid,mk_note.notename,mk_note.isshare,mk_note.notecollectcount from mk_note WHERE mk_note.isshare=1 ORDER BY notecollectcount DESC LIMIT 0,3; [ RunTime:0.0005s ]
INFO: [ view_parse ] --START--
INFO: [ template_filter ] --START--
INFO: Run Behavior\ContentReplaceBehavior [ RunTime:0.000135s ]
INFO: [ template_filter ] --END-- [ RunTime:0.000202s ]
INFO: Run Behavior\ParseTemplateBehavior [ RunTime:0.015724s ]
INFO: [ view_parse ] --END-- [ RunTime:0.015792s ]
INFO: [ view_filter ] --START--
INFO: Run Behavior\WriteHtmlCacheBehavior [ RunTime:0.000593s ]
INFO: [ view_filter ] --END-- [ RunTime:0.000644s ]
INFO: [ app_end ] --START--
INFO: Run Behavior\ShowPageTraceBehavior [ RunTime:0.000947s ]
INFO: [ app_end ] --END-- [ RunTime:0.001009s ]

[ 2016-04-06T00:08:12+08:00 ] ::1 /hellomarkertest/mobile.php/
INFO: [ app_init ] --START--
INFO: Run Behavior\BuildLiteBehavior [ RunTime:0.000016s ]
INFO: [ app_init ] --END-- [ RunTime:0.000456s ]
INFO: [ app_begin ] --START--
INFO: Run Behavior\ReadHtmlCacheBehavior [ RunTime:0.001061s ]
INFO: [ app_begin ] --END-- [ RunTime:0.001148s ]
SQL: SELECT articleid,articlename,articleimg,articletime,articlebanner FROM mk_article ORDER BY articletop desc , articleid desc LIMIT 0,4 [ RunTime:0.0005s ]
SQL: SELECT mk_note.noteid,mk_note.notename,mk_note.notediscusscount,mk_user.userid,mk_note.isshare,mk_note.imagesrc,mk_user.userid,mk_user.usernickname from mk_note,mk_user WHERE mk_note.isshare=1 AND mk_note.userid=mk_user.userid ORDER BY noteid DESC limit 0,4; [ RunTime:0.0003s ]
SQL: SELECT mk_note.noteid,mk_note.notename,mk_note.isshare,mk_note.notediscusscount from mk_note WHERE mk_note.isshare=1 ORDER BY notediscusscount DESC LIMIT 0,4; [ RunTime:0.0004s ]
SQL: SELECT mk_note.noteid,mk_note.notename,mk_note.isshare,mk_note.notecollectcount from mk_note WHERE mk_note.isshare=1 ORDER BY notecollectcount DESC LIMIT 0,3; [ RunTime:0.0003s ]
INFO: [ view_parse ] --START--
INFO: [ template_filter ] --START--
INFO: Run Behavior\ContentReplaceBehavior [ RunTime:0.000135s ]
INFO: [ template_filter ] --END-- [ RunTime:0.000203s ]
INFO: Run Behavior\ParseTemplateBehavior [ RunTime:0.015379s ]
INFO: [ view_parse ] --END-- [ RunTime:0.015445s ]
INFO: [ view_filter ] --START--
INFO: Run Behavior\WriteHtmlCacheBehavior [ RunTime:0.000582s ]
INFO: [ view_filter ] --END-- [ RunTime:0.000633s ]
INFO: [ app_end ] --START--
INFO: Run Behavior\ShowPageTraceBehavior [ RunTime:0.000897s ]
INFO: [ app_end ] --END-- [ RunTime:0.000963s ]

[ 2016-04-06T00:09:15+08:00 ] ::1 /hellomarkertest/mobile.php/
INFO: [ app_init ] --START--
INFO: Run Behavior\BuildLiteBehavior [ RunTime:0.000018s ]
INFO: [ app_init ] --END-- [ RunTime:0.000483s ]
INFO: [ app_begin ] --START--
INFO: Run Behavior\ReadHtmlCacheBehavior [ RunTime:0.000852s ]
INFO: [ app_begin ] --END-- [ RunTime:0.000957s ]
SQL: SELECT articleid,articlename,articleimg,articletime,articlebanner FROM mk_article ORDER BY articletop desc , articleid desc LIMIT 0,4 [ RunTime:0.0004s ]
SQL: SELECT mk_note.noteid,mk_note.notename,mk_note.notediscusscount,mk_user.userid,mk_note.isshare,mk_note.imagesrc,mk_user.userid,mk_user.usernickname from mk_note,mk_user WHERE mk_note.isshare=1 AND mk_note.userid=mk_user.userid ORDER BY noteid DESC limit 0,4; [ RunTime:0.0004s ]
SQL: SELECT mk_note.noteid,mk_note.notename,mk_note.isshare,mk_note.notediscusscount from mk_note WHERE mk_note.isshare=1 ORDER BY notediscusscount DESC LIMIT 0,4; [ RunTime:0.0005s ]
SQL: SELECT mk_note.noteid,mk_note.notename,mk_note.isshare,mk_note.notecollectcount from mk_note WHERE mk_note.isshare=1 ORDER BY notecollectcount DESC LIMIT 0,3; [ RunTime:0.0005s ]
INFO: [ view_parse ] --START--
INFO: [ template_filter ] --START--
INFO: Run Behavior\ContentReplaceBehavior [ RunTime:0.000134s ]
INFO: [ template_filter ] --END-- [ RunTime:0.000203s ]
INFO: Run Behavior\ParseTemplateBehavior [ RunTime:0.015382s ]
INFO: [ view_parse ] --END-- [ RunTime:0.015451s ]
INFO: [ view_filter ] --START--
INFO: Run Behavior\WriteHtmlCacheBehavior [ RunTime:0.000385s ]
INFO: [ view_filter ] --END-- [ RunTime:0.000435s ]
INFO: [ app_end ] --START--
INFO: Run Behavior\ShowPageTraceBehavior [ RunTime:0.000644s ]
INFO: [ app_end ] --END-- [ RunTime:0.000700s ]

[ 2016-04-06T00:09:36+08:00 ] ::1 /hellomarkertest/mobile.php/
INFO: [ app_init ] --START--
INFO: Run Behavior\BuildLiteBehavior [ RunTime:0.000015s ]
INFO: [ app_init ] --END-- [ RunTime:0.000404s ]
INFO: [ app_begin ] --START--
INFO: Run Behavior\ReadHtmlCacheBehavior [ RunTime:0.000510s ]
INFO: [ app_begin ] --END-- [ RunTime:0.000569s ]
SQL: SELECT articleid,articlename,articleimg,articletime,articlebanner FROM mk_article ORDER BY articletop desc , articleid desc LIMIT 0,4 [ RunTime:0.0004s ]
SQL: SELECT mk_note.noteid,mk_note.notename,mk_note.notediscusscount,mk_user.userid,mk_note.isshare,mk_note.imagesrc,mk_user.userid,mk_user.usernickname from mk_note,mk_user WHERE mk_note.isshare=1 AND mk_note.userid=mk_user.userid ORDER BY noteid DESC limit 0,4; [ RunTime:0.0003s ]
SQL: SELECT mk_note.noteid,mk_note.notename,mk_note.isshare,mk_note.notediscusscount from mk_note WHERE mk_note.isshare=1 ORDER BY notediscusscount DESC LIMIT 0,4; [ RunTime:0.0004s ]
SQL: SELECT mk_note.noteid,mk_note.notename,mk_note.isshare,mk_note.notecollectcount from mk_note WHERE mk_note.isshare=1 ORDER BY notecollectcount DESC LIMIT 0,3; [ RunTime:0.0004s ]
INFO: [ view_parse ] --START--
INFO: [ template_filter ] --START--
INFO: Run Behavior\ContentReplaceBehavior [ RunTime:0.000159s ]
INFO: [ template_filter ] --END-- [ RunTime:0.000284s ]
INFO: Run Behavior\ParseTemplateBehavior [ RunTime:0.014435s ]
INFO: [ view_parse ] --END-- [ RunTime:0.014504s ]
INFO: [ view_filter ] --START--
INFO: Run Behavior\WriteHtmlCacheBehavior [ RunTime:0.000273s ]
INFO: [ view_filter ] --END-- [ RunTime:0.000322s ]
INFO: [ app_end ] --START--
INFO: Run Behavior\ShowPageTraceBehavior [ RunTime:0.000535s ]
INFO: [ app_end ] --END-- [ RunTime:0.000590s ]

[ 2016-04-06T00:09:46+08:00 ] ::1 /hellomarkertest/mobile.php/
INFO: [ app_init ] --START--
INFO: Run Behavior\BuildLiteBehavior [ RunTime:0.000036s ]
INFO: [ app_init ] --END-- [ RunTime:0.000630s ]
INFO: [ app_begin ] --START--
INFO: Run Behavior\ReadHtmlCacheBehavior [ RunTime:0.000763s ]
INFO: [ app_begin ] --END-- [ RunTime:0.000826s ]
SQL: SELECT articleid,articlename,articleimg,articletime,articlebanner FROM mk_article ORDER BY articletop desc , articleid desc LIMIT 0,4 [ RunTime:0.0005s ]
SQL: SELECT mk_note.noteid,mk_note.notename,mk_note.notediscusscount,mk_user.userid,mk_note.isshare,mk_note.imagesrc,mk_user.userid,mk_user.usernickname from mk_note,mk_user WHERE mk_note.isshare=1 AND mk_note.userid=mk_user.userid ORDER BY noteid DESC limit 0,4; [ RunTime:0.0004s ]
SQL: SELECT mk_note.noteid,mk_note.notename,mk_note.isshare,mk_note.notediscusscount from mk_note WHERE mk_note.isshare=1 ORDER BY notediscusscount DESC LIMIT 0,4; [ RunTime:0.0005s ]
SQL: SELECT mk_note.noteid,mk_note.notename,mk_note.isshare,mk_note.notecollectcount from mk_note WHERE mk_note.isshare=1 ORDER BY notecollectcount DESC LIMIT 0,3; [ RunTime:0.0005s ]
INFO: [ view_parse ] --START--
INFO: [ template_filter ] --START--
INFO: Run Behavior\ContentReplaceBehavior [ RunTime:0.000143s ]
INFO: [ template_filter ] --END-- [ RunTime:0.000216s ]
INFO: Run Behavior\ParseTemplateBehavior [ RunTime:0.014780s ]
INFO: [ view_parse ] --END-- [ RunTime:0.014850s ]
INFO: [ view_filter ] --START--
INFO: Run Behavior\WriteHtmlCacheBehavior [ RunTime:0.000547s ]
INFO: [ view_filter ] --END-- [ RunTime:0.000596s ]
INFO: [ app_end ] --START--
INFO: Run Behavior\ShowPageTraceBehavior [ RunTime:0.000798s ]
INFO: [ app_end ] --END-- [ RunTime:0.000853s ]

[ 2016-04-06T00:10:01+08:00 ] ::1 /hellomarkertest/mobile.php/
INFO: [ app_init ] --START--
INFO: Run Behavior\BuildLiteBehavior [ RunTime:0.000017s ]
INFO: [ app_init ] --END-- [ RunTime:0.000469s ]
INFO: [ app_begin ] --START--
INFO: Run Behavior\ReadHtmlCacheBehavior [ RunTime:0.000772s ]
INFO: [ app_begin ] --END-- [ RunTime:0.000840s ]
SQL: SELECT articleid,articlename,articleimg,articletime,articlebanner FROM mk_article ORDER BY articletop desc , articleid desc LIMIT 0,4 [ RunTime:0.0009s ]
SQL: SELECT mk_note.noteid,mk_note.notename,mk_note.notediscusscount,mk_user.userid,mk_note.isshare,mk_note.imagesrc,mk_user.userid,mk_user.usernickname from mk_note,mk_user WHERE mk_note.isshare=1 AND mk_note.userid=mk_user.userid ORDER BY noteid DESC limit 0,4; [ RunTime:0.0009s ]
SQL: SELECT mk_note.noteid,mk_note.notename,mk_note.isshare,mk_note.notediscusscount from mk_note WHERE mk_note.isshare=1 ORDER BY notediscusscount DESC LIMIT 0,4; [ RunTime:0.0010s ]
SQL: SELECT mk_note.noteid,mk_note.notename,mk_note.isshare,mk_note.notecollectcount from mk_note WHERE mk_note.isshare=1 ORDER BY notecollectcount DESC LIMIT 0,3; [ RunTime:0.0005s ]
INFO: [ view_parse ] --START--
INFO: [ template_filter ] --START--
INFO: Run Behavior\ContentReplaceBehavior [ RunTime:0.000222s ]
INFO: [ template_filter ] --END-- [ RunTime:0.000425s ]
INFO: Run Behavior\ParseTemplateBehavior [ RunTime:0.017018s ]
INFO: [ view_parse ] --END-- [ RunTime:0.017094s ]
INFO: [ view_filter ] --START--
INFO: Run Behavior\WriteHtmlCacheBehavior [ RunTime:0.000567s ]
INFO: [ view_filter ] --END-- [ RunTime:0.000619s ]
INFO: [ app_end ] --START--
INFO: Run Behavior\ShowPageTraceBehavior [ RunTime:0.000818s ]
INFO: [ app_end ] --END-- [ RunTime:0.000877s ]

[ 2016-04-06T00:10:10+08:00 ] ::1 /hellomarkertest/mobile.php/
INFO: [ app_init ] --START--
INFO: Run Behavior\BuildLiteBehavior [ RunTime:0.000016s ]
INFO: [ app_init ] --END-- [ RunTime:0.000468s ]
INFO: [ app_begin ] --START--
INFO: Run Behavior\ReadHtmlCacheBehavior [ RunTime:0.000777s ]
INFO: [ app_begin ] --END-- [ RunTime:0.000840s ]
SQL: SELECT articleid,articlename,articleimg,articletime,articlebanner FROM mk_article ORDER BY articletop desc , articleid desc LIMIT 0,4 [ RunTime:0.0004s ]
SQL: SELECT mk_note.noteid,mk_note.notename,mk_note.notediscusscount,mk_user.userid,mk_note.isshare,mk_note.imagesrc,mk_user.userid,mk_user.usernickname from mk_note,mk_user WHERE mk_note.isshare=1 AND mk_note.userid=mk_user.userid ORDER BY noteid DESC limit 0,4; [ RunTime:0.0004s ]
SQL: SELECT mk_note.noteid,mk_note.notename,mk_note.isshare,mk_note.notediscusscount from mk_note WHERE mk_note.isshare=1 ORDER BY notediscusscount DESC LIMIT 0,4; [ RunTime:0.0004s ]
SQL: SELECT mk_note.noteid,mk_note.notename,mk_note.isshare,mk_note.notecollectcount from mk_note WHERE mk_note.isshare=1 ORDER BY notecollectcount DESC LIMIT 0,3; [ RunTime:0.0005s ]
INFO: [ view_parse ] --START--
INFO: [ template_filter ] --START--
INFO: Run Behavior\ContentReplaceBehavior [ RunTime:0.000134s ]
INFO: [ template_filter ] --END-- [ RunTime:0.000195s ]
INFO: Run Behavior\ParseTemplateBehavior [ RunTime:0.014894s ]
INFO: [ view_parse ] --END-- [ RunTime:0.014971s ]
INFO: [ view_filter ] --START--
INFO: Run Behavior\WriteHtmlCacheBehavior [ RunTime:0.000538s ]
INFO: [ view_filter ] --END-- [ RunTime:0.000587s ]
INFO: [ app_end ] --START--
INFO: Run Behavior\ShowPageTraceBehavior [ RunTime:0.000797s ]
INFO: [ app_end ] --END-- [ RunTime:0.000852s ]

[ 2016-04-06T00:10:17+08:00 ] ::1 /hellomarkertest/mobile.php/
INFO: [ app_init ] --START--
INFO: Run Behavior\BuildLiteBehavior [ RunTime:0.000020s ]
INFO: [ app_init ] --END-- [ RunTime:0.000492s ]
INFO: [ app_begin ] --START--
INFO: Run Behavior\ReadHtmlCacheBehavior [ RunTime:0.000661s ]
INFO: [ app_begin ] --END-- [ RunTime:0.000725s ]
SQL: SELECT articleid,articlename,articleimg,articletime,articlebanner FROM mk_article ORDER BY articletop desc , articleid desc LIMIT 0,4 [ RunTime:0.0004s ]
SQL: SELECT mk_note.noteid,mk_note.notename,mk_note.notediscusscount,mk_user.userid,mk_note.isshare,mk_note.imagesrc,mk_user.userid,mk_user.usernickname from mk_note,mk_user WHERE mk_note.isshare=1 AND mk_note.userid=mk_user.userid ORDER BY noteid DESC limit 0,4; [ RunTime:0.0005s ]
SQL: SELECT mk_note.noteid,mk_note.notename,mk_note.isshare,mk_note.notediscusscount from mk_note WHERE mk_note.isshare=1 ORDER BY notediscusscount DESC LIMIT 0,4; [ RunTime:0.0008s ]
SQL: SELECT mk_note.noteid,mk_note.notename,mk_note.isshare,mk_note.notecollectcount from mk_note WHERE mk_note.isshare=1 ORDER BY notecollectcount DESC LIMIT 0,3; [ RunTime:0.0007s ]
INFO: [ view_parse ] --START--
INFO: [ template_filter ] --START--
INFO: Run Behavior\ContentReplaceBehavior [ RunTime:0.000187s ]
INFO: [ template_filter ] --END-- [ RunTime:0.000294s ]
INFO: Run Behavior\ParseTemplateBehavior [ RunTime:0.017770s ]
INFO: [ view_parse ] --END-- [ RunTime:0.017857s ]
INFO: [ view_filter ] --START--
INFO: Run Behavior\WriteHtmlCacheBehavior [ RunTime:0.000533s ]
INFO: [ view_filter ] --END-- [ RunTime:0.000619s ]
INFO: [ app_end ] --START--
INFO: Run Behavior\ShowPageTraceBehavior [ RunTime:0.001143s ]
INFO: [ app_end ] --END-- [ RunTime:0.001251s ]

[ 2016-04-06T00:10:39+08:00 ] ::1 /hellomarkertest/mobile.php/
INFO: [ app_init ] --START--
INFO: Run Behavior\BuildLiteBehavior [ RunTime:0.000021s ]
INFO: [ app_init ] --END-- [ RunTime:0.000468s ]
INFO: [ app_begin ] --START--
INFO: Run Behavior\ReadHtmlCacheBehavior [ RunTime:0.000975s ]
INFO: [ app_begin ] --END-- [ RunTime:0.001067s ]
SQL: SELECT articleid,articlename,articleimg,articletime,articlebanner FROM mk_article ORDER BY articletop desc , articleid desc LIMIT 0,4 [ RunTime:0.0005s ]
SQL: SELECT mk_note.noteid,mk_note.notename,mk_note.notediscusscount,mk_user.userid,mk_note.isshare,mk_note.imagesrc,mk_user.userid,mk_user.usernickname from mk_note,mk_user WHERE mk_note.isshare=1 AND mk_note.userid=mk_user.userid ORDER BY noteid DESC limit 0,4; [ RunTime:0.0006s ]
SQL: SELECT mk_note.noteid,mk_note.notename,mk_note.isshare,mk_note.notediscusscount from mk_note WHERE mk_note.isshare=1 ORDER BY notediscusscount DESC LIMIT 0,4; [ RunTime:0.0005s ]
SQL: SELECT mk_note.noteid,mk_note.notename,mk_note.isshare,mk_note.notecollectcount from mk_note WHERE mk_note.isshare=1 ORDER BY notecollectcount DESC LIMIT 0,3; [ RunTime:0.0006s ]
INFO: [ view_parse ] --START--
INFO: [ template_filter ] --START--
INFO: Run Behavior\ContentReplaceBehavior [ RunTime:0.000137s ]
INFO: [ template_filter ] --END-- [ RunTime:0.000222s ]
INFO: Run Behavior\ParseTemplateBehavior [ RunTime:0.016313s ]
INFO: [ view_parse ] --END-- [ RunTime:0.016395s ]
INFO: [ view_filter ] --START--
INFO: Run Behavior\WriteHtmlCacheBehavior [ RunTime:0.000634s ]
INFO: [ view_filter ] --END-- [ RunTime:0.000687s ]
INFO: [ app_end ] --START--
INFO: Run Behavior\ShowPageTraceBehavior [ RunTime:0.000988s ]
INFO: [ app_end ] --END-- [ RunTime:0.001057s ]

[ 2016-04-06T00:11:12+08:00 ] ::1 /hellomarkertest/mobile.php/
INFO: [ app_init ] --START--
INFO: Run Behavior\BuildLiteBehavior [ RunTime:0.000015s ]
INFO: [ app_init ] --END-- [ RunTime:0.000463s ]
INFO: [ app_begin ] --START--
INFO: Run Behavior\ReadHtmlCacheBehavior [ RunTime:0.000757s ]
INFO: [ app_begin ] --END-- [ RunTime:0.000819s ]
SQL: SELECT articleid,articlename,articleimg,articletime,articlebanner FROM mk_article ORDER BY articletop desc , articleid desc LIMIT 0,4 [ RunTime:0.0004s ]
SQL: SELECT mk_note.noteid,mk_note.notename,mk_note.notediscusscount,mk_user.userid,mk_note.isshare,mk_note.imagesrc,mk_user.userid,mk_user.usernickname from mk_note,mk_user WHERE mk_note.isshare=1 AND mk_note.userid=mk_user.userid ORDER BY noteid DESC limit 0,4; [ RunTime:0.0004s ]
SQL: SELECT mk_note.noteid,mk_note.notename,mk_note.isshare,mk_note.notediscusscount from mk_note WHERE mk_note.isshare=1 ORDER BY notediscusscount DESC LIMIT 0,4; [ RunTime:0.0004s ]
SQL: SELECT mk_note.noteid,mk_note.notename,mk_note.isshare,mk_note.notecollectcount from mk_note WHERE mk_note.isshare=1 ORDER BY notecollectcount DESC LIMIT 0,3; [ RunTime:0.0004s ]
INFO: [ view_parse ] --START--
INFO: [ template_filter ] --START--
INFO: Run Behavior\ContentReplaceBehavior [ RunTime:0.000152s ]
INFO: [ template_filter ] --END-- [ RunTime:0.000224s ]
INFO: Run Behavior\ParseTemplateBehavior [ RunTime:0.015438s ]
INFO: [ view_parse ] --END-- [ RunTime:0.015510s ]
INFO: [ view_filter ] --START--
INFO: Run Behavior\WriteHtmlCacheBehavior [ RunTime:0.000551s ]
INFO: [ view_filter ] --END-- [ RunTime:0.000603s ]
INFO: [ app_end ] --START--
INFO: Run Behavior\ShowPageTraceBehavior [ RunTime:0.000792s ]
INFO: [ app_end ] --END-- [ RunTime:0.000849s ]

[ 2016-04-06T00:11:42+08:00 ] ::1 /hellomarkertest/mobile.php/
INFO: [ app_init ] --START--
INFO: Run Behavior\BuildLiteBehavior [ RunTime:0.000018s ]
INFO: [ app_init ] --END-- [ RunTime:0.000484s ]
INFO: [ app_begin ] --START--
INFO: Run Behavior\ReadHtmlCacheBehavior [ RunTime:0.000836s ]
INFO: [ app_begin ] --END-- [ RunTime:0.000915s ]
SQL: SELECT articleid,articlename,articleimg,articletime,articlebanner FROM mk_article ORDER BY articletop desc , articleid desc LIMIT 0,4 [ RunTime:0.0005s ]
SQL: SELECT mk_note.noteid,mk_note.notename,mk_note.notediscusscount,mk_user.userid,mk_note.isshare,mk_note.imagesrc,mk_user.userid,mk_user.usernickname from mk_note,mk_user WHERE mk_note.isshare=1 AND mk_note.userid=mk_user.userid ORDER BY noteid DESC limit 0,4; [ RunTime:0.0004s ]
SQL: SELECT mk_note.noteid,mk_note.notename,mk_note.isshare,mk_note.notediscusscount from mk_note WHERE mk_note.isshare=1 ORDER BY notediscusscount DESC LIMIT 0,4; [ RunTime:0.0004s ]
SQL: SELECT mk_note.noteid,mk_note.notename,mk_note.isshare,mk_note.notecollectcount from mk_note WHERE mk_note.isshare=1 ORDER BY notecollectcount DESC LIMIT 0,3; [ RunTime:0.0004s ]
INFO: [ view_parse ] --START--
INFO: [ template_filter ] --START--
INFO: Run Behavior\ContentReplaceBehavior [ RunTime:0.000141s ]
INFO: [ template_filter ] --END-- [ RunTime:0.000210s ]
INFO: Run Behavior\ParseTemplateBehavior [ RunTime:0.015430s ]
INFO: [ view_parse ] --END-- [ RunTime:0.015496s ]
INFO: [ view_filter ] --START--
INFO: Run Behavior\WriteHtmlCacheBehavior [ RunTime:0.000395s ]
INFO: [ view_filter ] --END-- [ RunTime:0.000443s ]
INFO: [ app_end ] --START--
INFO: Run Behavior\ShowPageTraceBehavior [ RunTime:0.000669s ]
INFO: [ app_end ] --END-- [ RunTime:0.000725s ]

[ 2016-04-06T00:11:55+08:00 ] ::1 /hellomarkertest/mobile.php/
INFO: [ app_init ] --START--
INFO: Run Behavior\BuildLiteBehavior [ RunTime:0.000016s ]
INFO: [ app_init ] --END-- [ RunTime:0.000398s ]
INFO: [ app_begin ] --START--
INFO: Run Behavior\ReadHtmlCacheBehavior [ RunTime:0.000513s ]
INFO: [ app_begin ] --END-- [ RunTime:0.000573s ]
SQL: SELECT articleid,articlename,articleimg,articletime,articlebanner FROM mk_article ORDER BY articletop desc , articleid desc LIMIT 0,4 [ RunTime:0.0004s ]
SQL: SELECT mk_note.noteid,mk_note.notename,mk_note.notediscusscount,mk_user.userid,mk_note.isshare,mk_note.imagesrc,mk_user.userid,mk_user.usernickname from mk_note,mk_user WHERE mk_note.isshare=1 AND mk_note.userid=mk_user.userid ORDER BY noteid DESC limit 0,4; [ RunTime:0.0004s ]
SQL: SELECT mk_note.noteid,mk_note.notename,mk_note.isshare,mk_note.notediscusscount from mk_note WHERE mk_note.isshare=1 ORDER BY notediscusscount DESC LIMIT 0,4; [ RunTime:0.0004s ]
SQL: SELECT mk_note.noteid,mk_note.notename,mk_note.isshare,mk_note.notecollectcount from mk_note WHERE mk_note.isshare=1 ORDER BY notecollectcount DESC LIMIT 0,3; [ RunTime:0.0004s ]
INFO: [ view_parse ] --START--
INFO: [ template_filter ] --START--
INFO: Run Behavior\ContentReplaceBehavior [ RunTime:0.000133s ]
INFO: [ template_filter ] --END-- [ RunTime:0.000190s ]
INFO: Run Behavior\ParseTemplateBehavior [ RunTime:0.013326s ]
INFO: [ view_parse ] --END-- [ RunTime:0.013389s ]
INFO: [ view_filter ] --START--
INFO: Run Behavior\WriteHtmlCacheBehavior [ RunTime:0.000259s ]
INFO: [ view_filter ] --END-- [ RunTime:0.000306s ]
INFO: [ app_end ] --START--
INFO: Run Behavior\ShowPageTraceBehavior [ RunTime:0.000529s ]
INFO: [ app_end ] --END-- [ RunTime:0.000583s ]

[ 2016-04-06T00:12:15+08:00 ] ::1 /hellomarkertest/mobile.php/
INFO: [ app_init ] --START--
INFO: Run Behavior\BuildLiteBehavior [ RunTime:0.000019s ]
INFO: [ app_init ] --END-- [ RunTime:0.000556s ]
INFO: [ app_begin ] --START--
INFO: Run Behavior\ReadHtmlCacheBehavior [ RunTime:0.001122s ]
INFO: [ app_begin ] --END-- [ RunTime:0.001220s ]
SQL: SELECT articleid,articlename,articleimg,articletime,articlebanner FROM mk_article ORDER BY articletop desc , articleid desc LIMIT 0,4 [ RunTime:0.0004s ]
SQL: SELECT mk_note.noteid,mk_note.notename,mk_note.notediscusscount,mk_user.userid,mk_note.isshare,mk_note.imagesrc,mk_user.userid,mk_user.usernickname from mk_note,mk_user WHERE mk_note.isshare=1 AND mk_note.userid=mk_user.userid ORDER BY noteid DESC limit 0,4; [ RunTime:0.0004s ]
SQL: SELECT mk_note.noteid,mk_note.notename,mk_note.isshare,mk_note.notediscusscount from mk_note WHERE mk_note.isshare=1 ORDER BY notediscusscount DESC LIMIT 0,4; [ RunTime:0.0005s ]
SQL: SELECT mk_note.noteid,mk_note.notename,mk_note.isshare,mk_note.notecollectcount from mk_note WHERE mk_note.isshare=1 ORDER BY notecollectcount DESC LIMIT 0,3; [ RunTime:0.0004s ]
INFO: [ view_parse ] --START--
INFO: [ template_filter ] --START--
INFO: Run Behavior\ContentReplaceBehavior [ RunTime:0.000155s ]
INFO: [ template_filter ] --END-- [ RunTime:0.000222s ]
INFO: Run Behavior\ParseTemplateBehavior [ RunTime:0.015076s ]
INFO: [ view_parse ] --END-- [ RunTime:0.015142s ]
INFO: [ view_filter ] --START--
INFO: Run Behavior\WriteHtmlCacheBehavior [ RunTime:0.000617s ]
INFO: [ view_filter ] --END-- [ RunTime:0.000667s ]
INFO: [ app_end ] --START--
INFO: Run Behavior\ShowPageTraceBehavior [ RunTime:0.000879s ]
INFO: [ app_end ] --END-- [ RunTime:0.000945s ]

[ 2016-04-06T00:12:27+08:00 ] ::1 /hellomarkertest/mobile.php/
INFO: [ app_init ] --START--
INFO: Run Behavior\BuildLiteBehavior [ RunTime:0.000016s ]
INFO: [ app_init ] --END-- [ RunTime:0.000477s ]
INFO: [ app_begin ] --START--
INFO: Run Behavior\ReadHtmlCacheBehavior [ RunTime:0.000775s ]
INFO: [ app_begin ] --END-- [ RunTime:0.000837s ]
SQL: SELECT articleid,articlename,articleimg,articletime,articlebanner FROM mk_article ORDER BY articletop desc , articleid desc LIMIT 0,4 [ RunTime:0.0006s ]
SQL: SELECT mk_note.noteid,mk_note.notename,mk_note.notediscusscount,mk_user.userid,mk_note.isshare,mk_note.imagesrc,mk_user.userid,mk_user.usernickname from mk_note,mk_user WHERE mk_note.isshare=1 AND mk_note.userid=mk_user.userid ORDER BY noteid DESC limit 0,4; [ RunTime:0.0004s ]
SQL: SELECT mk_note.noteid,mk_note.notename,mk_note.isshare,mk_note.notediscusscount from mk_note WHERE mk_note.isshare=1 ORDER BY notediscusscount DESC LIMIT 0,4; [ RunTime:0.0004s ]
SQL: SELECT mk_note.noteid,mk_note.notename,mk_note.isshare,mk_note.notecollectcount from mk_note WHERE mk_note.isshare=1 ORDER BY notecollectcount DESC LIMIT 0,3; [ RunTime:0.0004s ]
INFO: [ view_parse ] --START--
INFO: [ template_filter ] --START--
INFO: Run Behavior\ContentReplaceBehavior [ RunTime:0.000142s ]
INFO: [ template_filter ] --END-- [ RunTime:0.000198s ]
INFO: Run Behavior\ParseTemplateBehavior [ RunTime:0.014351s ]
INFO: [ view_parse ] --END-- [ RunTime:0.014440s ]
INFO: [ view_filter ] --START--
INFO: Run Behavior\WriteHtmlCacheBehavior [ RunTime:0.000654s ]
INFO: [ view_filter ] --END-- [ RunTime:0.000715s ]
INFO: [ app_end ] --START--
INFO: Run Behavior\ShowPageTraceBehavior [ RunTime:0.000861s ]
INFO: [ app_end ] --END-- [ RunTime:0.000937s ]

[ 2016-04-06T00:12:48+08:00 ] ::1 /hellomarkertest/mobile.php/
INFO: [ app_init ] --START--
INFO: Run Behavior\BuildLiteBehavior [ RunTime:0.000016s ]
INFO: [ app_init ] --END-- [ RunTime:0.000463s ]
INFO: [ app_begin ] --START--
INFO: Run Behavior\ReadHtmlCacheBehavior [ RunTime:0.000742s ]
INFO: [ app_begin ] --END-- [ RunTime:0.000802s ]
SQL: SELECT articleid,articlename,articleimg,articletime,articlebanner FROM mk_article ORDER BY articletop desc , articleid desc LIMIT 0,4 [ RunTime:0.0004s ]
SQL: SELECT mk_note.noteid,mk_note.notename,mk_note.notediscusscount,mk_user.userid,mk_note.isshare,mk_note.imagesrc,mk_user.userid,mk_user.usernickname from mk_note,mk_user WHERE mk_note.isshare=1 AND mk_note.userid=mk_user.userid ORDER BY noteid DESC limit 0,4; [ RunTime:0.0004s ]
SQL: SELECT mk_note.noteid,mk_note.notename,mk_note.isshare,mk_note.notediscusscount from mk_note WHERE mk_note.isshare=1 ORDER BY notediscusscount DESC LIMIT 0,4; [ RunTime:0.0005s ]
SQL: SELECT mk_note.noteid,mk_note.notename,mk_note.isshare,mk_note.notecollectcount from mk_note WHERE mk_note.isshare=1 ORDER BY notecollectcount DESC LIMIT 0,3; [ RunTime:0.0004s ]
INFO: [ view_parse ] --START--
INFO: [ template_filter ] --START--
INFO: Run Behavior\ContentReplaceBehavior [ RunTime:0.000126s ]
INFO: [ template_filter ] --END-- [ RunTime:0.000191s ]
INFO: Run Behavior\ParseTemplateBehavior [ RunTime:0.014099s ]
INFO: [ view_parse ] --END-- [ RunTime:0.014165s ]
INFO: [ view_filter ] --START--
INFO: Run Behavior\WriteHtmlCacheBehavior [ RunTime:0.000535s ]
INFO: [ view_filter ] --END-- [ RunTime:0.000585s ]
INFO: [ app_end ] --START--
INFO: Run Behavior\ShowPageTraceBehavior [ RunTime:0.000882s ]
INFO: [ app_end ] --END-- [ RunTime:0.000962s ]

[ 2016-04-06T00:12:50+08:00 ] ::1 /hellomarkertest/mobile.php/
INFO: [ app_init ] --START--
INFO: Run Behavior\BuildLiteBehavior [ RunTime:0.000017s ]
INFO: [ app_init ] --END-- [ RunTime:0.000460s ]
INFO: [ app_begin ] --START--
INFO: Run Behavior\ReadHtmlCacheBehavior [ RunTime:0.001283s ]
INFO: [ app_begin ] --END-- [ RunTime:0.001407s ]
SQL: SELECT articleid,articlename,articleimg,articletime,articlebanner FROM mk_article ORDER BY articletop desc , articleid desc LIMIT 0,4 [ RunTime:0.0004s ]
SQL: SELECT mk_note.noteid,mk_note.notename,mk_note.notediscusscount,mk_user.userid,mk_note.isshare,mk_note.imagesrc,mk_user.userid,mk_user.usernickname from mk_note,mk_user WHERE mk_note.isshare=1 AND mk_note.userid=mk_user.userid ORDER BY noteid DESC limit 0,4; [ RunTime:0.0004s ]
SQL: SELECT mk_note.noteid,mk_note.notename,mk_note.isshare,mk_note.notediscusscount from mk_note WHERE mk_note.isshare=1 ORDER BY notediscusscount DESC LIMIT 0,4; [ RunTime:0.0005s ]
SQL: SELECT mk_note.noteid,mk_note.notename,mk_note.isshare,mk_note.notecollectcount from mk_note WHERE mk_note.isshare=1 ORDER BY notecollectcount DESC LIMIT 0,3; [ RunTime:0.0004s ]
INFO: [ view_parse ] --START--
INFO: [ template_filter ] --START--
INFO: Run Behavior\ContentReplaceBehavior [ RunTime:0.000138s ]
INFO: [ template_filter ] --END-- [ RunTime:0.000207s ]
INFO: Run Behavior\ParseTemplateBehavior [ RunTime:0.014984s ]
INFO: [ view_parse ] --END-- [ RunTime:0.015052s ]
INFO: [ view_filter ] --START--
INFO: Run Behavior\WriteHtmlCacheBehavior [ RunTime:0.000615s ]
INFO: [ view_filter ] --END-- [ RunTime:0.000665s ]
INFO: [ app_end ] --START--
INFO: Run Behavior\ShowPageTraceBehavior [ RunTime:0.000885s ]
INFO: [ app_end ] --END-- [ RunTime:0.000940s ]

[ 2016-04-06T00:13:52+08:00 ] ::1 /hellomarkertest/mobile.php/
INFO: [ app_init ] --START--
INFO: Run Behavior\BuildLiteBehavior [ RunTime:0.000016s ]
INFO: [ app_init ] --END-- [ RunTime:0.000471s ]
INFO: [ app_begin ] --START--
INFO: Run Behavior\ReadHtmlCacheBehavior [ RunTime:0.000853s ]
INFO: [ app_begin ] --END-- [ RunTime:0.000914s ]
SQL: SELECT articleid,articlename,articleimg,articletime,articlebanner FROM mk_article ORDER BY articletop desc , articleid desc LIMIT 0,4 [ RunTime:0.0005s ]
SQL: SELECT mk_note.noteid,mk_note.notename,mk_note.notediscusscount,mk_user.userid,mk_note.isshare,mk_note.imagesrc,mk_user.userid,mk_user.usernickname from mk_note,mk_user WHERE mk_note.isshare=1 AND mk_note.userid=mk_user.userid ORDER BY noteid DESC limit 0,4; [ RunTime:0.0004s ]
SQL: SELECT mk_note.noteid,mk_note.notename,mk_note.isshare,mk_note.notediscusscount from mk_note WHERE mk_note.isshare=1 ORDER BY notediscusscount DESC LIMIT 0,4; [ RunTime:0.0004s ]
SQL: SELECT mk_note.noteid,mk_note.notename,mk_note.isshare,mk_note.notecollectcount from mk_note WHERE mk_note.isshare=1 ORDER BY notecollectcount DESC LIMIT 0,3; [ RunTime:0.0004s ]
INFO: [ view_parse ] --START--
INFO: [ template_filter ] --START--
INFO: Run Behavior\ContentReplaceBehavior [ RunTime:0.000130s ]
INFO: [ template_filter ] --END-- [ RunTime:0.000204s ]
INFO: Run Behavior\ParseTemplateBehavior [ RunTime:0.014565s ]
INFO: [ view_parse ] --END-- [ RunTime:0.014634s ]
INFO: [ view_filter ] --START--
INFO: Run Behavior\WriteHtmlCacheBehavior [ RunTime:0.000625s ]
INFO: [ view_filter ] --END-- [ RunTime:0.000676s ]
INFO: [ app_end ] --START--
INFO: Run Behavior\ShowPageTraceBehavior [ RunTime:0.000876s ]
INFO: [ app_end ] --END-- [ RunTime:0.000933s ]

[ 2016-04-06T00:30:50+08:00 ] ::1 /hellomarkertest/mobile.php/
INFO: [ app_init ] --START--
INFO: Run Behavior\BuildLiteBehavior [ RunTime:0.000017s ]
INFO: [ app_init ] --END-- [ RunTime:0.000482s ]
INFO: [ app_begin ] --START--
INFO: Run Behavior\ReadHtmlCacheBehavior [ RunTime:0.000683s ]
INFO: [ app_begin ] --END-- [ RunTime:0.000743s ]
SQL: SELECT articleid,articlename,articleimg,articletime,articlebanner FROM mk_article ORDER BY articletop desc , articleid desc LIMIT 0,4 [ RunTime:0.0005s ]
SQL: SELECT mk_note.noteid,mk_note.notename,mk_note.notediscusscount,mk_user.userid,mk_note.isshare,mk_note.imagesrc,mk_user.userid,mk_user.usernickname from mk_note,mk_user WHERE mk_note.isshare=1 AND mk_note.userid=mk_user.userid ORDER BY noteid DESC limit 0,4; [ RunTime:0.0003s ]
SQL: SELECT mk_note.noteid,mk_note.notename,mk_note.isshare,mk_note.notediscusscount from mk_note WHERE mk_note.isshare=1 ORDER BY notediscusscount DESC LIMIT 0,4; [ RunTime:0.0004s ]
SQL: SELECT mk_note.noteid,mk_note.notename,mk_note.isshare,mk_note.notecollectcount from mk_note WHERE mk_note.isshare=1 ORDER BY notecollectcount DESC LIMIT 0,3; [ RunTime:0.0003s ]
INFO: [ view_parse ] --START--
INFO: [ template_filter ] --START--
INFO: Run Behavior\ContentReplaceBehavior [ RunTime:0.000119s ]
INFO: [ template_filter ] --END-- [ RunTime:0.000185s ]
INFO: Run Behavior\ParseTemplateBehavior [ RunTime:0.014125s ]
INFO: [ view_parse ] --END-- [ RunTime:0.014188s ]
INFO: [ view_filter ] --START--
INFO: Run Behavior\WriteHtmlCacheBehavior [ RunTime:0.000385s ]
INFO: [ view_filter ] --END-- [ RunTime:0.000433s ]
INFO: [ app_end ] --START--
INFO: Run Behavior\ShowPageTraceBehavior [ RunTime:0.000633s ]
INFO: [ app_end ] --END-- [ RunTime:0.000686s ]

[ 2016-04-06T00:31:13+08:00 ] ::1 /hellomarkertest/mobile.php/
INFO: [ app_init ] --START--
INFO: Run Behavior\BuildLiteBehavior [ RunTime:0.000017s ]
INFO: [ app_init ] --END-- [ RunTime:0.000484s ]
INFO: [ app_begin ] --START--
INFO: Run Behavior\ReadHtmlCacheBehavior [ RunTime:0.000799s ]
INFO: [ app_begin ] --END-- [ RunTime:0.000865s ]
SQL: SELECT articleid,articlename,articleimg,articletime,articlebanner FROM mk_article ORDER BY articletop desc , articleid desc LIMIT 0,4 [ RunTime:0.0004s ]
SQL: SELECT mk_note.noteid,mk_note.notename,mk_note.notediscusscount,mk_user.userid,mk_note.isshare,mk_note.imagesrc,mk_user.userid,mk_user.usernickname from mk_note,mk_user WHERE mk_note.isshare=1 AND mk_note.userid=mk_user.userid ORDER BY noteid DESC limit 0,4; [ RunTime:0.0004s ]
SQL: SELECT mk_note.noteid,mk_note.notename,mk_note.isshare,mk_note.notediscusscount from mk_note WHERE mk_note.isshare=1 ORDER BY notediscusscount DESC LIMIT 0,4; [ RunTime:0.0005s ]
SQL: SELECT mk_note.noteid,mk_note.notename,mk_note.isshare,mk_note.notecollectcount from mk_note WHERE mk_note.isshare=1 ORDER BY notecollectcount DESC LIMIT 0,3; [ RunTime:0.0004s ]
INFO: [ view_parse ] --START--
INFO: [ template_filter ] --START--
INFO: Run Behavior\ContentReplaceBehavior [ RunTime:0.000129s ]
INFO: [ template_filter ] --END-- [ RunTime:0.000193s ]
INFO: Run Behavior\ParseTemplateBehavior [ RunTime:0.014569s ]
INFO: [ view_parse ] --END-- [ RunTime:0.014633s ]
INFO: [ view_filter ] --START--
INFO: Run Behavior\WriteHtmlCacheBehavior [ RunTime:0.000533s ]
INFO: [ view_filter ] --END-- [ RunTime:0.000581s ]
INFO: [ app_end ] --START--
INFO: Run Behavior\ShowPageTraceBehavior [ RunTime:0.000782s ]
INFO: [ app_end ] --END-- [ RunTime:0.000838s ]

[ 2016-04-06T00:32:03+08:00 ] ::1 /hellomarkertest/mobile.php/
INFO: [ app_init ] --START--
INFO: Run Behavior\BuildLiteBehavior [ RunTime:0.000017s ]
INFO: [ app_init ] --END-- [ RunTime:0.000479s ]
INFO: [ app_begin ] --START--
INFO: Run Behavior\ReadHtmlCacheBehavior [ RunTime:0.000704s ]
INFO: [ app_begin ] --END-- [ RunTime:0.000765s ]
SQL: SELECT articleid,articlename,articleimg,articletime,articlebanner FROM mk_article ORDER BY articletop desc , articleid desc LIMIT 0,4 [ RunTime:0.0004s ]
SQL: SELECT mk_note.noteid,mk_note.notename,mk_note.notediscusscount,mk_user.userid,mk_note.isshare,mk_note.imagesrc,mk_user.userid,mk_user.usernickname from mk_note,mk_user WHERE mk_note.isshare=1 AND mk_note.userid=mk_user.userid ORDER BY noteid DESC limit 0,4; [ RunTime:0.0004s ]
SQL: SELECT mk_note.noteid,mk_note.notename,mk_note.isshare,mk_note.notediscusscount from mk_note WHERE mk_note.isshare=1 ORDER BY notediscusscount DESC LIMIT 0,4; [ RunTime:0.0004s ]
SQL: SELECT mk_note.noteid,mk_note.notename,mk_note.isshare,mk_note.notecollectcount from mk_note WHERE mk_note.isshare=1 ORDER BY notecollectcount DESC LIMIT 0,3; [ RunTime:0.0004s ]
INFO: [ view_parse ] --START--
INFO: [ template_filter ] --START--
INFO: Run Behavior\ContentReplaceBehavior [ RunTime:0.000122s ]
INFO: [ template_filter ] --END-- [ RunTime:0.000191s ]
INFO: Run Behavior\ParseTemplateBehavior [ RunTime:0.013898s ]
INFO: [ view_parse ] --END-- [ RunTime:0.013961s ]
INFO: [ view_filter ] --START--
INFO: Run Behavior\WriteHtmlCacheBehavior [ RunTime:0.000386s ]
INFO: [ view_filter ] --END-- [ RunTime:0.000436s ]
INFO: [ app_end ] --START--
INFO: Run Behavior\ShowPageTraceBehavior [ RunTime:0.000632s ]
INFO: [ app_end ] --END-- [ RunTime:0.000685s ]

[ 2016-04-06T00:36:52+08:00 ] ::1 /hellomarkertest/mobile.php/
INFO: [ app_init ] --START--
INFO: Run Behavior\BuildLiteBehavior [ RunTime:0.000015s ]
INFO: [ app_init ] --END-- [ RunTime:0.000474s ]
INFO: [ app_begin ] --START--
INFO: Run Behavior\ReadHtmlCacheBehavior [ RunTime:0.000787s ]
INFO: [ app_begin ] --END-- [ RunTime:0.000848s ]
SQL: SELECT articleid,articlename,articleimg,articletime,articlebanner FROM mk_article ORDER BY articletop desc , articleid desc LIMIT 0,4 [ RunTime:0.0005s ]
SQL: SELECT mk_note.noteid,mk_note.notename,mk_note.notediscusscount,mk_user.userid,mk_note.isshare,mk_note.imagesrc,mk_user.userid,mk_user.usernickname from mk_note,mk_user WHERE mk_note.isshare=1 AND mk_note.userid=mk_user.userid ORDER BY noteid DESC limit 0,4; [ RunTime:0.0004s ]
SQL: SELECT mk_note.noteid,mk_note.notename,mk_note.isshare,mk_note.notediscusscount from mk_note WHERE mk_note.isshare=1 ORDER BY notediscusscount DESC LIMIT 0,4; [ RunTime:0.0005s ]
SQL: SELECT mk_note.noteid,mk_note.notename,mk_note.isshare,mk_note.notecollectcount from mk_note WHERE mk_note.isshare=1 ORDER BY notecollectcount DESC LIMIT 0,3; [ RunTime:0.0006s ]
INFO: [ view_parse ] --START--
INFO: [ template_filter ] --START--
INFO: Run Behavior\ContentReplaceBehavior [ RunTime:0.000205s ]
INFO: [ template_filter ] --END-- [ RunTime:0.000316s ]
INFO: Run Behavior\ParseTemplateBehavior [ RunTime:0.015568s ]
INFO: [ view_parse ] --END-- [ RunTime:0.015645s ]
INFO: [ view_filter ] --START--
INFO: Run Behavior\WriteHtmlCacheBehavior [ RunTime:0.000509s ]
INFO: [ view_filter ] --END-- [ RunTime:0.000560s ]
INFO: [ app_end ] --START--
INFO: Run Behavior\ShowPageTraceBehavior [ RunTime:0.000761s ]
INFO: [ app_end ] --END-- [ RunTime:0.000816s ]

