[ 2016-04-02T13:05:07+08:00 ] 117.136.8.239 /hellomarkertest/mobile.php
INFO: [ app_init ] --START--
INFO: Run Behavior\BuildLiteBehavior [ RunTime:0.000022s ]
INFO: [ app_init ] --END-- [ RunTime:0.000461s ]
INFO: [ app_begin ] --START--
INFO: Run Behavior\ReadHtmlCacheBehavior [ RunTime:0.000584s ]
INFO: [ app_begin ] --END-- [ RunTime:0.000655s ]
SQL: SELECT articleid,articlename,articleimg,articletime,articlebanner FROM mk_article ORDER BY articletop desc , articleid desc LIMIT 0,4 [ RunTime:0.0013s ]
SQL: SELECT mk_note.noteid,mk_note.notename,mk_note.notediscusscount,mk_user.userid,mk_note.isshare,mk_note.imagesrc,mk_user.userid,mk_user.usernickname from mk_note,mk_user WHERE mk_note.isshare=1 AND mk_note.userid=mk_user.userid ORDER BY noteid DESC limit 0,4; [ RunTime:0.0014s ]
SQL: SELECT mk_note.noteid,mk_note.notename,mk_note.isshare,mk_note.notediscusscount from mk_note WHERE mk_note.isshare=1 ORDER BY notediscusscount DESC LIMIT 0,4; [ RunTime:0.0016s ]
SQL: SELECT mk_note.noteid,mk_note.notename,mk_note.isshare,mk_note.notecollectcount from mk_note WHERE mk_note.isshare=1 ORDER BY notecollectcount DESC LIMIT 0,3; [ RunTime:0.0010s ]
INFO: [ view_parse ] --START--
INFO: [ template_filter ] --START--
INFO: Run Behavior\ContentReplaceBehavior [ RunTime:0.000146s ]
INFO: [ template_filter ] --END-- [ RunTime:0.000249s ]
NOTIC: [8] Undefined offset: 2 /data/home/qxu1152030011/htdocs/hellomarkertest/Mobile/Runtime/Cache/Home/0a5fa87ae321438159a5bb13b646fdcb.php 第 38 行.
NOTIC: [8] Undefined offset: 2 /data/home/qxu1152030011/htdocs/hellomarkertest/Mobile/Runtime/Cache/Home/0a5fa87ae321438159a5bb13b646fdcb.php 第 39 行.
INFO: Run Behavior\ParseTemplateBehavior [ RunTime:0.032958s ]
INFO: [ view_parse ] --END-- [ RunTime:0.033034s ]
INFO: [ view_filter ] --START--
INFO: Run Behavior\WriteHtmlCacheBehavior [ RunTime:0.000384s ]
INFO: [ view_filter ] --END-- [ RunTime:0.000450s ]
INFO: [ app_end ] --START--
INFO: Run Behavior\ShowPageTraceBehavior [ RunTime:0.000612s ]
INFO: [ app_end ] --END-- [ RunTime:0.000670s ]

[ 2016-04-02T16:58:27+08:00 ] 112.17.239.9 /hellomarkertest/mobile.php
INFO: [ app_init ] --START--
INFO: Run Behavior\BuildLiteBehavior [ RunTime:0.000025s ]
INFO: [ app_init ] --END-- [ RunTime:0.000507s ]
INFO: [ app_begin ] --START--
INFO: Run Behavior\ReadHtmlCacheBehavior [ RunTime:0.000591s ]
INFO: [ app_begin ] --END-- [ RunTime:0.000664s ]
SQL: SELECT articleid,articlename,articleimg,articletime,articlebanner FROM mk_article ORDER BY articletop desc , articleid desc LIMIT 0,4 [ RunTime:0.0014s ]
SQL: SELECT mk_note.noteid,mk_note.notename,mk_note.notediscusscount,mk_user.userid,mk_note.isshare,mk_note.imagesrc,mk_user.userid,mk_user.usernickname from mk_note,mk_user WHERE mk_note.isshare=1 AND mk_note.userid=mk_user.userid ORDER BY noteid DESC limit 0,4; [ RunTime:0.0011s ]
SQL: SELECT mk_note.noteid,mk_note.notename,mk_note.isshare,mk_note.notediscusscount from mk_note WHERE mk_note.isshare=1 ORDER BY notediscusscount DESC LIMIT 0,4; [ RunTime:0.0013s ]
SQL: SELECT mk_note.noteid,mk_note.notename,mk_note.isshare,mk_note.notecollectcount from mk_note WHERE mk_note.isshare=1 ORDER BY notecollectcount DESC LIMIT 0,3; [ RunTime:0.0010s ]
INFO: [ view_parse ] --START--
INFO: [ template_filter ] --START--
INFO: Run Behavior\ContentReplaceBehavior [ RunTime:0.000130s ]
INFO: [ template_filter ] --END-- [ RunTime:0.000219s ]
NOTIC: [8] Undefined offset: 2 /data/home/qxu1152030011/htdocs/hellomarkertest/Mobile/Runtime/Cache/Home/0a5fa87ae321438159a5bb13b646fdcb.php 第 38 行.
NOTIC: [8] Undefined offset: 2 /data/home/qxu1152030011/htdocs/hellomarkertest/Mobile/Runtime/Cache/Home/0a5fa87ae321438159a5bb13b646fdcb.php 第 39 行.
INFO: Run Behavior\ParseTemplateBehavior [ RunTime:0.013270s ]
INFO: [ view_parse ] --END-- [ RunTime:0.013341s ]
INFO: [ view_filter ] --START--
INFO: Run Behavior\WriteHtmlCacheBehavior [ RunTime:0.000360s ]
INFO: [ view_filter ] --END-- [ RunTime:0.000412s ]
INFO: [ app_end ] --START--
INFO: Run Behavior\ShowPageTraceBehavior [ RunTime:0.000583s ]
INFO: [ app_end ] --END-- [ RunTime:0.000640s ]

[ 2016-04-02T16:59:48+08:00 ] 112.17.239.9 /hellomarkertest/mobile.php/Home/Work/
INFO: [ app_init ] --START--
INFO: Run Behavior\BuildLiteBehavior [ RunTime:0.000029s ]
INFO: [ app_init ] --END-- [ RunTime:0.000533s ]
INFO: [ app_begin ] --START--
INFO: Run Behavior\ReadHtmlCacheBehavior [ RunTime:0.000722s ]
INFO: [ app_begin ] --END-- [ RunTime:0.000813s ]
SQL: SELECT * FROM mk_work WHERE userid = 1 AND worktime=1459526400 ORDER BY worklevel desc; [ RunTime:0.0012s ]
NOTIC: [8] Undefined index: date /data/home/qxu1152030011/htdocs/hellomarkertest/Mobile/Home/Controller/WorkController.class.php 第 55 行.
SQL: SELECT worktime,GROUP_CONCAT(workname),GROUP_CONCAT(workid),GROUP_CONCAT(workother),GROUP_CONCAT(worklevel) FROM mk_work WHERE userid = 1 AND worktime<1459526400  GROUP BY worktime ORDER BY worktime ASC , worklevel desc; [ RunTime:0.0012s ]
SQL: SELECT worktime,GROUP_CONCAT(workname),GROUP_CONCAT(workid),GROUP_CONCAT(workother),GROUP_CONCAT(worklevel) FROM mk_work WHERE userid = 1 AND worktime>=1459526400  GROUP BY worktime ORDER BY worktime ASC , worklevel desc; [ RunTime:0.0011s ]
INFO: [ view_parse ] --START--
INFO: [ template_filter ] --START--
INFO: Run Behavior\ContentReplaceBehavior [ RunTime:0.000124s ]
INFO: [ template_filter ] --END-- [ RunTime:0.000194s ]
NOTIC: [8] Undefined variable: myChangeErrorFlag /data/home/qxu1152030011/htdocs/hellomarkertest/Mobile/Runtime/Cache/Home/992c1e30d033df3179a1b18b5161aef7.php 第 65 行.
INFO: Run Behavior\ParseTemplateBehavior [ RunTime:0.031953s ]
INFO: [ view_parse ] --END-- [ RunTime:0.032032s ]
INFO: [ view_filter ] --START--
INFO: Run Behavior\WriteHtmlCacheBehavior [ RunTime:0.000385s ]
INFO: [ view_filter ] --END-- [ RunTime:0.000439s ]
INFO: [ app_end ] --START--
INFO: Run Behavior\ShowPageTraceBehavior [ RunTime:0.000553s ]
INFO: [ app_end ] --END-- [ RunTime:0.000610s ]

[ 2016-04-02T16:59:55+08:00 ] 112.17.239.9 /hellomarkertest/mobile.php/Home/Weather/
INFO: [ app_init ] --START--
INFO: Run Behavior\BuildLiteBehavior [ RunTime:0.000022s ]
INFO: [ app_init ] --END-- [ RunTime:0.000482s ]
INFO: [ app_begin ] --START--
INFO: Run Behavior\ReadHtmlCacheBehavior [ RunTime:0.000602s ]
INFO: [ app_begin ] --END-- [ RunTime:0.000678s ]
INFO: [ view_parse ] --START--
INFO: [ template_filter ] --START--
INFO: Run Behavior\ContentReplaceBehavior [ RunTime:0.000181s ]
INFO: [ template_filter ] --END-- [ RunTime:0.000278s ]
NOTIC: [8] Undefined variable: myChangeErrorFlag /data/home/qxu1152030011/htdocs/hellomarkertest/Mobile/Runtime/Cache/Home/ddfecca5e7e70e4072684c5a3679d8c2.php 第 68 行.
NOTIC: [8] Undefined index: text /data/home/qxu1152030011/htdocs/hellomarkertest/Mobile/Runtime/Cache/Home/ddfecca5e7e70e4072684c5a3679d8c2.php 第 75 行.
NOTIC: [8] Undefined index: cond['txt_d'] /data/home/qxu1152030011/htdocs/hellomarkertest/Mobile/Runtime/Cache/Home/ddfecca5e7e70e4072684c5a3679d8c2.php 第 184 行.
NOTIC: [8] Undefined index: cond['txt_n'] /data/home/qxu1152030011/htdocs/hellomarkertest/Mobile/Runtime/Cache/Home/ddfecca5e7e70e4072684c5a3679d8c2.php 第 196 行.
NOTIC: [8] Undefined index: cond['txt_d'] /data/home/qxu1152030011/htdocs/hellomarkertest/Mobile/Runtime/Cache/Home/ddfecca5e7e70e4072684c5a3679d8c2.php 第 184 行.
NOTIC: [8] Undefined index: cond['txt_n'] /data/home/qxu1152030011/htdocs/hellomarkertest/Mobile/Runtime/Cache/Home/ddfecca5e7e70e4072684c5a3679d8c2.php 第 196 行.
NOTIC: [8] Undefined index: cond['txt_d'] /data/home/qxu1152030011/htdocs/hellomarkertest/Mobile/Runtime/Cache/Home/ddfecca5e7e70e4072684c5a3679d8c2.php 第 184 行.
NOTIC: [8] Undefined index: cond['txt_n'] /data/home/qxu1152030011/htdocs/hellomarkertest/Mobile/Runtime/Cache/Home/ddfecca5e7e70e4072684c5a3679d8c2.php 第 196 行.
NOTIC: [8] Undefined index: cond['txt_d'] /data/home/qxu1152030011/htdocs/hellomarkertest/Mobile/Runtime/Cache/Home/ddfecca5e7e70e4072684c5a3679d8c2.php 第 184 行.
NOTIC: [8] Undefined index: cond['txt_n'] /data/home/qxu1152030011/htdocs/hellomarkertest/Mobile/Runtime/Cache/Home/ddfecca5e7e70e4072684c5a3679d8c2.php 第 196 行.
NOTIC: [8] Undefined index: cond['txt_d'] /data/home/qxu1152030011/htdocs/hellomarkertest/Mobile/Runtime/Cache/Home/ddfecca5e7e70e4072684c5a3679d8c2.php 第 184 行.
NOTIC: [8] Undefined index: cond['txt_n'] /data/home/qxu1152030011/htdocs/hellomarkertest/Mobile/Runtime/Cache/Home/ddfecca5e7e70e4072684c5a3679d8c2.php 第 196 行.
NOTIC: [8] Undefined index: cond['txt_d'] /data/home/qxu1152030011/htdocs/hellomarkertest/Mobile/Runtime/Cache/Home/ddfecca5e7e70e4072684c5a3679d8c2.php 第 184 行.
NOTIC: [8] Undefined index: cond['txt_n'] /data/home/qxu1152030011/htdocs/hellomarkertest/Mobile/Runtime/Cache/Home/ddfecca5e7e70e4072684c5a3679d8c2.php 第 196 行.
NOTIC: [8] Undefined index: cond['txt_d'] /data/home/qxu1152030011/htdocs/hellomarkertest/Mobile/Runtime/Cache/Home/ddfecca5e7e70e4072684c5a3679d8c2.php 第 184 行.
NOTIC: [8] Undefined index: cond['txt_n'] /data/home/qxu1152030011/htdocs/hellomarkertest/Mobile/Runtime/Cache/Home/ddfecca5e7e70e4072684c5a3679d8c2.php 第 196 行.
INFO: Run Behavior\ParseTemplateBehavior [ RunTime:0.061137s ]
INFO: [ view_parse ] --END-- [ RunTime:0.061236s ]
INFO: [ view_filter ] --START--
INFO: Run Behavior\WriteHtmlCacheBehavior [ RunTime:0.000337s ]
INFO: [ view_filter ] --END-- [ RunTime:0.000389s ]
INFO: [ app_end ] --START--
INFO: Run Behavior\ShowPageTraceBehavior [ RunTime:0.000924s ]
INFO: [ app_end ] --END-- [ RunTime:0.000993s ]

[ 2016-04-02T18:45:13+08:00 ] 111.14.210.191 /hellomarkertest/mobile.php
INFO: [ app_init ] --START--
INFO: Run Behavior\BuildLiteBehavior [ RunTime:0.000021s ]
INFO: [ app_init ] --END-- [ RunTime:0.000452s ]
INFO: [ app_begin ] --START--
INFO: Run Behavior\ReadHtmlCacheBehavior [ RunTime:0.000616s ]
INFO: [ app_begin ] --END-- [ RunTime:0.000688s ]
SQL: SELECT articleid,articlename,articleimg,articletime,articlebanner FROM mk_article ORDER BY articletop desc , articleid desc LIMIT 0,4 [ RunTime:0.0014s ]
SQL: SELECT mk_note.noteid,mk_note.notename,mk_note.notediscusscount,mk_user.userid,mk_note.isshare,mk_note.imagesrc,mk_user.userid,mk_user.usernickname from mk_note,mk_user WHERE mk_note.isshare=1 AND mk_note.userid=mk_user.userid ORDER BY noteid DESC limit 0,4; [ RunTime:0.0014s ]
SQL: SELECT mk_note.noteid,mk_note.notename,mk_note.isshare,mk_note.notediscusscount from mk_note WHERE mk_note.isshare=1 ORDER BY notediscusscount DESC LIMIT 0,4; [ RunTime:0.0008s ]
SQL: SELECT mk_note.noteid,mk_note.notename,mk_note.isshare,mk_note.notecollectcount from mk_note WHERE mk_note.isshare=1 ORDER BY notecollectcount DESC LIMIT 0,3; [ RunTime:0.0011s ]
INFO: [ view_parse ] --START--
INFO: [ template_filter ] --START--
INFO: Run Behavior\ContentReplaceBehavior [ RunTime:0.000132s ]
INFO: [ template_filter ] --END-- [ RunTime:0.000211s ]
NOTIC: [8] Undefined offset: 2 /data/home/qxu1152030011/htdocs/hellomarkertest/Mobile/Runtime/Cache/Home/0a5fa87ae321438159a5bb13b646fdcb.php 第 38 行.
NOTIC: [8] Undefined offset: 2 /data/home/qxu1152030011/htdocs/hellomarkertest/Mobile/Runtime/Cache/Home/0a5fa87ae321438159a5bb13b646fdcb.php 第 39 行.
INFO: Run Behavior\ParseTemplateBehavior [ RunTime:0.013772s ]
INFO: [ view_parse ] --END-- [ RunTime:0.013838s ]
INFO: [ view_filter ] --START--
INFO: Run Behavior\WriteHtmlCacheBehavior [ RunTime:0.000336s ]
INFO: [ view_filter ] --END-- [ RunTime:0.000387s ]
INFO: [ app_end ] --START--
INFO: Run Behavior\ShowPageTraceBehavior [ RunTime:0.000600s ]
INFO: [ app_end ] --END-- [ RunTime:0.000655s ]

[ 2016-04-02T18:45:58+08:00 ] 111.14.210.191 /hellomarkertest/mobile.php/Home/Index/markerShare/shareType/address/selectName/%E8%8B%8F%E5%B7%9E/cid/c3/sid/address
INFO: [ app_init ] --START--
INFO: Run Behavior\BuildLiteBehavior [ RunTime:0.000048s ]
INFO: [ app_init ] --END-- [ RunTime:0.000683s ]
INFO: [ app_begin ] --START--
INFO: Run Behavior\ReadHtmlCacheBehavior [ RunTime:0.000664s ]
INFO: [ app_begin ] --END-- [ RunTime:0.000763s ]
SQL: SELECT count(mk_note.isshare)  from mk_note WHERE mk_note.isshare = 1 AND mk_note.noteaddress LIKE '%苏州%'; [ RunTime:0.0013s ]
SQL: SELECT mk_note.noteid,mk_note.notename,mk_note.imagesrc,mk_note.notetime,mk_note.isshare,mk_note.notediscusscount,mk_note.userid,mk_user.userid,mk_user.usernickname,mk_user.userlogo,mk_note_share.sharetime,mk_note_share.noteid  from mk_note,mk_user,mk_note_share  WHERE mk_note.isshare=1 AND mk_note.userid=mk_user.userid  AND mk_note_share.noteid=mk_note.noteid AND mk_note.noteaddress LIKE '%苏州%' ORDER BY mk_note.noteid DESC  ; [ RunTime:0.0018s ]
SQL: SELECT mk_user.username AS discussname,mk_note_discuss.discusstime FROM mk_note_discuss,mk_user WHERE mk_note_discuss.userid=mk_user.userid AND mk_note_discuss.noteid=180 ORDER BY mk_note_discuss.discussid LIMIT 0,1; [ RunTime:0.0010s ]
SQL: SELECT mk_note.noteid,mk_note.notename,mk_note.isshare,mk_note.notecollectcount from mk_note WHERE mk_note.isshare=1 ORDER BY notecollectcount DESC LIMIT 0,4; [ RunTime:0.0010s ]
INFO: [ view_parse ] --START--
INFO: [ template_filter ] --START--
INFO: Run Behavior\ContentReplaceBehavior [ RunTime:0.000124s ]
INFO: [ template_filter ] --END-- [ RunTime:0.000217s ]
INFO: Run Behavior\ParseTemplateBehavior [ RunTime:0.025752s ]
INFO: [ view_parse ] --END-- [ RunTime:0.025855s ]
INFO: [ view_filter ] --START--
INFO: Run Behavior\WriteHtmlCacheBehavior [ RunTime:0.000361s ]
INFO: [ view_filter ] --END-- [ RunTime:0.000449s ]
INFO: [ app_end ] --START--
INFO: Run Behavior\ShowPageTraceBehavior [ RunTime:0.000663s ]
INFO: [ app_end ] --END-- [ RunTime:0.000727s ]

[ 2016-04-02T18:46:04+08:00 ] 111.14.210.191 /hellomarkertest/mobile.php/Home/Work/
INFO: [ app_init ] --START--
INFO: Run Behavior\BuildLiteBehavior [ RunTime:0.000021s ]
INFO: [ app_init ] --END-- [ RunTime:0.000533s ]
INFO: [ app_begin ] --START--
INFO: Run Behavior\ReadHtmlCacheBehavior [ RunTime:0.000612s ]
INFO: [ app_begin ] --END-- [ RunTime:0.000693s ]
INFO: [ view_parse ] --START--
INFO: [ template_filter ] --START--
INFO: Run Behavior\ContentReplaceBehavior [ RunTime:0.000079s ]
INFO: [ template_filter ] --END-- [ RunTime:0.000189s ]
INFO: Run Behavior\ParseTemplateBehavior [ RunTime:0.103840s ]
INFO: [ view_parse ] --END-- [ RunTime:0.103967s ]
INFO: [ view_filter ] --START--
INFO: Run Behavior\WriteHtmlCacheBehavior [ RunTime:0.000394s ]
INFO: [ view_filter ] --END-- [ RunTime:0.000456s ]
INFO: [ app_end ] --START--
INFO: Run Behavior\ShowPageTraceBehavior [ RunTime:0.000728s ]
INFO: [ app_end ] --END-- [ RunTime:0.000791s ]

[ 2016-04-02T18:46:11+08:00 ] 111.14.210.191 /hellomarkertest/mobile.php/Home/User/
INFO: [ app_init ] --START--
INFO: Run Behavior\BuildLiteBehavior [ RunTime:0.000021s ]
INFO: [ app_init ] --END-- [ RunTime:0.000465s ]
INFO: [ app_begin ] --START--
INFO: Run Behavior\ReadHtmlCacheBehavior [ RunTime:0.000579s ]
INFO: [ app_begin ] --END-- [ RunTime:0.000659s ]
NOTIC: [8] Undefined variable: userInfo /data/home/qxu1152030011/htdocs/hellomarkertest/Mobile/Home/Controller/UserController.class.php 第 7 行.
NOTIC: [8] Undefined variable: userInfo /data/home/qxu1152030011/htdocs/hellomarkertest/Mobile/Home/Controller/UserController.class.php 第 8 行.
NOTIC: [8] Undefined variable: userInfo /data/home/qxu1152030011/htdocs/hellomarkertest/Mobile/Home/Controller/UserController.class.php 第 9 行.
INFO: [ view_parse ] --START--
INFO: [ template_filter ] --START--
INFO: Run Behavior\ContentReplaceBehavior [ RunTime:0.000094s ]
INFO: [ template_filter ] --END-- [ RunTime:0.001150s ]
NOTIC: [8] Undefined variable: loginErrorFlag /data/home/qxu1152030011/htdocs/hellomarkertest/Mobile/Runtime/Cache/Home/d1ab5416fdc61b334de461083aa993bd.php 第 58 行.
INFO: Run Behavior\ParseTemplateBehavior [ RunTime:0.070989s ]
INFO: [ view_parse ] --END-- [ RunTime:0.071107s ]
INFO: [ view_filter ] --START--
INFO: Run Behavior\WriteHtmlCacheBehavior [ RunTime:0.000380s ]
INFO: [ view_filter ] --END-- [ RunTime:0.000436s ]
INFO: [ app_end ] --START--
INFO: Run Behavior\ShowPageTraceBehavior [ RunTime:0.000639s ]
INFO: [ app_end ] --END-- [ RunTime:0.000693s ]

[ 2016-04-02T18:46:12+08:00 ] 111.14.210.191 /hellomarkertest/mobile.php/Home/User/verify
INFO: [ app_init ] --START--
INFO: Run Behavior\BuildLiteBehavior [ RunTime:0.000024s ]
INFO: [ app_init ] --END-- [ RunTime:0.000546s ]
INFO: [ app_begin ] --START--
INFO: Run Behavior\ReadHtmlCacheBehavior [ RunTime:0.000619s ]
INFO: [ app_begin ] --END-- [ RunTime:0.000712s ]
INFO: [ app_end ] --START--
INFO: Run Behavior\ShowPageTraceBehavior [ RunTime:0.000708s ]
INFO: [ app_end ] --END-- [ RunTime:0.000798s ]

[ 2016-04-02T18:46:18+08:00 ] 111.14.210.191 /hellomarkertest/mobile.php/Home/User/userHome/
INFO: [ app_init ] --START--
INFO: Run Behavior\BuildLiteBehavior [ RunTime:0.000022s ]
INFO: [ app_init ] --END-- [ RunTime:0.000477s ]
INFO: [ app_begin ] --START--
INFO: Run Behavior\ReadHtmlCacheBehavior [ RunTime:0.000577s ]
INFO: [ app_begin ] --END-- [ RunTime:0.000654s ]
SQL: SELECT * FROM mk_user WHERE username='0'; [ RunTime:0.0011s ]
INFO: [ view_parse ] --START--
INFO: [ template_filter ] --START--
INFO: Run Behavior\ContentReplaceBehavior [ RunTime:0.000091s ]
INFO: [ template_filter ] --END-- [ RunTime:0.000173s ]
INFO: Run Behavior\ParseTemplateBehavior [ RunTime:0.010687s ]
INFO: [ view_parse ] --END-- [ RunTime:0.010775s ]
INFO: [ view_filter ] --START--
INFO: Run Behavior\WriteHtmlCacheBehavior [ RunTime:0.000729s ]
INFO: [ view_filter ] --END-- [ RunTime:0.000833s ]
INFO: [ app_end ] --START--
INFO: Run Behavior\ShowPageTraceBehavior [ RunTime:0.000780s ]
INFO: [ app_end ] --END-- [ RunTime:0.000863s ]

[ 2016-04-02T18:46:49+08:00 ] 111.14.210.191 /hellomarkertest/mobile.php
INFO: [ app_init ] --START--
INFO: Run Behavior\BuildLiteBehavior [ RunTime:0.000023s ]
INFO: [ app_init ] --END-- [ RunTime:0.000502s ]
INFO: [ app_begin ] --START--
INFO: Run Behavior\ReadHtmlCacheBehavior [ RunTime:0.000576s ]
INFO: [ app_begin ] --END-- [ RunTime:0.000649s ]
SQL: SELECT articleid,articlename,articleimg,articletime,articlebanner FROM mk_article ORDER BY articletop desc , articleid desc LIMIT 0,4 [ RunTime:0.0009s ]
SQL: SELECT mk_note.noteid,mk_note.notename,mk_note.notediscusscount,mk_user.userid,mk_note.isshare,mk_note.imagesrc,mk_user.userid,mk_user.usernickname from mk_note,mk_user WHERE mk_note.isshare=1 AND mk_note.userid=mk_user.userid ORDER BY noteid DESC limit 0,4; [ RunTime:0.0008s ]
SQL: SELECT mk_note.noteid,mk_note.notename,mk_note.isshare,mk_note.notediscusscount from mk_note WHERE mk_note.isshare=1 ORDER BY notediscusscount DESC LIMIT 0,4; [ RunTime:0.0008s ]
SQL: SELECT mk_note.noteid,mk_note.notename,mk_note.isshare,mk_note.notecollectcount from mk_note WHERE mk_note.isshare=1 ORDER BY notecollectcount DESC LIMIT 0,3; [ RunTime:0.0008s ]
INFO: [ view_parse ] --START--
INFO: [ template_filter ] --START--
INFO: Run Behavior\ContentReplaceBehavior [ RunTime:0.000145s ]
INFO: [ template_filter ] --END-- [ RunTime:0.000242s ]
NOTIC: [8] Undefined offset: 2 /data/home/qxu1152030011/htdocs/hellomarkertest/Mobile/Runtime/Cache/Home/0a5fa87ae321438159a5bb13b646fdcb.php 第 38 行.
NOTIC: [8] Undefined offset: 2 /data/home/qxu1152030011/htdocs/hellomarkertest/Mobile/Runtime/Cache/Home/0a5fa87ae321438159a5bb13b646fdcb.php 第 39 行.
INFO: Run Behavior\ParseTemplateBehavior [ RunTime:0.012638s ]
INFO: [ view_parse ] --END-- [ RunTime:0.012704s ]
INFO: [ view_filter ] --START--
INFO: Run Behavior\WriteHtmlCacheBehavior [ RunTime:0.000416s ]
INFO: [ view_filter ] --END-- [ RunTime:0.000506s ]
INFO: [ app_end ] --START--
INFO: Run Behavior\ShowPageTraceBehavior [ RunTime:0.000578s ]
INFO: [ app_end ] --END-- [ RunTime:0.000634s ]

[ 2016-04-02T18:47:34+08:00 ] 111.14.210.191 /hellomarkertest/mobile.php/Home/Article/article/id/1
INFO: [ app_init ] --START--
INFO: Run Behavior\BuildLiteBehavior [ RunTime:0.000022s ]
INFO: [ app_init ] --END-- [ RunTime:0.000492s ]
INFO: [ app_begin ] --START--
INFO: Run Behavior\ReadHtmlCacheBehavior [ RunTime:0.000679s ]
INFO: [ app_begin ] --END-- [ RunTime:0.000756s ]
SQL: SELECT * FROM mk_article where articleid=1 [ RunTime:0.0020s ]
INFO: [ view_parse ] --START--
INFO: [ template_filter ] --START--
INFO: Run Behavior\ContentReplaceBehavior [ RunTime:0.000074s ]
INFO: [ template_filter ] --END-- [ RunTime:0.000147s ]
INFO: Run Behavior\ParseTemplateBehavior [ RunTime:0.022170s ]
INFO: [ view_parse ] --END-- [ RunTime:0.022251s ]
INFO: [ view_filter ] --START--
INFO: Run Behavior\WriteHtmlCacheBehavior [ RunTime:0.000339s ]
INFO: [ view_filter ] --END-- [ RunTime:0.000395s ]

[ 2016-04-02T20:31:35+08:00 ] 115.193.85.255 /hellomarkertest/mobile.php/Home/
INFO: [ app_init ] --START--
INFO: Run Behavior\BuildLiteBehavior [ RunTime:0.000027s ]
INFO: [ app_init ] --END-- [ RunTime:0.000669s ]
INFO: [ app_begin ] --START--
INFO: Run Behavior\ReadHtmlCacheBehavior [ RunTime:0.000629s ]
INFO: [ app_begin ] --END-- [ RunTime:0.000707s ]
SQL: SELECT articleid,articlename,articleimg,articletime,articlebanner FROM mk_article ORDER BY articletop desc , articleid desc LIMIT 0,4 [ RunTime:0.0016s ]
SQL: SELECT mk_note.noteid,mk_note.notename,mk_note.notediscusscount,mk_user.userid,mk_note.isshare,mk_note.imagesrc,mk_user.userid,mk_user.usernickname from mk_note,mk_user WHERE mk_note.isshare=1 AND mk_note.userid=mk_user.userid ORDER BY noteid DESC limit 0,4; [ RunTime:0.0018s ]
SQL: SELECT mk_note.noteid,mk_note.notename,mk_note.isshare,mk_note.notediscusscount from mk_note WHERE mk_note.isshare=1 ORDER BY notediscusscount DESC LIMIT 0,4; [ RunTime:0.0019s ]
SQL: SELECT mk_note.noteid,mk_note.notename,mk_note.isshare,mk_note.notecollectcount from mk_note WHERE mk_note.isshare=1 ORDER BY notecollectcount DESC LIMIT 0,3; [ RunTime:0.0011s ]
INFO: [ view_parse ] --START--
INFO: [ template_filter ] --START--
INFO: Run Behavior\ContentReplaceBehavior [ RunTime:0.000130s ]
INFO: [ template_filter ] --END-- [ RunTime:0.000206s ]
NOTIC: [8] Undefined offset: 2 /data/home/qxu1152030011/htdocs/hellomarkertest/Mobile/Runtime/Cache/Home/0a5fa87ae321438159a5bb13b646fdcb.php 第 38 行.
NOTIC: [8] Undefined offset: 2 /data/home/qxu1152030011/htdocs/hellomarkertest/Mobile/Runtime/Cache/Home/0a5fa87ae321438159a5bb13b646fdcb.php 第 39 行.
INFO: Run Behavior\ParseTemplateBehavior [ RunTime:0.012290s ]
INFO: [ view_parse ] --END-- [ RunTime:0.012367s ]
INFO: [ view_filter ] --START--
INFO: Run Behavior\WriteHtmlCacheBehavior [ RunTime:0.000331s ]
INFO: [ view_filter ] --END-- [ RunTime:0.000381s ]
INFO: [ app_end ] --START--
INFO: Run Behavior\ShowPageTraceBehavior [ RunTime:0.000590s ]
INFO: [ app_end ] --END-- [ RunTime:0.000645s ]

[ 2016-04-02T20:31:37+08:00 ] 115.193.85.255 /hellomarkertest/mobile.php/Home/Article/
INFO: [ app_init ] --START--
INFO: Run Behavior\BuildLiteBehavior [ RunTime:0.000022s ]
INFO: [ app_init ] --END-- [ RunTime:0.000481s ]
INFO: [ app_begin ] --START--
INFO: Run Behavior\ReadHtmlCacheBehavior [ RunTime:0.000583s ]
INFO: [ app_begin ] --END-- [ RunTime:0.000657s ]
SQL: SELECT * FROM mk_article ORDER BY articleTop DESC,articleid DESC [ RunTime:0.0046s ]
INFO: [ view_parse ] --START--
INFO: [ template_filter ] --START--
INFO: Run Behavior\ContentReplaceBehavior [ RunTime:0.000081s ]
INFO: [ template_filter ] --END-- [ RunTime:0.000151s ]
INFO: Run Behavior\ParseTemplateBehavior [ RunTime:0.008965s ]
INFO: [ view_parse ] --END-- [ RunTime:0.009040s ]
INFO: [ view_filter ] --START--
INFO: Run Behavior\WriteHtmlCacheBehavior [ RunTime:0.000377s ]
INFO: [ view_filter ] --END-- [ RunTime:0.000552s ]
INFO: [ app_end ] --START--
INFO: Run Behavior\ShowPageTraceBehavior [ RunTime:0.000699s ]
INFO: [ app_end ] --END-- [ RunTime:0.000775s ]

[ 2016-04-02T20:31:39+08:00 ] 115.193.85.255 /hellomarkertest/mobile.php/Home/Index/markerShare/sid/all/
INFO: [ app_init ] --START--
INFO: Run Behavior\BuildLiteBehavior [ RunTime:0.000024s ]
INFO: [ app_init ] --END-- [ RunTime:0.000506s ]
INFO: [ app_begin ] --START--
INFO: Run Behavior\ReadHtmlCacheBehavior [ RunTime:0.000720s ]
INFO: [ app_begin ] --END-- [ RunTime:0.000829s ]
NOTIC: [8] Undefined index: shareType /data/home/qxu1152030011/htdocs/hellomarkertest/Mobile/Home/Controller/IndexController.class.php 第 38 行.
SQL: SELECT count(mk_note.isshare)  from mk_note WHERE mk_note.isshare = 1; [ RunTime:0.0012s ]
SQL: SELECT mk_note.noteid,mk_note.notename,mk_note.imagesrc,mk_note.notetime,mk_note.isshare,mk_note.notediscusscount,mk_note.userid,mk_user.userid,mk_user.usernickname,mk_user.userlogo ,mk_note_share.sharetime,mk_note_share.noteid from mk_note,mk_user,mk_note_share WHERE mk_note.isshare=1 AND mk_note.userid=mk_user.userid  AND mk_note_share.noteid=mk_note.noteid ORDER BY mk_note.noteid DESC  [ RunTime:0.0050s ]
SQL: SELECT mk_user.username AS discussname,mk_note_discuss.discusstime FROM mk_note_discuss,mk_user WHERE mk_note_discuss.userid=mk_user.userid AND mk_note_discuss.noteid=184 ORDER BY mk_note_discuss.discussid LIMIT 0,1; [ RunTime:0.0012s ]
SQL: SELECT mk_user.username AS discussname,mk_note_discuss.discusstime FROM mk_note_discuss,mk_user WHERE mk_note_discuss.userid=mk_user.userid AND mk_note_discuss.noteid=181 ORDER BY mk_note_discuss.discussid LIMIT 0,1; [ RunTime:0.0010s ]
SQL: SELECT mk_user.username AS discussname,mk_note_discuss.discusstime FROM mk_note_discuss,mk_user WHERE mk_note_discuss.userid=mk_user.userid AND mk_note_discuss.noteid=180 ORDER BY mk_note_discuss.discussid LIMIT 0,1; [ RunTime:0.0010s ]
SQL: SELECT mk_user.username AS discussname,mk_note_discuss.discusstime FROM mk_note_discuss,mk_user WHERE mk_note_discuss.userid=mk_user.userid AND mk_note_discuss.noteid=179 ORDER BY mk_note_discuss.discussid LIMIT 0,1; [ RunTime:0.0010s ]
SQL: SELECT mk_user.username AS discussname,mk_note_discuss.discusstime FROM mk_note_discuss,mk_user WHERE mk_note_discuss.userid=mk_user.userid AND mk_note_discuss.noteid=178 ORDER BY mk_note_discuss.discussid LIMIT 0,1; [ RunTime:0.0010s ]
NOTIC: [8] Undefined offset: 0 /data/home/qxu1152030011/htdocs/hellomarkertest/Mobile/Home/Controller/IndexController.class.php 第 81 行.
SQL: SELECT mk_user.username AS discussname,mk_note_discuss.discusstime FROM mk_note_discuss,mk_user WHERE mk_note_discuss.userid=mk_user.userid AND mk_note_discuss.noteid=177 ORDER BY mk_note_discuss.discussid LIMIT 0,1; [ RunTime:0.0009s ]
NOTIC: [8] Undefined offset: 0 /data/home/qxu1152030011/htdocs/hellomarkertest/Mobile/Home/Controller/IndexController.class.php 第 81 行.
SQL: SELECT mk_user.username AS discussname,mk_note_discuss.discusstime FROM mk_note_discuss,mk_user WHERE mk_note_discuss.userid=mk_user.userid AND mk_note_discuss.noteid=176 ORDER BY mk_note_discuss.discussid LIMIT 0,1; [ RunTime:0.0009s ]
SQL: SELECT mk_user.username AS discussname,mk_note_discuss.discusstime FROM mk_note_discuss,mk_user WHERE mk_note_discuss.userid=mk_user.userid AND mk_note_discuss.noteid=175 ORDER BY mk_note_discuss.discussid LIMIT 0,1; [ RunTime:0.0010s ]
SQL: SELECT mk_user.username AS discussname,mk_note_discuss.discusstime FROM mk_note_discuss,mk_user WHERE mk_note_discuss.userid=mk_user.userid AND mk_note_discuss.noteid=174 ORDER BY mk_note_discuss.discussid LIMIT 0,1; [ RunTime:0.0010s ]
NOTIC: [8] Undefined offset: 0 /data/home/qxu1152030011/htdocs/hellomarkertest/Mobile/Home/Controller/IndexController.class.php 第 81 行.
SQL: SELECT mk_user.username AS discussname,mk_note_discuss.discusstime FROM mk_note_discuss,mk_user WHERE mk_note_discuss.userid=mk_user.userid AND mk_note_discuss.noteid=173 ORDER BY mk_note_discuss.discussid LIMIT 0,1; [ RunTime:0.0009s ]
NOTIC: [8] Undefined offset: 0 /data/home/qxu1152030011/htdocs/hellomarkertest/Mobile/Home/Controller/IndexController.class.php 第 81 行.
SQL: SELECT mk_user.username AS discussname,mk_note_discuss.discusstime FROM mk_note_discuss,mk_user WHERE mk_note_discuss.userid=mk_user.userid AND mk_note_discuss.noteid=172 ORDER BY mk_note_discuss.discussid LIMIT 0,1; [ RunTime:0.0010s ]
NOTIC: [8] Undefined offset: 0 /data/home/qxu1152030011/htdocs/hellomarkertest/Mobile/Home/Controller/IndexController.class.php 第 81 行.
SQL: SELECT mk_user.username AS discussname,mk_note_discuss.discusstime FROM mk_note_discuss,mk_user WHERE mk_note_discuss.userid=mk_user.userid AND mk_note_discuss.noteid=171 ORDER BY mk_note_discuss.discussid LIMIT 0,1; [ RunTime:0.0009s ]
NOTIC: [8] Undefined offset: 0 /data/home/qxu1152030011/htdocs/hellomarkertest/Mobile/Home/Controller/IndexController.class.php 第 81 行.
SQL: SELECT mk_user.username AS discussname,mk_note_discuss.discusstime FROM mk_note_discuss,mk_user WHERE mk_note_discuss.userid=mk_user.userid AND mk_note_discuss.noteid=170 ORDER BY mk_note_discuss.discussid LIMIT 0,1; [ RunTime:0.0010s ]
NOTIC: [8] Undefined offset: 0 /data/home/qxu1152030011/htdocs/hellomarkertest/Mobile/Home/Controller/IndexController.class.php 第 81 行.
SQL: SELECT mk_user.username AS discussname,mk_note_discuss.discusstime FROM mk_note_discuss,mk_user WHERE mk_note_discuss.userid=mk_user.userid AND mk_note_discuss.noteid=169 ORDER BY mk_note_discuss.discussid LIMIT 0,1; [ RunTime:0.0010s ]
NOTIC: [8] Undefined offset: 0 /data/home/qxu1152030011/htdocs/hellomarkertest/Mobile/Home/Controller/IndexController.class.php 第 81 行.
SQL: SELECT mk_user.username AS discussname,mk_note_discuss.discusstime FROM mk_note_discuss,mk_user WHERE mk_note_discuss.userid=mk_user.userid AND mk_note_discuss.noteid=168 ORDER BY mk_note_discuss.discussid LIMIT 0,1; [ RunTime:0.0010s ]
NOTIC: [8] Undefined offset: 0 /data/home/qxu1152030011/htdocs/hellomarkertest/Mobile/Home/Controller/IndexController.class.php 第 81 行.
SQL: SELECT mk_user.username AS discussname,mk_note_discuss.discusstime FROM mk_note_discuss,mk_user WHERE mk_note_discuss.userid=mk_user.userid AND mk_note_discuss.noteid=167 ORDER BY mk_note_discuss.discussid LIMIT 0,1; [ RunTime:0.0009s ]
NOTIC: [8] Undefined offset: 0 /data/home/qxu1152030011/htdocs/hellomarkertest/Mobile/Home/Controller/IndexController.class.php 第 81 行.
SQL: SELECT mk_user.username AS discussname,mk_note_discuss.discusstime FROM mk_note_discuss,mk_user WHERE mk_note_discuss.userid=mk_user.userid AND mk_note_discuss.noteid=166 ORDER BY mk_note_discuss.discussid LIMIT 0,1; [ RunTime:0.0010s ]
NOTIC: [8] Undefined offset: 0 /data/home/qxu1152030011/htdocs/hellomarkertest/Mobile/Home/Controller/IndexController.class.php 第 81 行.
SQL: SELECT mk_user.username AS discussname,mk_note_discuss.discusstime FROM mk_note_discuss,mk_user WHERE mk_note_discuss.userid=mk_user.userid AND mk_note_discuss.noteid=165 ORDER BY mk_note_discuss.discussid LIMIT 0,1; [ RunTime:0.0009s ]
NOTIC: [8] Undefined offset: 0 /data/home/qxu1152030011/htdocs/hellomarkertest/Mobile/Home/Controller/IndexController.class.php 第 81 行.
SQL: SELECT mk_user.username AS discussname,mk_note_discuss.discusstime FROM mk_note_discuss,mk_user WHERE mk_note_discuss.userid=mk_user.userid AND mk_note_discuss.noteid=164 ORDER BY mk_note_discuss.discussid LIMIT 0,1; [ RunTime:0.0010s ]
NOTIC: [8] Undefined offset: 0 /data/home/qxu1152030011/htdocs/hellomarkertest/Mobile/Home/Controller/IndexController.class.php 第 81 行.
SQL: SELECT mk_user.username AS discussname,mk_note_discuss.discusstime FROM mk_note_discuss,mk_user WHERE mk_note_discuss.userid=mk_user.userid AND mk_note_discuss.noteid=163 ORDER BY mk_note_discuss.discussid LIMIT 0,1; [ RunTime:0.0009s ]
NOTIC: [8] Undefined offset: 0 /data/home/qxu1152030011/htdocs/hellomarkertest/Mobile/Home/Controller/IndexController.class.php 第 81 行.
SQL: SELECT mk_user.username AS discussname,mk_note_discuss.discusstime FROM mk_note_discuss,mk_user WHERE mk_note_discuss.userid=mk_user.userid AND mk_note_discuss.noteid=162 ORDER BY mk_note_discuss.discussid LIMIT 0,1; [ RunTime:0.0010s ]
NOTIC: [8] Undefined offset: 0 /data/home/qxu1152030011/htdocs/hellomarkertest/Mobile/Home/Controller/IndexController.class.php 第 81 行.
SQL: SELECT mk_user.username AS discussname,mk_note_discuss.discusstime FROM mk_note_discuss,mk_user WHERE mk_note_discuss.userid=mk_user.userid AND mk_note_discuss.noteid=161 ORDER BY mk_note_discuss.discussid LIMIT 0,1; [ RunTime:0.0010s ]
NOTIC: [8] Undefined offset: 0 /data/home/qxu1152030011/htdocs/hellomarkertest/Mobile/Home/Controller/IndexController.class.php 第 81 行.
SQL: SELECT mk_user.username AS discussname,mk_note_discuss.discusstime FROM mk_note_discuss,mk_user WHERE mk_note_discuss.userid=mk_user.userid AND mk_note_discuss.noteid=160 ORDER BY mk_note_discuss.discussid LIMIT 0,1; [ RunTime:0.0010s ]
NOTIC: [8] Undefined offset: 0 /data/home/qxu1152030011/htdocs/hellomarkertest/Mobile/Home/Controller/IndexController.class.php 第 81 行.
SQL: SELECT mk_user.username AS discussname,mk_note_discuss.discusstime FROM mk_note_discuss,mk_user WHERE mk_note_discuss.userid=mk_user.userid AND mk_note_discuss.noteid=159 ORDER BY mk_note_discuss.discussid LIMIT 0,1; [ RunTime:0.0010s ]
NOTIC: [8] Undefined offset: 0 /data/home/qxu1152030011/htdocs/hellomarkertest/Mobile/Home/Controller/IndexController.class.php 第 81 行.
SQL: SELECT mk_user.username AS discussname,mk_note_discuss.discusstime FROM mk_note_discuss,mk_user WHERE mk_note_discuss.userid=mk_user.userid AND mk_note_discuss.noteid=158 ORDER BY mk_note_discuss.discussid LIMIT 0,1; [ RunTime:0.0009s ]
NOTIC: [8] Undefined offset: 0 /data/home/qxu1152030011/htdocs/hellomarkertest/Mobile/Home/Controller/IndexController.class.php 第 81 行.
SQL: SELECT mk_user.username AS discussname,mk_note_discuss.discusstime FROM mk_note_discuss,mk_user WHERE mk_note_discuss.userid=mk_user.userid AND mk_note_discuss.noteid=157 ORDER BY mk_note_discuss.discussid LIMIT 0,1; [ RunTime:0.0010s ]
NOTIC: [8] Undefined offset: 0 /data/home/qxu1152030011/htdocs/hellomarkertest/Mobile/Home/Controller/IndexController.class.php 第 81 行.
SQL: SELECT mk_user.username AS discussname,mk_note_discuss.discusstime FROM mk_note_discuss,mk_user WHERE mk_note_discuss.userid=mk_user.userid AND mk_note_discuss.noteid=156 ORDER BY mk_note_discuss.discussid LIMIT 0,1; [ RunTime:0.0010s ]
NOTIC: [8] Undefined offset: 0 /data/home/qxu1152030011/htdocs/hellomarkertest/Mobile/Home/Controller/IndexController.class.php 第 81 行.
SQL: SELECT mk_user.username AS discussname,mk_note_discuss.discusstime FROM mk_note_discuss,mk_user WHERE mk_note_discuss.userid=mk_user.userid AND mk_note_discuss.noteid=155 ORDER BY mk_note_discuss.discussid LIMIT 0,1; [ RunTime:0.0010s ]
NOTIC: [8] Undefined offset: 0 /data/home/qxu1152030011/htdocs/hellomarkertest/Mobile/Home/Controller/IndexController.class.php 第 81 行.
SQL: SELECT mk_user.username AS discussname,mk_note_discuss.discusstime FROM mk_note_discuss,mk_user WHERE mk_note_discuss.userid=mk_user.userid AND mk_note_discuss.noteid=154 ORDER BY mk_note_discuss.discussid LIMIT 0,1; [ RunTime:0.0011s ]
NOTIC: [8] Undefined offset: 0 /data/home/qxu1152030011/htdocs/hellomarkertest/Mobile/Home/Controller/IndexController.class.php 第 81 行.
SQL: SELECT mk_user.username AS discussname,mk_note_discuss.discusstime FROM mk_note_discuss,mk_user WHERE mk_note_discuss.userid=mk_user.userid AND mk_note_discuss.noteid=153 ORDER BY mk_note_discuss.discussid LIMIT 0,1; [ RunTime:0.0010s ]
NOTIC: [8] Undefined offset: 0 /data/home/qxu1152030011/htdocs/hellomarkertest/Mobile/Home/Controller/IndexController.class.php 第 81 行.
SQL: SELECT mk_user.username AS discussname,mk_note_discuss.discusstime FROM mk_note_discuss,mk_user WHERE mk_note_discuss.userid=mk_user.userid AND mk_note_discuss.noteid=152 ORDER BY mk_note_discuss.discussid LIMIT 0,1; [ RunTime:0.0011s ]
NOTIC: [8] Undefined offset: 0 /data/home/qxu1152030011/htdocs/hellomarkertest/Mobile/Home/Controller/IndexController.class.php 第 81 行.
SQL: SELECT mk_user.username AS discussname,mk_note_discuss.discusstime FROM mk_note_discuss,mk_user WHERE mk_note_discuss.userid=mk_user.userid AND mk_note_discuss.noteid=151 ORDER BY mk_note_discuss.discussid LIMIT 0,1; [ RunTime:0.0011s ]
NOTIC: [8] Undefined offset: 0 /data/home/qxu1152030011/htdocs/hellomarkertest/Mobile/Home/Controller/IndexController.class.php 第 81 行.
SQL: SELECT mk_user.username AS discussname,mk_note_discuss.discusstime FROM mk_note_discuss,mk_user WHERE mk_note_discuss.userid=mk_user.userid AND mk_note_discuss.noteid=150 ORDER BY mk_note_discuss.discussid LIMIT 0,1; [ RunTime:0.0010s ]
NOTIC: [8] Undefined offset: 0 /data/home/qxu1152030011/htdocs/hellomarkertest/Mobile/Home/Controller/IndexController.class.php 第 81 行.
SQL: SELECT mk_user.username AS discussname,mk_note_discuss.discusstime FROM mk_note_discuss,mk_user WHERE mk_note_discuss.userid=mk_user.userid AND mk_note_discuss.noteid=149 ORDER BY mk_note_discuss.discussid LIMIT 0,1; [ RunTime:0.0009s ]
NOTIC: [8] Undefined offset: 0 /data/home/qxu1152030011/htdocs/hellomarkertest/Mobile/Home/Controller/IndexController.class.php 第 81 行.
SQL: SELECT mk_user.username AS discussname,mk_note_discuss.discusstime FROM mk_note_discuss,mk_user WHERE mk_note_discuss.userid=mk_user.userid AND mk_note_discuss.noteid=148 ORDER BY mk_note_discuss.discussid LIMIT 0,1; [ RunTime:0.0010s ]
NOTIC: [8] Undefined offset: 0 /data/home/qxu1152030011/htdocs/hellomarkertest/Mobile/Home/Controller/IndexController.class.php 第 81 行.
SQL: SELECT mk_user.username AS discussname,mk_note_discuss.discusstime FROM mk_note_discuss,mk_user WHERE mk_note_discuss.userid=mk_user.userid AND mk_note_discuss.noteid=147 ORDER BY mk_note_discuss.discussid LIMIT 0,1; [ RunTime:0.0009s ]
NOTIC: [8] Undefined offset: 0 /data/home/qxu1152030011/htdocs/hellomarkertest/Mobile/Home/Controller/IndexController.class.php 第 81 行.
SQL: SELECT mk_user.username AS discussname,mk_note_discuss.discusstime FROM mk_note_discuss,mk_user WHERE mk_note_discuss.userid=mk_user.userid AND mk_note_discuss.noteid=146 ORDER BY mk_note_discuss.discussid LIMIT 0,1; [ RunTime:0.0011s ]
NOTIC: [8] Undefined offset: 0 /data/home/qxu1152030011/htdocs/hellomarkertest/Mobile/Home/Controller/IndexController.class.php 第 81 行.
SQL: SELECT mk_user.username AS discussname,mk_note_discuss.discusstime FROM mk_note_discuss,mk_user WHERE mk_note_discuss.userid=mk_user.userid AND mk_note_discuss.noteid=145 ORDER BY mk_note_discuss.discussid LIMIT 0,1; [ RunTime:0.0011s ]
NOTIC: [8] Undefined offset: 0 /data/home/qxu1152030011/htdocs/hellomarkertest/Mobile/Home/Controller/IndexController.class.php 第 81 行.
SQL: SELECT mk_user.username AS discussname,mk_note_discuss.discusstime FROM mk_note_discuss,mk_user WHERE mk_note_discuss.userid=mk_user.userid AND mk_note_discuss.noteid=143 ORDER BY mk_note_discuss.discussid LIMIT 0,1; [ RunTime:0.0012s ]
NOTIC: [8] Undefined offset: 0 /data/home/qxu1152030011/htdocs/hellomarkertest/Mobile/Home/Controller/IndexController.class.php 第 81 行.
SQL: SELECT mk_user.username AS discussname,mk_note_discuss.discusstime FROM mk_note_discuss,mk_user WHERE mk_note_discuss.userid=mk_user.userid AND mk_note_discuss.noteid=142 ORDER BY mk_note_discuss.discussid LIMIT 0,1; [ RunTime:0.0010s ]
NOTIC: [8] Undefined offset: 0 /data/home/qxu1152030011/htdocs/hellomarkertest/Mobile/Home/Controller/IndexController.class.php 第 81 行.
SQL: SELECT mk_user.username AS discussname,mk_note_discuss.discusstime FROM mk_note_discuss,mk_user WHERE mk_note_discuss.userid=mk_user.userid AND mk_note_discuss.noteid=141 ORDER BY mk_note_discuss.discussid LIMIT 0,1; [ RunTime:0.0010s ]
NOTIC: [8] Undefined offset: 0 /data/home/qxu1152030011/htdocs/hellomarkertest/Mobile/Home/Controller/IndexController.class.php 第 81 行.
SQL: SELECT mk_user.username AS discussname,mk_note_discuss.discusstime FROM mk_note_discuss,mk_user WHERE mk_note_discuss.userid=mk_user.userid AND mk_note_discuss.noteid=140 ORDER BY mk_note_discuss.discussid LIMIT 0,1; [ RunTime:0.0010s ]
NOTIC: [8] Undefined offset: 0 /data/home/qxu1152030011/htdocs/hellomarkertest/Mobile/Home/Controller/IndexController.class.php 第 81 行.
SQL: SELECT mk_user.username AS discussname,mk_note_discuss.discusstime FROM mk_note_discuss,mk_user WHERE mk_note_discuss.userid=mk_user.userid AND mk_note_discuss.noteid=139 ORDER BY mk_note_discuss.discussid LIMIT 0,1; [ RunTime:0.0016s ]
NOTIC: [8] Undefined offset: 0 /data/home/qxu1152030011/htdocs/hellomarkertest/Mobile/Home/Controller/IndexController.class.php 第 81 行.
SQL: SELECT mk_user.username AS discussname,mk_note_discuss.discusstime FROM mk_note_discuss,mk_user WHERE mk_note_discuss.userid=mk_user.userid AND mk_note_discuss.noteid=138 ORDER BY mk_note_discuss.discussid LIMIT 0,1; [ RunTime:0.0017s ]
NOTIC: [8] Undefined offset: 0 /data/home/qxu1152030011/htdocs/hellomarkertest/Mobile/Home/Controller/IndexController.class.php 第 81 行.
SQL: SELECT mk_user.username AS discussname,mk_note_discuss.discusstime FROM mk_note_discuss,mk_user WHERE mk_note_discuss.userid=mk_user.userid AND mk_note_discuss.noteid=137 ORDER BY mk_note_discuss.discussid LIMIT 0,1; [ RunTime:0.0010s ]
NOTIC: [8] Undefined offset: 0 /data/home/qxu1152030011/htdocs/hellomarkertest/Mobile/Home/Controller/IndexController.class.php 第 81 行.
SQL: SELECT mk_user.username AS discussname,mk_note_discuss.discusstime FROM mk_note_discuss,mk_user WHERE mk_note_discuss.userid=mk_user.userid AND mk_note_discuss.noteid=135 ORDER BY mk_note_discuss.discussid LIMIT 0,1; [ RunTime:0.0011s ]
NOTIC: [8] Undefined offset: 0 /data/home/qxu1152030011/htdocs/hellomarkertest/Mobile/Home/Controller/IndexController.class.php 第 81 行.
SQL: SELECT mk_user.username AS discussname,mk_note_discuss.discusstime FROM mk_note_discuss,mk_user WHERE mk_note_discuss.userid=mk_user.userid AND mk_note_discuss.noteid=134 ORDER BY mk_note_discuss.discussid LIMIT 0,1; [ RunTime:0.0010s ]
NOTIC: [8] Undefined offset: 0 /data/home/qxu1152030011/htdocs/hellomarkertest/Mobile/Home/Controller/IndexController.class.php 第 81 行.
SQL: SELECT mk_user.username AS discussname,mk_note_discuss.discusstime FROM mk_note_discuss,mk_user WHERE mk_note_discuss.userid=mk_user.userid AND mk_note_discuss.noteid=133 ORDER BY mk_note_discuss.discussid LIMIT 0,1; [ RunTime:0.0010s ]
NOTIC: [8] Undefined offset: 0 /data/home/qxu1152030011/htdocs/hellomarkertest/Mobile/Home/Controller/IndexController.class.php 第 81 行.
SQL: SELECT mk_user.username AS discussname,mk_note_discuss.discusstime FROM mk_note_discuss,mk_user WHERE mk_note_discuss.userid=mk_user.userid AND mk_note_discuss.noteid=132 ORDER BY mk_note_discuss.discussid LIMIT 0,1; [ RunTime:0.0010s ]
NOTIC: [8] Undefined offset: 0 /data/home/qxu1152030011/htdocs/hellomarkertest/Mobile/Home/Controller/IndexController.class.php 第 81 行.
SQL: SELECT mk_user.username AS discussname,mk_note_discuss.discusstime FROM mk_note_discuss,mk_user WHERE mk_note_discuss.userid=mk_user.userid AND mk_note_discuss.noteid=131 ORDER BY mk_note_discuss.discussid LIMIT 0,1; [ RunTime:0.0010s ]
NOTIC: [8] Undefined offset: 0 /data/home/qxu1152030011/htdocs/hellomarkertest/Mobile/Home/Controller/IndexController.class.php 第 81 行.
SQL: SELECT mk_user.username AS discussname,mk_note_discuss.discusstime FROM mk_note_discuss,mk_user WHERE mk_note_discuss.userid=mk_user.userid AND mk_note_discuss.noteid=130 ORDER BY mk_note_discuss.discussid LIMIT 0,1; [ RunTime:0.0018s ]
NOTIC: [8] Undefined offset: 0 /data/home/qxu1152030011/htdocs/hellomarkertest/Mobile/Home/Controller/IndexController.class.php 第 81 行.
SQL: SELECT mk_user.username AS discussname,mk_note_discuss.discusstime FROM mk_note_discuss,mk_user WHERE mk_note_discuss.userid=mk_user.userid AND mk_note_discuss.noteid=129 ORDER BY mk_note_discuss.discussid LIMIT 0,1; [ RunTime:0.0013s ]
NOTIC: [8] Undefined offset: 0 /data/home/qxu1152030011/htdocs/hellomarkertest/Mobile/Home/Controller/IndexController.class.php 第 81 行.
SQL: SELECT mk_user.username AS discussname,mk_note_discuss.discusstime FROM mk_note_discuss,mk_user WHERE mk_note_discuss.userid=mk_user.userid AND mk_note_discuss.noteid=128 ORDER BY mk_note_discuss.discussid LIMIT 0,1; [ RunTime:0.0019s ]
NOTIC: [8] Undefined offset: 0 /data/home/qxu1152030011/htdocs/hellomarkertest/Mobile/Home/Controller/IndexController.class.php 第 81 行.
SQL: SELECT mk_user.username AS discussname,mk_note_discuss.discusstime FROM mk_note_discuss,mk_user WHERE mk_note_discuss.userid=mk_user.userid AND mk_note_discuss.noteid=127 ORDER BY mk_note_discuss.discussid LIMIT 0,1; [ RunTime:0.0011s ]
NOTIC: [8] Undefined offset: 0 /data/home/qxu1152030011/htdocs/hellomarkertest/Mobile/Home/Controller/IndexController.class.php 第 81 行.
SQL: SELECT mk_user.username AS discussname,mk_note_discuss.discusstime FROM mk_note_discuss,mk_user WHERE mk_note_discuss.userid=mk_user.userid AND mk_note_discuss.noteid=126 ORDER BY mk_note_discuss.discussid LIMIT 0,1; [ RunTime:0.0010s ]
NOTIC: [8] Undefined offset: 0 /data/home/qxu1152030011/htdocs/hellomarkertest/Mobile/Home/Controller/IndexController.class.php 第 81 行.
SQL: SELECT mk_user.username AS discussname,mk_note_discuss.discusstime FROM mk_note_discuss,mk_user WHERE mk_note_discuss.userid=mk_user.userid AND mk_note_discuss.noteid=125 ORDER BY mk_note_discuss.discussid LIMIT 0,1; [ RunTime:0.0010s ]
NOTIC: [8] Undefined offset: 0 /data/home/qxu1152030011/htdocs/hellomarkertest/Mobile/Home/Controller/IndexController.class.php 第 81 行.
SQL: SELECT mk_user.username AS discussname,mk_note_discuss.discusstime FROM mk_note_discuss,mk_user WHERE mk_note_discuss.userid=mk_user.userid AND mk_note_discuss.noteid=124 ORDER BY mk_note_discuss.discussid LIMIT 0,1; [ RunTime:0.0010s ]
NOTIC: [8] Undefined offset: 0 /data/home/qxu1152030011/htdocs/hellomarkertest/Mobile/Home/Controller/IndexController.class.php 第 81 行.
SQL: SELECT mk_user.username AS discussname,mk_note_discuss.discusstime FROM mk_note_discuss,mk_user WHERE mk_note_discuss.userid=mk_user.userid AND mk_note_discuss.noteid=123 ORDER BY mk_note_discuss.discussid LIMIT 0,1; [ RunTime:0.0011s ]
NOTIC: [8] Undefined offset: 0 /data/home/qxu1152030011/htdocs/hellomarkertest/Mobile/Home/Controller/IndexController.class.php 第 81 行.
SQL: SELECT mk_user.username AS discussname,mk_note_discuss.discusstime FROM mk_note_discuss,mk_user WHERE mk_note_discuss.userid=mk_user.userid AND mk_note_discuss.noteid=122 ORDER BY mk_note_discuss.discussid LIMIT 0,1; [ RunTime:0.0010s ]
NOTIC: [8] Undefined offset: 0 /data/home/qxu1152030011/htdocs/hellomarkertest/Mobile/Home/Controller/IndexController.class.php 第 81 行.
SQL: SELECT mk_user.username AS discussname,mk_note_discuss.discusstime FROM mk_note_discuss,mk_user WHERE mk_note_discuss.userid=mk_user.userid AND mk_note_discuss.noteid=121 ORDER BY mk_note_discuss.discussid LIMIT 0,1; [ RunTime:0.0010s ]
NOTIC: [8] Undefined offset: 0 /data/home/qxu1152030011/htdocs/hellomarkertest/Mobile/Home/Controller/IndexController.class.php 第 81 行.
SQL: SELECT mk_user.username AS discussname,mk_note_discuss.discusstime FROM mk_note_discuss,mk_user WHERE mk_note_discuss.userid=mk_user.userid AND mk_note_discuss.noteid=120 ORDER BY mk_note_discuss.discussid LIMIT 0,1; [ RunTime:0.0010s ]
NOTIC: [8] Undefined offset: 0 /data/home/qxu1152030011/htdocs/hellomarkertest/Mobile/Home/Controller/IndexController.class.php 第 81 行.
SQL: SELECT mk_user.username AS discussname,mk_note_discuss.discusstime FROM mk_note_discuss,mk_user WHERE mk_note_discuss.userid=mk_user.userid AND mk_note_discuss.noteid=119 ORDER BY mk_note_discuss.discussid LIMIT 0,1; [ RunTime:0.0010s ]
NOTIC: [8] Undefined offset: 0 /data/home/qxu1152030011/htdocs/hellomarkertest/Mobile/Home/Controller/IndexController.class.php 第 81 行.
SQL: SELECT mk_user.username AS discussname,mk_note_discuss.discusstime FROM mk_note_discuss,mk_user WHERE mk_note_discuss.userid=mk_user.userid AND mk_note_discuss.noteid=118 ORDER BY mk_note_discuss.discussid LIMIT 0,1; [ RunTime:0.0010s ]
NOTIC: [8] Undefined offset: 0 /data/home/qxu1152030011/htdocs/hellomarkertest/Mobile/Home/Controller/IndexController.class.php 第 81 行.
SQL: SELECT mk_user.username AS discussname,mk_note_discuss.discusstime FROM mk_note_discuss,mk_user WHERE mk_note_discuss.userid=mk_user.userid AND mk_note_discuss.noteid=117 ORDER BY mk_note_discuss.discussid LIMIT 0,1; [ RunTime:0.0011s ]
NOTIC: [8] Undefined offset: 0 /data/home/qxu1152030011/htdocs/hellomarkertest/Mobile/Home/Controller/IndexController.class.php 第 81 行.
SQL: SELECT mk_user.username AS discussname,mk_note_discuss.discusstime FROM mk_note_discuss,mk_user WHERE mk_note_discuss.userid=mk_user.userid AND mk_note_discuss.noteid=116 ORDER BY mk_note_discuss.discussid LIMIT 0,1; [ RunTime:0.0016s ]
NOTIC: [8] Undefined offset: 0 /data/home/qxu1152030011/htdocs/hellomarkertest/Mobile/Home/Controller/IndexController.class.php 第 81 行.
SQL: SELECT mk_user.username AS discussname,mk_note_discuss.discusstime FROM mk_note_discuss,mk_user WHERE mk_note_discuss.userid=mk_user.userid AND mk_note_discuss.noteid=114 ORDER BY mk_note_discuss.discussid LIMIT 0,1; [ RunTime:0.0012s ]
NOTIC: [8] Undefined offset: 0 /data/home/qxu1152030011/htdocs/hellomarkertest/Mobile/Home/Controller/IndexController.class.php 第 81 行.
SQL: SELECT mk_user.username AS discussname,mk_note_discuss.discusstime FROM mk_note_discuss,mk_user WHERE mk_note_discuss.userid=mk_user.userid AND mk_note_discuss.noteid=113 ORDER BY mk_note_discuss.discussid LIMIT 0,1; [ RunTime:0.0010s ]
NOTIC: [8] Undefined offset: 0 /data/home/qxu1152030011/htdocs/hellomarkertest/Mobile/Home/Controller/IndexController.class.php 第 81 行.
SQL: SELECT mk_user.username AS discussname,mk_note_discuss.discusstime FROM mk_note_discuss,mk_user WHERE mk_note_discuss.userid=mk_user.userid AND mk_note_discuss.noteid=112 ORDER BY mk_note_discuss.discussid LIMIT 0,1; [ RunTime:0.0012s ]
NOTIC: [8] Undefined offset: 0 /data/home/qxu1152030011/htdocs/hellomarkertest/Mobile/Home/Controller/IndexController.class.php 第 81 行.
SQL: SELECT mk_user.username AS discussname,mk_note_discuss.discusstime FROM mk_note_discuss,mk_user WHERE mk_note_discuss.userid=mk_user.userid AND mk_note_discuss.noteid=111 ORDER BY mk_note_discuss.discussid LIMIT 0,1; [ RunTime:0.0010s ]
NOTIC: [8] Undefined offset: 0 /data/home/qxu1152030011/htdocs/hellomarkertest/Mobile/Home/Controller/IndexController.class.php 第 81 行.
SQL: SELECT mk_user.username AS discussname,mk_note_discuss.discusstime FROM mk_note_discuss,mk_user WHERE mk_note_discuss.userid=mk_user.userid AND mk_note_discuss.noteid=110 ORDER BY mk_note_discuss.discussid LIMIT 0,1; [ RunTime:0.0010s ]
NOTIC: [8] Undefined offset: 0 /data/home/qxu1152030011/htdocs/hellomarkertest/Mobile/Home/Controller/IndexController.class.php 第 81 行.
SQL: SELECT mk_user.username AS discussname,mk_note_discuss.discusstime FROM mk_note_discuss,mk_user WHERE mk_note_discuss.userid=mk_user.userid AND mk_note_discuss.noteid=109 ORDER BY mk_note_discuss.discussid LIMIT 0,1; [ RunTime:0.0012s ]
NOTIC: [8] Undefined offset: 0 /data/home/qxu1152030011/htdocs/hellomarkertest/Mobile/Home/Controller/IndexController.class.php 第 81 行.
SQL: SELECT mk_user.username AS discussname,mk_note_discuss.discusstime FROM mk_note_discuss,mk_user WHERE mk_note_discuss.userid=mk_user.userid AND mk_note_discuss.noteid=108 ORDER BY mk_note_discuss.discussid LIMIT 0,1; [ RunTime:0.0011s ]
NOTIC: [8] Undefined offset: 0 /data/home/qxu1152030011/htdocs/hellomarkertest/Mobile/Home/Controller/IndexController.class.php 第 81 行.
SQL: SELECT mk_user.username AS discussname,mk_note_discuss.discusstime FROM mk_note_discuss,mk_user WHERE mk_note_discuss.userid=mk_user.userid AND mk_note_discuss.noteid=107 ORDER BY mk_note_discuss.discussid LIMIT 0,1; [ RunTime:0.0013s ]
NOTIC: [8] Undefined offset: 0 /data/home/qxu1152030011/htdocs/hellomarkertest/Mobile/Home/Controller/IndexController.class.php 第 81 行.
SQL: SELECT mk_user.username AS discussname,mk_note_discuss.discusstime FROM mk_note_discuss,mk_user WHERE mk_note_discuss.userid=mk_user.userid AND mk_note_discuss.noteid=106 ORDER BY mk_note_discuss.discussid LIMIT 0,1; [ RunTime:0.0009s ]
NOTIC: [8] Undefined offset: 0 /data/home/qxu1152030011/htdocs/hellomarkertest/Mobile/Home/Controller/IndexController.class.php 第 81 行.
SQL: SELECT mk_user.username AS discussname,mk_note_discuss.discusstime FROM mk_note_discuss,mk_user WHERE mk_note_discuss.userid=mk_user.userid AND mk_note_discuss.noteid=105 ORDER BY mk_note_discuss.discussid LIMIT 0,1; [ RunTime:0.0010s ]
NOTIC: [8] Undefined offset: 0 /data/home/qxu1152030011/htdocs/hellomarkertest/Mobile/Home/Controller/IndexController.class.php 第 81 行.
SQL: SELECT mk_user.username AS discussname,mk_note_discuss.discusstime FROM mk_note_discuss,mk_user WHERE mk_note_discuss.userid=mk_user.userid AND mk_note_discuss.noteid=104 ORDER BY mk_note_discuss.discussid LIMIT 0,1; [ RunTime:0.0010s ]
NOTIC: [8] Undefined offset: 0 /data/home/qxu1152030011/htdocs/hellomarkertest/Mobile/Home/Controller/IndexController.class.php 第 81 行.
SQL: SELECT mk_user.username AS discussname,mk_note_discuss.discusstime FROM mk_note_discuss,mk_user WHERE mk_note_discuss.userid=mk_user.userid AND mk_note_discuss.noteid=103 ORDER BY mk_note_discuss.discussid LIMIT 0,1; [ RunTime:0.0009s ]
NOTIC: [8] Undefined offset: 0 /data/home/qxu1152030011/htdocs/hellomarkertest/Mobile/Home/Controller/IndexController.class.php 第 81 行.
SQL: SELECT mk_user.username AS discussname,mk_note_discuss.discusstime FROM mk_note_discuss,mk_user WHERE mk_note_discuss.userid=mk_user.userid AND mk_note_discuss.noteid=102 ORDER BY mk_note_discuss.discussid LIMIT 0,1; [ RunTime:0.0010s ]
NOTIC: [8] Undefined offset: 0 /data/home/qxu1152030011/htdocs/hellomarkertest/Mobile/Home/Controller/IndexController.class.php 第 81 行.
SQL: SELECT mk_user.username AS discussname,mk_note_discuss.discusstime FROM mk_note_discuss,mk_user WHERE mk_note_discuss.userid=mk_user.userid AND mk_note_discuss.noteid=101 ORDER BY mk_note_discuss.discussid LIMIT 0,1; [ RunTime:0.0010s ]
NOTIC: [8] Undefined offset: 0 /data/home/qxu1152030011/htdocs/hellomarkertest/Mobile/Home/Controller/IndexController.class.php 第 81 行.
SQL: SELECT mk_user.username AS discussname,mk_note_discuss.discusstime FROM mk_note_discuss,mk_user WHERE mk_note_discuss.userid=mk_user.userid AND mk_note_discuss.noteid=100 ORDER BY mk_note_discuss.discussid LIMIT 0,1; [ RunTime:0.0009s ]
NOTIC: [8] Undefined offset: 0 /data/home/qxu1152030011/htdocs/hellomarkertest/Mobile/Home/Controller/IndexController.class.php 第 81 行.
SQL: SELECT mk_user.username AS discussname,mk_note_discuss.discusstime FROM mk_note_discuss,mk_user WHERE mk_note_discuss.userid=mk_user.userid AND mk_note_discuss.noteid=99 ORDER BY mk_note_discuss.discussid LIMIT 0,1; [ RunTime:0.0009s ]
NOTIC: [8] Undefined offset: 0 /data/home/qxu1152030011/htdocs/hellomarkertest/Mobile/Home/Controller/IndexController.class.php 第 81 行.
SQL: SELECT mk_user.username AS discussname,mk_note_discuss.discusstime FROM mk_note_discuss,mk_user WHERE mk_note_discuss.userid=mk_user.userid AND mk_note_discuss.noteid=98 ORDER BY mk_note_discuss.discussid LIMIT 0,1; [ RunTime:0.0009s ]
NOTIC: [8] Undefined offset: 0 /data/home/qxu1152030011/htdocs/hellomarkertest/Mobile/Home/Controller/IndexController.class.php 第 81 行.
SQL: SELECT mk_user.username AS discussname,mk_note_discuss.discusstime FROM mk_note_discuss,mk_user WHERE mk_note_discuss.userid=mk_user.userid AND mk_note_discuss.noteid=97 ORDER BY mk_note_discuss.discussid LIMIT 0,1; [ RunTime:0.0009s ]
NOTIC: [8] Undefined offset: 0 /data/home/qxu1152030011/htdocs/hellomarkertest/Mobile/Home/Controller/IndexController.class.php 第 81 行.
SQL: SELECT mk_user.username AS discussname,mk_note_discuss.discusstime FROM mk_note_discuss,mk_user WHERE mk_note_discuss.userid=mk_user.userid AND mk_note_discuss.noteid=96 ORDER BY mk_note_discuss.discussid LIMIT 0,1; [ RunTime:0.0010s ]
NOTIC: [8] Undefined offset: 0 /data/home/qxu1152030011/htdocs/hellomarkertest/Mobile/Home/Controller/IndexController.class.php 第 81 行.
SQL: SELECT mk_user.username AS discussname,mk_note_discuss.discusstime FROM mk_note_discuss,mk_user WHERE mk_note_discuss.userid=mk_user.userid AND mk_note_discuss.noteid=95 ORDER BY mk_note_discuss.discussid LIMIT 0,1; [ RunTime:0.0009s ]
NOTIC: [8] Undefined offset: 0 /data/home/qxu1152030011/htdocs/hellomarkertest/Mobile/Home/Controller/IndexController.class.php 第 81 行.
SQL: SELECT mk_user.username AS discussname,mk_note_discuss.discusstime FROM mk_note_discuss,mk_user WHERE mk_note_discuss.userid=mk_user.userid AND mk_note_discuss.noteid=94 ORDER BY mk_note_discuss.discussid LIMIT 0,1; [ RunTime:0.0009s ]
NOTIC: [8] Undefined offset: 0 /data/home/qxu1152030011/htdocs/hellomarkertest/Mobile/Home/Controller/IndexController.class.php 第 81 行.
SQL: SELECT mk_user.username AS discussname,mk_note_discuss.discusstime FROM mk_note_discuss,mk_user WHERE mk_note_discuss.userid=mk_user.userid AND mk_note_discuss.noteid=93 ORDER BY mk_note_discuss.discussid LIMIT 0,1; [ RunTime:0.0009s ]
NOTIC: [8] Undefined offset: 0 /data/home/qxu1152030011/htdocs/hellomarkertest/Mobile/Home/Controller/IndexController.class.php 第 81 行.
SQL: SELECT mk_user.username AS discussname,mk_note_discuss.discusstime FROM mk_note_discuss,mk_user WHERE mk_note_discuss.userid=mk_user.userid AND mk_note_discuss.noteid=92 ORDER BY mk_note_discuss.discussid LIMIT 0,1; [ RunTime:0.0009s ]
NOTIC: [8] Undefined offset: 0 /data/home/qxu1152030011/htdocs/hellomarkertest/Mobile/Home/Controller/IndexController.class.php 第 81 行.
SQL: SELECT mk_user.username AS discussname,mk_note_discuss.discusstime FROM mk_note_discuss,mk_user WHERE mk_note_discuss.userid=mk_user.userid AND mk_note_discuss.noteid=91 ORDER BY mk_note_discuss.discussid LIMIT 0,1; [ RunTime:0.0009s ]
NOTIC: [8] Undefined offset: 0 /data/home/qxu1152030011/htdocs/hellomarkertest/Mobile/Home/Controller/IndexController.class.php 第 81 行.
SQL: SELECT mk_user.username AS discussname,mk_note_discuss.discusstime FROM mk_note_discuss,mk_user WHERE mk_note_discuss.userid=mk_user.userid AND mk_note_discuss.noteid=90 ORDER BY mk_note_discuss.discussid LIMIT 0,1; [ RunTime:0.0009s ]
NOTIC: [8] Undefined offset: 0 /data/home/qxu1152030011/htdocs/hellomarkertest/Mobile/Home/Controller/IndexController.class.php 第 81 行.
SQL: SELECT mk_user.username AS discussname,mk_note_discuss.discusstime FROM mk_note_discuss,mk_user WHERE mk_note_discuss.userid=mk_user.userid AND mk_note_discuss.noteid=89 ORDER BY mk_note_discuss.discussid LIMIT 0,1; [ RunTime:0.0009s ]
NOTIC: [8] Undefined offset: 0 /data/home/qxu1152030011/htdocs/hellomarkertest/Mobile/Home/Controller/IndexController.class.php 第 81 行.
SQL: SELECT mk_user.username AS discussname,mk_note_discuss.discusstime FROM mk_note_discuss,mk_user WHERE mk_note_discuss.userid=mk_user.userid AND mk_note_discuss.noteid=88 ORDER BY mk_note_discuss.discussid LIMIT 0,1; [ RunTime:0.0010s ]
NOTIC: [8] Undefined offset: 0 /data/home/qxu1152030011/htdocs/hellomarkertest/Mobile/Home/Controller/IndexController.class.php 第 81 行.
SQL: SELECT mk_user.username AS discussname,mk_note_discuss.discusstime FROM mk_note_discuss,mk_user WHERE mk_note_discuss.userid=mk_user.userid AND mk_note_discuss.noteid=87 ORDER BY mk_note_discuss.discussid LIMIT 0,1; [ RunTime:0.0010s ]
NOTIC: [8] Undefined offset: 0 /data/home/qxu1152030011/htdocs/hellomarkertest/Mobile/Home/Controller/IndexController.class.php 第 81 行.
SQL: SELECT mk_user.username AS discussname,mk_note_discuss.discusstime FROM mk_note_discuss,mk_user WHERE mk_note_discuss.userid=mk_user.userid AND mk_note_discuss.noteid=86 ORDER BY mk_note_discuss.discussid LIMIT 0,1; [ RunTime:0.0009s ]
NOTIC: [8] Undefined offset: 0 /data/home/qxu1152030011/htdocs/hellomarkertest/Mobile/Home/Controller/IndexController.class.php 第 81 行.
SQL: SELECT mk_user.username AS discussname,mk_note_discuss.discusstime FROM mk_note_discuss,mk_user WHERE mk_note_discuss.userid=mk_user.userid AND mk_note_discuss.noteid=85 ORDER BY mk_note_discuss.discussid LIMIT 0,1; [ RunTime:0.0009s ]
NOTIC: [8] Undefined offset: 0 /data/home/qxu1152030011/htdocs/hellomarkertest/Mobile/Home/Controller/IndexController.class.php 第 81 行.
SQL: SELECT mk_user.username AS discussname,mk_note_discuss.discusstime FROM mk_note_discuss,mk_user WHERE mk_note_discuss.userid=mk_user.userid AND mk_note_discuss.noteid=84 ORDER BY mk_note_discuss.discussid LIMIT 0,1; [ RunTime:0.0011s ]
NOTIC: [8] Undefined offset: 0 /data/home/qxu1152030011/htdocs/hellomarkertest/Mobile/Home/Controller/IndexController.class.php 第 81 行.
SQL: SELECT mk_user.username AS discussname,mk_note_discuss.discusstime FROM mk_note_discuss,mk_user WHERE mk_note_discuss.userid=mk_user.userid AND mk_note_discuss.noteid=83 ORDER BY mk_note_discuss.discussid LIMIT 0,1; [ RunTime:0.0011s ]
NOTIC: [8] Undefined offset: 0 /data/home/qxu1152030011/htdocs/hellomarkertest/Mobile/Home/Controller/IndexController.class.php 第 81 行.
SQL: SELECT mk_user.username AS discussname,mk_note_discuss.discusstime FROM mk_note_discuss,mk_user WHERE mk_note_discuss.userid=mk_user.userid AND mk_note_discuss.noteid=82 ORDER BY mk_note_discuss.discussid LIMIT 0,1; [ RunTime:0.0010s ]
NOTIC: [8] Undefined offset: 0 /data/home/qxu1152030011/htdocs/hellomarkertest/Mobile/Home/Controller/IndexController.class.php 第 81 行.
SQL: SELECT mk_user.username AS discussname,mk_note_discuss.discusstime FROM mk_note_discuss,mk_user WHERE mk_note_discuss.userid=mk_user.userid AND mk_note_discuss.noteid=80 ORDER BY mk_note_discuss.discussid LIMIT 0,1; [ RunTime:0.0010s ]
NOTIC: [8] Undefined offset: 0 /data/home/qxu1152030011/htdocs/hellomarkertest/Mobile/Home/Controller/IndexController.class.php 第 81 行.
SQL: SELECT mk_user.username AS discussname,mk_note_discuss.discusstime FROM mk_note_discuss,mk_user WHERE mk_note_discuss.userid=mk_user.userid AND mk_note_discuss.noteid=79 ORDER BY mk_note_discuss.discussid LIMIT 0,1; [ RunTime:0.0010s ]
NOTIC: [8] Undefined offset: 0 /data/home/qxu1152030011/htdocs/hellomarkertest/Mobile/Home/Controller/IndexController.class.php 第 81 行.
SQL: SELECT mk_user.username AS discussname,mk_note_discuss.discusstime FROM mk_note_discuss,mk_user WHERE mk_note_discuss.userid=mk_user.userid AND mk_note_discuss.noteid=78 ORDER BY mk_note_discuss.discussid LIMIT 0,1; [ RunTime:0.0009s ]
NOTIC: [8] Undefined offset: 0 /data/home/qxu1152030011/htdocs/hellomarkertest/Mobile/Home/Controller/IndexController.class.php 第 81 行.
SQL: SELECT mk_user.username AS discussname,mk_note_discuss.discusstime FROM mk_note_discuss,mk_user WHERE mk_note_discuss.userid=mk_user.userid AND mk_note_discuss.noteid=77 ORDER BY mk_note_discuss.discussid LIMIT 0,1; [ RunTime:0.0009s ]
NOTIC: [8] Undefined offset: 0 /data/home/qxu1152030011/htdocs/hellomarkertest/Mobile/Home/Controller/IndexController.class.php 第 81 行.
SQL: SELECT mk_user.username AS discussname,mk_note_discuss.discusstime FROM mk_note_discuss,mk_user WHERE mk_note_discuss.userid=mk_user.userid AND mk_note_discuss.noteid=76 ORDER BY mk_note_discuss.discussid LIMIT 0,1; [ RunTime:0.0009s ]
NOTIC: [8] Undefined offset: 0 /data/home/qxu1152030011/htdocs/hellomarkertest/Mobile/Home/Controller/IndexController.class.php 第 81 行.
SQL: SELECT mk_user.username AS discussname,mk_note_discuss.discusstime FROM mk_note_discuss,mk_user WHERE mk_note_discuss.userid=mk_user.userid AND mk_note_discuss.noteid=75 ORDER BY mk_note_discuss.discussid LIMIT 0,1; [ RunTime:0.0009s ]
NOTIC: [8] Undefined offset: 0 /data/home/qxu1152030011/htdocs/hellomarkertest/Mobile/Home/Controller/IndexController.class.php 第 81 行.
SQL: SELECT mk_user.username AS discussname,mk_note_discuss.discusstime FROM mk_note_discuss,mk_user WHERE mk_note_discuss.userid=mk_user.userid AND mk_note_discuss.noteid=74 ORDER BY mk_note_discuss.discussid LIMIT 0,1; [ RunTime:0.0010s ]
NOTIC: [8] Undefined offset: 0 /data/home/qxu1152030011/htdocs/hellomarkertest/Mobile/Home/Controller/IndexController.class.php 第 81 行.
SQL: SELECT mk_user.username AS discussname,mk_note_discuss.discusstime FROM mk_note_discuss,mk_user WHERE mk_note_discuss.userid=mk_user.userid AND mk_note_discuss.noteid=73 ORDER BY mk_note_discuss.discussid LIMIT 0,1; [ RunTime:0.0009s ]
NOTIC: [8] Undefined offset: 0 /data/home/qxu1152030011/htdocs/hellomarkertest/Mobile/Home/Controller/IndexController.class.php 第 81 行.
SQL: SELECT mk_user.username AS discussname,mk_note_discuss.discusstime FROM mk_note_discuss,mk_user WHERE mk_note_discuss.userid=mk_user.userid AND mk_note_discuss.noteid=72 ORDER BY mk_note_discuss.discussid LIMIT 0,1; [ RunTime:0.0010s ]
NOTIC: [8] Undefined offset: 0 /data/home/qxu1152030011/htdocs/hellomarkertest/Mobile/Home/Controller/IndexController.class.php 第 81 行.
SQL: SELECT mk_user.username AS discussname,mk_note_discuss.discusstime FROM mk_note_discuss,mk_user WHERE mk_note_discuss.userid=mk_user.userid AND mk_note_discuss.noteid=71 ORDER BY mk_note_discuss.discussid LIMIT 0,1; [ RunTime:0.0010s ]
NOTIC: [8] Undefined offset: 0 /data/home/qxu1152030011/htdocs/hellomarkertest/Mobile/Home/Controller/IndexController.class.php 第 81 行.
SQL: SELECT mk_user.username AS discussname,mk_note_discuss.discusstime FROM mk_note_discuss,mk_user WHERE mk_note_discuss.userid=mk_user.userid AND mk_note_discuss.noteid=70 ORDER BY mk_note_discuss.discussid LIMIT 0,1; [ RunTime:0.0009s ]
NOTIC: [8] Undefined offset: 0 /data/home/qxu1152030011/htdocs/hellomarkertest/Mobile/Home/Controller/IndexController.class.php 第 81 行.
SQL: SELECT mk_user.username AS discussname,mk_note_discuss.discusstime FROM mk_note_discuss,mk_user WHERE mk_note_discuss.userid=mk_user.userid AND mk_note_discuss.noteid=69 ORDER BY mk_note_discuss.discussid LIMIT 0,1; [ RunTime:0.0009s ]
NOTIC: [8] Undefined offset: 0 /data/home/qxu1152030011/htdocs/hellomarkertest/Mobile/Home/Controller/IndexController.class.php 第 81 行.
SQL: SELECT mk_user.username AS discussname,mk_note_discuss.discusstime FROM mk_note_discuss,mk_user WHERE mk_note_discuss.userid=mk_user.userid AND mk_note_discuss.noteid=68 ORDER BY mk_note_discuss.discussid LIMIT 0,1; [ RunTime:0.0009s ]
NOTIC: [8] Undefined offset: 0 /data/home/qxu1152030011/htdocs/hellomarkertest/Mobile/Home/Controller/IndexController.class.php 第 81 行.
SQL: SELECT mk_user.username AS discussname,mk_note_discuss.discusstime FROM mk_note_discuss,mk_user WHERE mk_note_discuss.userid=mk_user.userid AND mk_note_discuss.noteid=67 ORDER BY mk_note_discuss.discussid LIMIT 0,1; [ RunTime:0.0012s ]
NOTIC: [8] Undefined offset: 0 /data/home/qxu1152030011/htdocs/hellomarkertest/Mobile/Home/Controller/IndexController.class.php 第 81 行.
SQL: SELECT mk_user.username AS discussname,mk_note_discuss.discusstime FROM mk_note_discuss,mk_user WHERE mk_note_discuss.userid=mk_user.userid AND mk_note_discuss.noteid=66 ORDER BY mk_note_discuss.discussid LIMIT 0,1; [ RunTime:0.0010s ]
NOTIC: [8] Undefined offset: 0 /data/home/qxu1152030011/htdocs/hellomarkertest/Mobile/Home/Controller/IndexController.class.php 第 81 行.
SQL: SELECT mk_user.username AS discussname,mk_note_discuss.discusstime FROM mk_note_discuss,mk_user WHERE mk_note_discuss.userid=mk_user.userid AND mk_note_discuss.noteid=65 ORDER BY mk_note_discuss.discussid LIMIT 0,1; [ RunTime:0.0010s ]
NOTIC: [8] Undefined offset: 0 /data/home/qxu1152030011/htdocs/hellomarkertest/Mobile/Home/Controller/IndexController.class.php 第 81 行.
SQL: SELECT mk_user.username AS discussname,mk_note_discuss.discusstime FROM mk_note_discuss,mk_user WHERE mk_note_discuss.userid=mk_user.userid AND mk_note_discuss.noteid=64 ORDER BY mk_note_discuss.discussid LIMIT 0,1; [ RunTime:0.0010s ]
NOTIC: [8] Undefined offset: 0 /data/home/qxu1152030011/htdocs/hellomarkertest/Mobile/Home/Controller/IndexController.class.php 第 81 行.
SQL: SELECT mk_user.username AS discussname,mk_note_discuss.discusstime FROM mk_note_discuss,mk_user WHERE mk_note_discuss.userid=mk_user.userid AND mk_note_discuss.noteid=63 ORDER BY mk_note_discuss.discussid LIMIT 0,1; [ RunTime:0.0010s ]
NOTIC: [8] Undefined offset: 0 /data/home/qxu1152030011/htdocs/hellomarkertest/Mobile/Home/Controller/IndexController.class.php 第 81 行.
SQL: SELECT mk_user.username AS discussname,mk_note_discuss.discusstime FROM mk_note_discuss,mk_user WHERE mk_note_discuss.userid=mk_user.userid AND mk_note_discuss.noteid=62 ORDER BY mk_note_discuss.discussid LIMIT 0,1; [ RunTime:0.0010s ]
NOTIC: [8] Undefined offset: 0 /data/home/qxu1152030011/htdocs/hellomarkertest/Mobile/Home/Controller/IndexController.class.php 第 81 行.
SQL: SELECT mk_user.username AS discussname,mk_note_discuss.discusstime FROM mk_note_discuss,mk_user WHERE mk_note_discuss.userid=mk_user.userid AND mk_note_discuss.noteid=61 ORDER BY mk_note_discuss.discussid LIMIT 0,1; [ RunTime:0.0010s ]
NOTIC: [8] Undefined offset: 0 /data/home/qxu1152030011/htdocs/hellomarkertest/Mobile/Home/Controller/IndexController.class.php 第 81 行.
SQL: SELECT mk_user.username AS discussname,mk_note_discuss.discusstime FROM mk_note_discuss,mk_user WHERE mk_note_discuss.userid=mk_user.userid AND mk_note_discuss.noteid=59 ORDER BY mk_note_discuss.discussid LIMIT 0,1; [ RunTime:0.0009s ]
NOTIC: [8] Undefined offset: 0 /data/home/qxu1152030011/htdocs/hellomarkertest/Mobile/Home/Controller/IndexController.class.php 第 81 行.
SQL: SELECT mk_user.username AS discussname,mk_note_discuss.discusstime FROM mk_note_discuss,mk_user WHERE mk_note_discuss.userid=mk_user.userid AND mk_note_discuss.noteid=58 ORDER BY mk_note_discuss.discussid LIMIT 0,1; [ RunTime:0.0009s ]
NOTIC: [8] Undefined offset: 0 /data/home/qxu1152030011/htdocs/hellomarkertest/Mobile/Home/Controller/IndexController.class.php 第 81 行.
SQL: SELECT mk_user.username AS discussname,mk_note_discuss.discusstime FROM mk_note_discuss,mk_user WHERE mk_note_discuss.userid=mk_user.userid AND mk_note_discuss.noteid=57 ORDER BY mk_note_discuss.discussid LIMIT 0,1; [ RunTime:0.0009s ]
NOTIC: [8] Undefined offset: 0 /data/home/qxu1152030011/htdocs/hellomarkertest/Mobile/Home/Controller/IndexController.class.php 第 81 行.
SQL: SELECT mk_user.username AS discussname,mk_note_discuss.discusstime FROM mk_note_discuss,mk_user WHERE mk_note_discuss.userid=mk_user.userid AND mk_note_discuss.noteid=56 ORDER BY mk_note_discuss.discussid LIMIT 0,1; [ RunTime:0.0010s ]
NOTIC: [8] Undefined offset: 0 /data/home/qxu1152030011/htdocs/hellomarkertest/Mobile/Home/Controller/IndexController.class.php 第 81 行.
SQL: SELECT mk_user.username AS discussname,mk_note_discuss.discusstime FROM mk_note_discuss,mk_user WHERE mk_note_discuss.userid=mk_user.userid AND mk_note_discuss.noteid=55 ORDER BY mk_note_discuss.discussid LIMIT 0,1; [ RunTime:0.0009s ]
NOTIC: [8] Undefined offset: 0 /data/home/qxu1152030011/htdocs/hellomarkertest/Mobile/Home/Controller/IndexController.class.php 第 81 行.
SQL: SELECT mk_user.username AS discussname,mk_note_discuss.discusstime FROM mk_note_discuss,mk_user WHERE mk_note_discuss.userid=mk_user.userid AND mk_note_discuss.noteid=54 ORDER BY mk_note_discuss.discussid LIMIT 0,1; [ RunTime:0.0010s ]
NOTIC: [8] Undefined offset: 0 /data/home/qxu1152030011/htdocs/hellomarkertest/Mobile/Home/Controller/IndexController.class.php 第 81 行.
SQL: SELECT mk_user.username AS discussname,mk_note_discuss.discusstime FROM mk_note_discuss,mk_user WHERE mk_note_discuss.userid=mk_user.userid AND mk_note_discuss.noteid=53 ORDER BY mk_note_discuss.discussid LIMIT 0,1; [ RunTime:0.0010s ]
NOTIC: [8] Undefined offset: 0 /data/home/qxu1152030011/htdocs/hellomarkertest/Mobile/Home/Controller/IndexController.class.php 第 81 行.
SQL: SELECT mk_user.username AS discussname,mk_note_discuss.discusstime FROM mk_note_discuss,mk_user WHERE mk_note_discuss.userid=mk_user.userid AND mk_note_discuss.noteid=52 ORDER BY mk_note_discuss.discussid LIMIT 0,1; [ RunTime:0.0013s ]
NOTIC: [8] Undefined offset: 0 /data/home/qxu1152030011/htdocs/hellomarkertest/Mobile/Home/Controller/IndexController.class.php 第 81 行.
SQL: SELECT mk_user.username AS discussname,mk_note_discuss.discusstime FROM mk_note_discuss,mk_user WHERE mk_note_discuss.userid=mk_user.userid AND mk_note_discuss.noteid=51 ORDER BY mk_note_discuss.discussid LIMIT 0,1; [ RunTime:0.0010s ]
NOTIC: [8] Undefined offset: 0 /data/home/qxu1152030011/htdocs/hellomarkertest/Mobile/Home/Controller/IndexController.class.php 第 81 行.
SQL: SELECT mk_user.username AS discussname,mk_note_discuss.discusstime FROM mk_note_discuss,mk_user WHERE mk_note_discuss.userid=mk_user.userid AND mk_note_discuss.noteid=50 ORDER BY mk_note_discuss.discussid LIMIT 0,1; [ RunTime:0.0009s ]
NOTIC: [8] Undefined offset: 0 /data/home/qxu1152030011/htdocs/hellomarkertest/Mobile/Home/Controller/IndexController.class.php 第 81 行.
SQL: SELECT mk_user.username AS discussname,mk_note_discuss.discusstime FROM mk_note_discuss,mk_user WHERE mk_note_discuss.userid=mk_user.userid AND mk_note_discuss.noteid=49 ORDER BY mk_note_discuss.discussid LIMIT 0,1; [ RunTime:0.0010s ]
NOTIC: [8] Undefined offset: 0 /data/home/qxu1152030011/htdocs/hellomarkertest/Mobile/Home/Controller/IndexController.class.php 第 81 行.
SQL: SELECT mk_user.username AS discussname,mk_note_discuss.discusstime FROM mk_note_discuss,mk_user WHERE mk_note_discuss.userid=mk_user.userid AND mk_note_discuss.noteid=48 ORDER BY mk_note_discuss.discussid LIMIT 0,1; [ RunTime:0.0009s ]
NOTIC: [8] Undefined offset: 0 /data/home/qxu1152030011/htdocs/hellomarkertest/Mobile/Home/Controller/IndexController.class.php 第 81 行.
SQL: SELECT mk_user.username AS discussname,mk_note_discuss.discusstime FROM mk_note_discuss,mk_user WHERE mk_note_discuss.userid=mk_user.userid AND mk_note_discuss.noteid=47 ORDER BY mk_note_discuss.discussid LIMIT 0,1; [ RunTime:0.0011s ]
NOTIC: [8] Undefined offset: 0 /data/home/qxu1152030011/htdocs/hellomarkertest/Mobile/Home/Controller/IndexController.class.php 第 81 行.
SQL: SELECT mk_user.username AS discussname,mk_note_discuss.discusstime FROM mk_note_discuss,mk_user WHERE mk_note_discuss.userid=mk_user.userid AND mk_note_discuss.noteid=46 ORDER BY mk_note_discuss.discussid LIMIT 0,1; [ RunTime:0.0009s ]
NOTIC: [8] Undefined offset: 0 /data/home/qxu1152030011/htdocs/hellomarkertest/Mobile/Home/Controller/IndexController.class.php 第 81 行.
SQL: SELECT mk_user.username AS discussname,mk_note_discuss.discusstime FROM mk_note_discuss,mk_user WHERE mk_note_discuss.userid=mk_user.userid AND mk_note_discuss.noteid=45 ORDER BY mk_note_discuss.discussid LIMIT 0,1; [ RunTime:0.0009s ]
NOTIC: [8] Undefined offset: 0 /data/home/qxu1152030011/htdocs/hellomarkertest/Mobile/Home/Controller/IndexController.class.php 第 81 行.
SQL: SELECT mk_user.username AS discussname,mk_note_discuss.discusstime FROM mk_note_discuss,mk_user WHERE mk_note_discuss.userid=mk_user.userid AND mk_note_discuss.noteid=44 ORDER BY mk_note_discuss.discussid LIMIT 0,1; [ RunTime:0.0010s ]
NOTIC: [8] Undefined offset: 0 /data/home/qxu1152030011/htdocs/hellomarkertest/Mobile/Home/Controller/IndexController.class.php 第 81 行.
SQL: SELECT mk_user.username AS discussname,mk_note_discuss.discusstime FROM mk_note_discuss,mk_user WHERE mk_note_discuss.userid=mk_user.userid AND mk_note_discuss.noteid=43 ORDER BY mk_note_discuss.discussid LIMIT 0,1; [ RunTime:0.0009s ]
NOTIC: [8] Undefined offset: 0 /data/home/qxu1152030011/htdocs/hellomarkertest/Mobile/Home/Controller/IndexController.class.php 第 81 行.
SQL: SELECT mk_user.username AS discussname,mk_note_discuss.discusstime FROM mk_note_discuss,mk_user WHERE mk_note_discuss.userid=mk_user.userid AND mk_note_discuss.noteid=42 ORDER BY mk_note_discuss.discussid LIMIT 0,1; [ RunTime:0.0009s ]
NOTIC: [8] Undefined offset: 0 /data/home/qxu1152030011/htdocs/hellomarkertest/Mobile/Home/Controller/IndexController.class.php 第 81 行.
SQL: SELECT mk_user.username AS discussname,mk_note_discuss.discusstime FROM mk_note_discuss,mk_user WHERE mk_note_discuss.userid=mk_user.userid AND mk_note_discuss.noteid=41 ORDER BY mk_note_discuss.discussid LIMIT 0,1; [ RunTime:0.0011s ]
NOTIC: [8] Undefined offset: 0 /data/home/qxu1152030011/htdocs/hellomarkertest/Mobile/Home/Controller/IndexController.class.php 第 81 行.
SQL: SELECT mk_user.username AS discussname,mk_note_discuss.discusstime FROM mk_note_discuss,mk_user WHERE mk_note_discuss.userid=mk_user.userid AND mk_note_discuss.noteid=40 ORDER BY mk_note_discuss.discussid LIMIT 0,1; [ RunTime:0.0010s ]
NOTIC: [8] Undefined offset: 0 /data/home/qxu1152030011/htdocs/hellomarkertest/Mobile/Home/Controller/IndexController.class.php 第 81 行.
SQL: SELECT mk_user.username AS discussname,mk_note_discuss.discusstime FROM mk_note_discuss,mk_user WHERE mk_note_discuss.userid=mk_user.userid AND mk_note_discuss.noteid=39 ORDER BY mk_note_discuss.discussid LIMIT 0,1; [ RunTime:0.0012s ]
NOTIC: [8] Undefined offset: 0 /data/home/qxu1152030011/htdocs/hellomarkertest/Mobile/Home/Controller/IndexController.class.php 第 81 行.
SQL: SELECT mk_user.username AS discussname,mk_note_discuss.discusstime FROM mk_note_discuss,mk_user WHERE mk_note_discuss.userid=mk_user.userid AND mk_note_discuss.noteid=38 ORDER BY mk_note_discuss.discussid LIMIT 0,1; [ RunTime:0.0011s ]
NOTIC: [8] Undefined offset: 0 /data/home/qxu1152030011/htdocs/hellomarkertest/Mobile/Home/Controller/IndexController.class.php 第 81 行.
SQL: SELECT mk_user.username AS discussname,mk_note_discuss.discusstime FROM mk_note_discuss,mk_user WHERE mk_note_discuss.userid=mk_user.userid AND mk_note_discuss.noteid=37 ORDER BY mk_note_discuss.discussid LIMIT 0,1; [ RunTime:0.0011s ]
NOTIC: [8] Undefined offset: 0 /data/home/qxu1152030011/htdocs/hellomarkertest/Mobile/Home/Controller/IndexController.class.php 第 81 行.
SQL: SELECT mk_user.username AS discussname,mk_note_discuss.discusstime FROM mk_note_discuss,mk_user WHERE mk_note_discuss.userid=mk_user.userid AND mk_note_discuss.noteid=36 ORDER BY mk_note_discuss.discussid LIMIT 0,1; [ RunTime:0.0009s ]
NOTIC: [8] Undefined offset: 0 /data/home/qxu1152030011/htdocs/hellomarkertest/Mobile/Home/Controller/IndexController.class.php 第 81 行.
SQL: SELECT mk_user.username AS discussname,mk_note_discuss.discusstime FROM mk_note_discuss,mk_user WHERE mk_note_discuss.userid=mk_user.userid AND mk_note_discuss.noteid=35 ORDER BY mk_note_discuss.discussid LIMIT 0,1; [ RunTime:0.0010s ]
NOTIC: [8] Undefined offset: 0 /data/home/qxu1152030011/htdocs/hellomarkertest/Mobile/Home/Controller/IndexController.class.php 第 81 行.
SQL: SELECT mk_user.username AS discussname,mk_note_discuss.discusstime FROM mk_note_discuss,mk_user WHERE mk_note_discuss.userid=mk_user.userid AND mk_note_discuss.noteid=34 ORDER BY mk_note_discuss.discussid LIMIT 0,1; [ RunTime:0.0010s ]
NOTIC: [8] Undefined offset: 0 /data/home/qxu1152030011/htdocs/hellomarkertest/Mobile/Home/Controller/IndexController.class.php 第 81 行.
SQL: SELECT mk_user.username AS discussname,mk_note_discuss.discusstime FROM mk_note_discuss,mk_user WHERE mk_note_discuss.userid=mk_user.userid AND mk_note_discuss.noteid=33 ORDER BY mk_note_discuss.discussid LIMIT 0,1; [ RunTime:0.0010s ]
NOTIC: [8] Undefined offset: 0 /data/home/qxu1152030011/htdocs/hellomarkertest/Mobile/Home/Controller/IndexController.class.php 第 81 行.
SQL: SELECT mk_user.username AS discussname,mk_note_discuss.discusstime FROM mk_note_discuss,mk_user WHERE mk_note_discuss.userid=mk_user.userid AND mk_note_discuss.noteid=32 ORDER BY mk_note_discuss.discussid LIMIT 0,1; [ RunTime:0.0010s ]
NOTIC: [8] Undefined offset: 0 /data/home/qxu1152030011/htdocs/hellomarkertest/Mobile/Home/Controller/IndexController.class.php 第 81 行.
SQL: SELECT mk_user.username AS discussname,mk_note_discuss.discusstime FROM mk_note_discuss,mk_user WHERE mk_note_discuss.userid=mk_user.userid AND mk_note_discuss.noteid=31 ORDER BY mk_note_discuss.discussid LIMIT 0,1; [ RunTime:0.0011s ]
NOTIC: [8] Undefined offset: 0 /data/home/qxu1152030011/htdocs/hellomarkertest/Mobile/Home/Controller/IndexController.class.php 第 81 行.
SQL: SELECT mk_user.username AS discussname,mk_note_discuss.discusstime FROM mk_note_discuss,mk_user WHERE mk_note_discuss.userid=mk_user.userid AND mk_note_discuss.noteid=30 ORDER BY mk_note_discuss.discussid LIMIT 0,1; [ RunTime:0.0010s ]
NOTIC: [8] Undefined offset: 0 /data/home/qxu1152030011/htdocs/hellomarkertest/Mobile/Home/Controller/IndexController.class.php 第 81 行.
SQL: SELECT mk_user.username AS discussname,mk_note_discuss.discusstime FROM mk_note_discuss,mk_user WHERE mk_note_discuss.userid=mk_user.userid AND mk_note_discuss.noteid=29 ORDER BY mk_note_discuss.discussid LIMIT 0,1; [ RunTime:0.0010s ]
NOTIC: [8] Undefined offset: 0 /data/home/qxu1152030011/htdocs/hellomarkertest/Mobile/Home/Controller/IndexController.class.php 第 81 行.
SQL: SELECT mk_user.username AS discussname,mk_note_discuss.discusstime FROM mk_note_discuss,mk_user WHERE mk_note_discuss.userid=mk_user.userid AND mk_note_discuss.noteid=28 ORDER BY mk_note_discuss.discussid LIMIT 0,1; [ RunTime:0.0009s ]
NOTIC: [8] Undefined offset: 0 /data/home/qxu1152030011/htdocs/hellomarkertest/Mobile/Home/Controller/IndexController.class.php 第 81 行.
SQL: SELECT mk_user.username AS discussname,mk_note_discuss.discusstime FROM mk_note_discuss,mk_user WHERE mk_note_discuss.userid=mk_user.userid AND mk_note_discuss.noteid=27 ORDER BY mk_note_discuss.discussid LIMIT 0,1; [ RunTime:0.0009s ]
NOTIC: [8] Undefined offset: 0 /data/home/qxu1152030011/htdocs/hellomarkertest/Mobile/Home/Controller/IndexController.class.php 第 81 行.
SQL: SELECT mk_user.username AS discussname,mk_note_discuss.discusstime FROM mk_note_discuss,mk_user WHERE mk_note_discuss.userid=mk_user.userid AND mk_note_discuss.noteid=26 ORDER BY mk_note_discuss.discussid LIMIT 0,1; [ RunTime:0.0010s ]
NOTIC: [8] Undefined offset: 0 /data/home/qxu1152030011/htdocs/hellomarkertest/Mobile/Home/Controller/IndexController.class.php 第 81 行.
SQL: SELECT mk_user.username AS discussname,mk_note_discuss.discusstime FROM mk_note_discuss,mk_user WHERE mk_note_discuss.userid=mk_user.userid AND mk_note_discuss.noteid=25 ORDER BY mk_note_discuss.discussid LIMIT 0,1; [ RunTime:0.0010s ]
NOTIC: [8] Undefined offset: 0 /data/home/qxu1152030011/htdocs/hellomarkertest/Mobile/Home/Controller/IndexController.class.php 第 81 行.
SQL: SELECT mk_user.username AS discussname,mk_note_discuss.discusstime FROM mk_note_discuss,mk_user WHERE mk_note_discuss.userid=mk_user.userid AND mk_note_discuss.noteid=24 ORDER BY mk_note_discuss.discussid LIMIT 0,1; [ RunTime:0.0009s ]
NOTIC: [8] Undefined offset: 0 /data/home/qxu1152030011/htdocs/hellomarkertest/Mobile/Home/Controller/IndexController.class.php 第 81 行.
SQL: SELECT mk_user.username AS discussname,mk_note_discuss.discusstime FROM mk_note_discuss,mk_user WHERE mk_note_discuss.userid=mk_user.userid AND mk_note_discuss.noteid=23 ORDER BY mk_note_discuss.discussid LIMIT 0,1; [ RunTime:0.0009s ]
NOTIC: [8] Undefined offset: 0 /data/home/qxu1152030011/htdocs/hellomarkertest/Mobile/Home/Controller/IndexController.class.php 第 81 行.
SQL: SELECT mk_user.username AS discussname,mk_note_discuss.discusstime FROM mk_note_discuss,mk_user WHERE mk_note_discuss.userid=mk_user.userid AND mk_note_discuss.noteid=22 ORDER BY mk_note_discuss.discussid LIMIT 0,1; [ RunTime:0.0012s ]
NOTIC: [8] Undefined offset: 0 /data/home/qxu1152030011/htdocs/hellomarkertest/Mobile/Home/Controller/IndexController.class.php 第 81 行.
SQL: SELECT mk_user.username AS discussname,mk_note_discuss.discusstime FROM mk_note_discuss,mk_user WHERE mk_note_discuss.userid=mk_user.userid AND mk_note_discuss.noteid=21 ORDER BY mk_note_discuss.discussid LIMIT 0,1; [ RunTime:0.0010s ]
NOTIC: [8] Undefined offset: 0 /data/home/qxu1152030011/htdocs/hellomarkertest/Mobile/Home/Controller/IndexController.class.php 第 81 行.
SQL: SELECT mk_user.username AS discussname,mk_note_discuss.discusstime FROM mk_note_discuss,mk_user WHERE mk_note_discuss.userid=mk_user.userid AND mk_note_discuss.noteid=20 ORDER BY mk_note_discuss.discussid LIMIT 0,1; [ RunTime:0.0011s ]
NOTIC: [8] Undefined offset: 0 /data/home/qxu1152030011/htdocs/hellomarkertest/Mobile/Home/Controller/IndexController.class.php 第 81 行.
SQL: SELECT mk_user.username AS discussname,mk_note_discuss.discusstime FROM mk_note_discuss,mk_user WHERE mk_note_discuss.userid=mk_user.userid AND mk_note_discuss.noteid=19 ORDER BY mk_note_discuss.discussid LIMIT 0,1; [ RunTime:0.0010s ]
NOTIC: [8] Undefined offset: 0 /data/home/qxu1152030011/htdocs/hellomarkertest/Mobile/Home/Controller/IndexController.class.php 第 81 行.
SQL: SELECT mk_user.username AS discussname,mk_note_discuss.discusstime FROM mk_note_discuss,mk_user WHERE mk_note_discuss.userid=mk_user.userid AND mk_note_discuss.noteid=18 ORDER BY mk_note_discuss.discussid LIMIT 0,1; [ RunTime:0.0010s ]
NOTIC: [8] Undefined offset: 0 /data/home/qxu1152030011/htdocs/hellomarkertest/Mobile/Home/Controller/IndexController.class.php 第 81 行.
SQL: SELECT mk_user.username AS discussname,mk_note_discuss.discusstime FROM mk_note_discuss,mk_user WHERE mk_note_discuss.userid=mk_user.userid AND mk_note_discuss.noteid=17 ORDER BY mk_note_discuss.discussid LIMIT 0,1; [ RunTime:0.0012s ]
NOTIC: [8] Undefined offset: 0 /data/home/qxu1152030011/htdocs/hellomarkertest/Mobile/Home/Controller/IndexController.class.php 第 81 行.
SQL: SELECT mk_note.noteid,mk_note.notename,mk_note.isshare,mk_note.notecollectcount from mk_note WHERE mk_note.isshare=1 ORDER BY notecollectcount DESC LIMIT 0,4; [ RunTime:0.0012s ]
INFO: [ view_parse ] --START--
INFO: [ template_filter ] --START--
INFO: Run Behavior\ContentReplaceBehavior [ RunTime:0.000141s ]
INFO: [ template_filter ] --END-- [ RunTime:0.000255s ]
INFO: Run Behavior\ParseTemplateBehavior [ RunTime:0.011789s ]
INFO: [ view_parse ] --END-- [ RunTime:0.011865s ]
INFO: [ view_filter ] --START--
INFO: Run Behavior\WriteHtmlCacheBehavior [ RunTime:0.000348s ]
INFO: [ view_filter ] --END-- [ RunTime:0.000404s ]
INFO: [ app_end ] --START--
INFO: Run Behavior\ShowPageTraceBehavior [ RunTime:0.000604s ]
INFO: [ app_end ] --END-- [ RunTime:0.000661s ]

[ 2016-04-02T20:31:47+08:00 ] 115.193.85.255 /hellomarkertest/mobile.php/Home/User/userHome/
INFO: [ app_init ] --START--
INFO: Run Behavior\BuildLiteBehavior [ RunTime:0.000024s ]
INFO: [ app_init ] --END-- [ RunTime:0.000484s ]
INFO: [ app_begin ] --START--
INFO: Run Behavior\ReadHtmlCacheBehavior [ RunTime:0.000573s ]
INFO: [ app_begin ] --END-- [ RunTime:0.000647s ]
SQL: SELECT * FROM mk_user WHERE username='ptbird'; [ RunTime:0.0012s ]
INFO: [ view_parse ] --START--
INFO: [ template_filter ] --START--
INFO: Run Behavior\ContentReplaceBehavior [ RunTime:0.000088s ]
INFO: [ template_filter ] --END-- [ RunTime:0.000167s ]
INFO: Run Behavior\ParseTemplateBehavior [ RunTime:0.009049s ]
INFO: [ view_parse ] --END-- [ RunTime:0.009134s ]
INFO: [ view_filter ] --START--
INFO: Run Behavior\WriteHtmlCacheBehavior [ RunTime:0.000368s ]
INFO: [ view_filter ] --END-- [ RunTime:0.000426s ]
INFO: [ app_end ] --START--
INFO: Run Behavior\ShowPageTraceBehavior [ RunTime:0.000656s ]
INFO: [ app_end ] --END-- [ RunTime:0.000718s ]

[ 2016-04-02T20:31:49+08:00 ] 115.193.85.255 /hellomarkertest/mobile.php/Home/Work/
INFO: [ app_init ] --START--
INFO: Run Behavior\BuildLiteBehavior [ RunTime:0.000020s ]
INFO: [ app_init ] --END-- [ RunTime:0.000585s ]
INFO: [ app_begin ] --START--
INFO: Run Behavior\ReadHtmlCacheBehavior [ RunTime:0.000609s ]
INFO: [ app_begin ] --END-- [ RunTime:0.000683s ]
SQL: SELECT * FROM mk_work WHERE userid = 1 AND worktime=1459526400 ORDER BY worklevel desc; [ RunTime:0.0017s ]
NOTIC: [8] Undefined index: date /data/home/qxu1152030011/htdocs/hellomarkertest/Mobile/Home/Controller/WorkController.class.php 第 55 行.
SQL: SELECT worktime,GROUP_CONCAT(workname),GROUP_CONCAT(workid),GROUP_CONCAT(workother),GROUP_CONCAT(worklevel) FROM mk_work WHERE userid = 1 AND worktime<1459526400  GROUP BY worktime ORDER BY worktime ASC , worklevel desc; [ RunTime:0.0015s ]
SQL: SELECT worktime,GROUP_CONCAT(workname),GROUP_CONCAT(workid),GROUP_CONCAT(workother),GROUP_CONCAT(worklevel) FROM mk_work WHERE userid = 1 AND worktime>=1459526400  GROUP BY worktime ORDER BY worktime ASC , worklevel desc; [ RunTime:0.0012s ]
INFO: [ view_parse ] --START--
INFO: [ template_filter ] --START--
INFO: Run Behavior\ContentReplaceBehavior [ RunTime:0.000126s ]
INFO: [ template_filter ] --END-- [ RunTime:0.000211s ]
NOTIC: [8] Undefined variable: myChangeErrorFlag /data/home/qxu1152030011/htdocs/hellomarkertest/Mobile/Runtime/Cache/Home/992c1e30d033df3179a1b18b5161aef7.php 第 65 行.
INFO: Run Behavior\ParseTemplateBehavior [ RunTime:0.020209s ]
INFO: [ view_parse ] --END-- [ RunTime:0.020297s ]
INFO: [ view_filter ] --START--
INFO: Run Behavior\WriteHtmlCacheBehavior [ RunTime:0.000371s ]
INFO: [ view_filter ] --END-- [ RunTime:0.000431s ]
INFO: [ app_end ] --START--
INFO: Run Behavior\ShowPageTraceBehavior [ RunTime:0.000561s ]
INFO: [ app_end ] --END-- [ RunTime:0.000616s ]

[ 2016-04-02T20:31:52+08:00 ] 115.193.85.255 /hellomarkertest/mobile.php/Home/Weather/
INFO: [ app_init ] --START--
INFO: Run Behavior\BuildLiteBehavior [ RunTime:0.000023s ]
INFO: [ app_init ] --END-- [ RunTime:0.000472s ]
INFO: [ app_begin ] --START--
INFO: Run Behavior\ReadHtmlCacheBehavior [ RunTime:0.000574s ]
INFO: [ app_begin ] --END-- [ RunTime:0.000648s ]
INFO: [ view_parse ] --START--
INFO: [ template_filter ] --START--
INFO: Run Behavior\ContentReplaceBehavior [ RunTime:0.000177s ]
INFO: [ template_filter ] --END-- [ RunTime:0.000284s ]
NOTIC: [8] Undefined variable: myChangeErrorFlag /data/home/qxu1152030011/htdocs/hellomarkertest/Mobile/Runtime/Cache/Home/ddfecca5e7e70e4072684c5a3679d8c2.php 第 68 行.
NOTIC: [8] Undefined index: text /data/home/qxu1152030011/htdocs/hellomarkertest/Mobile/Runtime/Cache/Home/ddfecca5e7e70e4072684c5a3679d8c2.php 第 75 行.
NOTIC: [8] Undefined index: cond['txt_d'] /data/home/qxu1152030011/htdocs/hellomarkertest/Mobile/Runtime/Cache/Home/ddfecca5e7e70e4072684c5a3679d8c2.php 第 184 行.
NOTIC: [8] Undefined index: cond['txt_n'] /data/home/qxu1152030011/htdocs/hellomarkertest/Mobile/Runtime/Cache/Home/ddfecca5e7e70e4072684c5a3679d8c2.php 第 196 行.
NOTIC: [8] Undefined index: cond['txt_d'] /data/home/qxu1152030011/htdocs/hellomarkertest/Mobile/Runtime/Cache/Home/ddfecca5e7e70e4072684c5a3679d8c2.php 第 184 行.
NOTIC: [8] Undefined index: cond['txt_n'] /data/home/qxu1152030011/htdocs/hellomarkertest/Mobile/Runtime/Cache/Home/ddfecca5e7e70e4072684c5a3679d8c2.php 第 196 行.
NOTIC: [8] Undefined index: cond['txt_d'] /data/home/qxu1152030011/htdocs/hellomarkertest/Mobile/Runtime/Cache/Home/ddfecca5e7e70e4072684c5a3679d8c2.php 第 184 行.
NOTIC: [8] Undefined index: cond['txt_n'] /data/home/qxu1152030011/htdocs/hellomarkertest/Mobile/Runtime/Cache/Home/ddfecca5e7e70e4072684c5a3679d8c2.php 第 196 行.
NOTIC: [8] Undefined index: cond['txt_d'] /data/home/qxu1152030011/htdocs/hellomarkertest/Mobile/Runtime/Cache/Home/ddfecca5e7e70e4072684c5a3679d8c2.php 第 184 行.
NOTIC: [8] Undefined index: cond['txt_n'] /data/home/qxu1152030011/htdocs/hellomarkertest/Mobile/Runtime/Cache/Home/ddfecca5e7e70e4072684c5a3679d8c2.php 第 196 行.
NOTIC: [8] Undefined index: cond['txt_d'] /data/home/qxu1152030011/htdocs/hellomarkertest/Mobile/Runtime/Cache/Home/ddfecca5e7e70e4072684c5a3679d8c2.php 第 184 行.
NOTIC: [8] Undefined index: cond['txt_n'] /data/home/qxu1152030011/htdocs/hellomarkertest/Mobile/Runtime/Cache/Home/ddfecca5e7e70e4072684c5a3679d8c2.php 第 196 行.
NOTIC: [8] Undefined index: cond['txt_d'] /data/home/qxu1152030011/htdocs/hellomarkertest/Mobile/Runtime/Cache/Home/ddfecca5e7e70e4072684c5a3679d8c2.php 第 184 行.
NOTIC: [8] Undefined index: cond['txt_n'] /data/home/qxu1152030011/htdocs/hellomarkertest/Mobile/Runtime/Cache/Home/ddfecca5e7e70e4072684c5a3679d8c2.php 第 196 行.
NOTIC: [8] Undefined index: cond['txt_d'] /data/home/qxu1152030011/htdocs/hellomarkertest/Mobile/Runtime/Cache/Home/ddfecca5e7e70e4072684c5a3679d8c2.php 第 184 行.
NOTIC: [8] Undefined index: cond['txt_n'] /data/home/qxu1152030011/htdocs/hellomarkertest/Mobile/Runtime/Cache/Home/ddfecca5e7e70e4072684c5a3679d8c2.php 第 196 行.
INFO: Run Behavior\ParseTemplateBehavior [ RunTime:0.020602s ]
INFO: [ view_parse ] --END-- [ RunTime:0.020699s ]
INFO: [ view_filter ] --START--
INFO: Run Behavior\WriteHtmlCacheBehavior [ RunTime:0.000366s ]
INFO: [ view_filter ] --END-- [ RunTime:0.000418s ]
INFO: [ app_end ] --START--
INFO: Run Behavior\ShowPageTraceBehavior [ RunTime:0.000832s ]
INFO: [ app_end ] --END-- [ RunTime:0.000899s ]

