[ 2016-03-28T01:29:02+08:00 ] 183.192.95.25 /hellomarkertest/
INFO: [ app_init ] --START--
INFO: Run Behavior\BuildLiteBehavior [ RunTime:0.000027s ]
INFO: [ app_init ] --END-- [ RunTime:0.000498s ]
INFO: [ app_begin ] --START--
INFO: Run Behavior\ReadHtmlCacheBehavior [ RunTime:0.000624s ]
INFO: [ app_begin ] --END-- [ RunTime:0.000696s ]
INFO: [ app_end ] --START--
INFO: Run Behavior\ShowPageTraceBehavior [ RunTime:0.000615s ]
INFO: [ app_end ] --END-- [ RunTime:0.000693s ]

[ 2016-03-28T02:17:04+08:00 ] 183.192.95.25 /hellomarkertest/
INFO: [ app_init ] --START--
INFO: Run Behavior\BuildLiteBehavior [ RunTime:0.000021s ]
INFO: [ app_init ] --END-- [ RunTime:0.000460s ]
INFO: [ app_begin ] --START--
INFO: Run Behavior\ReadHtmlCacheBehavior [ RunTime:0.000584s ]
INFO: [ app_begin ] --END-- [ RunTime:0.000655s ]
INFO: [ app_end ] --START--
INFO: Run Behavior\ShowPageTraceBehavior [ RunTime:0.000582s ]
INFO: [ app_end ] --END-- [ RunTime:0.000667s ]

[ 2016-03-28T02:27:23+08:00 ] 183.192.95.25 /hellomarkertest/
INFO: [ app_init ] --START--
INFO: Run Behavior\BuildLiteBehavior [ RunTime:0.000021s ]
INFO: [ app_init ] --END-- [ RunTime:0.000521s ]
INFO: [ app_begin ] --START--
INFO: Run Behavior\ReadHtmlCacheBehavior [ RunTime:0.000654s ]
INFO: [ app_begin ] --END-- [ RunTime:0.000725s ]
INFO: [ app_end ] --START--
INFO: Run Behavior\ShowPageTraceBehavior [ RunTime:0.000593s ]
INFO: [ app_end ] --END-- [ RunTime:0.000667s ]

[ 2016-03-28T02:28:10+08:00 ] 183.192.95.25 /hellomarkertest/
INFO: [ app_init ] --START--
INFO: Run Behavior\BuildLiteBehavior [ RunTime:0.000024s ]
INFO: [ app_init ] --END-- [ RunTime:0.000486s ]
INFO: [ app_begin ] --START--
INFO: Run Behavior\ReadHtmlCacheBehavior [ RunTime:0.000602s ]
INFO: [ app_begin ] --END-- [ RunTime:0.000679s ]
INFO: [ app_end ] --START--
INFO: Run Behavior\ShowPageTraceBehavior [ RunTime:0.000634s ]
INFO: [ app_end ] --END-- [ RunTime:0.000701s ]

[ 2016-03-28T02:28:17+08:00 ] 183.192.95.25 /hellomarkertest/
INFO: [ app_init ] --START--
INFO: Run Behavior\BuildLiteBehavior [ RunTime:0.000023s ]
INFO: [ app_init ] --END-- [ RunTime:0.000595s ]
INFO: [ app_begin ] --START--
INFO: Run Behavior\ReadHtmlCacheBehavior [ RunTime:0.000753s ]
INFO: [ app_begin ] --END-- [ RunTime:0.000826s ]
INFO: [ app_end ] --START--
INFO: Run Behavior\ShowPageTraceBehavior [ RunTime:0.000800s ]
INFO: [ app_end ] --END-- [ RunTime:0.000868s ]

[ 2016-03-28T09:38:28+08:00 ] 183.192.95.25 /hellomarkertest/
INFO: [ app_init ] --START--
INFO: Run Behavior\BuildLiteBehavior [ RunTime:0.000021s ]
INFO: [ app_init ] --END-- [ RunTime:0.000487s ]
INFO: [ app_begin ] --START--
INFO: Run Behavior\ReadHtmlCacheBehavior [ RunTime:0.000685s ]
INFO: [ app_begin ] --END-- [ RunTime:0.000774s ]
INFO: [ app_end ] --START--
INFO: Run Behavior\ShowPageTraceBehavior [ RunTime:0.000644s ]
INFO: [ app_end ] --END-- [ RunTime:0.000726s ]

[ 2016-03-28T13:23:22+08:00 ] 140.206.97.29 /hellomarkertest/
INFO: [ app_init ] --START--
INFO: Run Behavior\BuildLiteBehavior [ RunTime:0.000044s ]
INFO: [ app_init ] --END-- [ RunTime:0.000724s ]
INFO: [ app_begin ] --START--
INFO: Run Behavior\ReadHtmlCacheBehavior [ RunTime:0.000929s ]
INFO: [ app_begin ] --END-- [ RunTime:0.001029s ]
INFO: [ app_end ] --START--
INFO: Run Behavior\ShowPageTraceBehavior [ RunTime:0.001055s ]
INFO: [ app_end ] --END-- [ RunTime:0.001186s ]

[ 2016-03-28T14:19:43+08:00 ] 14.17.34.189 /hellomarkertest/
INFO: [ app_init ] --START--
INFO: Run Behavior\BuildLiteBehavior [ RunTime:0.000021s ]
INFO: [ app_init ] --END-- [ RunTime:0.000481s ]
INFO: [ app_begin ] --START--
INFO: Run Behavior\ReadHtmlCacheBehavior [ RunTime:0.000605s ]
INFO: [ app_begin ] --END-- [ RunTime:0.000675s ]
INFO: [ app_end ] --START--
INFO: Run Behavior\ShowPageTraceBehavior [ RunTime:0.000571s ]
INFO: [ app_end ] --END-- [ RunTime:0.000642s ]

[ 2016-03-28T14:19:43+08:00 ] 101.226.64.174 /hellomarkertest/
INFO: [ app_init ] --START--
INFO: Run Behavior\BuildLiteBehavior [ RunTime:0.000023s ]
INFO: [ app_init ] --END-- [ RunTime:0.000478s ]
INFO: [ app_begin ] --START--
INFO: Run Behavior\ReadHtmlCacheBehavior [ RunTime:0.000585s ]
INFO: [ app_begin ] --END-- [ RunTime:0.000657s ]
INFO: [ app_end ] --START--
INFO: Run Behavior\ShowPageTraceBehavior [ RunTime:0.000573s ]
INFO: [ app_end ] --END-- [ RunTime:0.000644s ]

[ 2016-03-28T19:06:59+08:00 ] 183.192.91.143 /hellomarkertest/
INFO: [ app_init ] --START--
INFO: Run Behavior\BuildLiteBehavior [ RunTime:0.000021s ]
INFO: [ app_init ] --END-- [ RunTime:0.000446s ]
INFO: [ app_begin ] --START--
INFO: Run Behavior\ReadHtmlCacheBehavior [ RunTime:0.000593s ]
INFO: [ app_begin ] --END-- [ RunTime:0.000671s ]
INFO: [ app_end ] --START--
INFO: Run Behavior\ShowPageTraceBehavior [ RunTime:0.000931s ]
INFO: [ app_end ] --END-- [ RunTime:0.001020s ]

[ 2016-03-28T19:36:32+08:00 ] 183.192.91.143 /hellomarkertest/
INFO: [ app_init ] --START--
INFO: Run Behavior\BuildLiteBehavior [ RunTime:0.000022s ]
INFO: [ app_init ] --END-- [ RunTime:0.000478s ]
INFO: [ app_begin ] --START--
INFO: Run Behavior\ReadHtmlCacheBehavior [ RunTime:0.000629s ]
INFO: [ app_begin ] --END-- [ RunTime:0.000710s ]
INFO: [ app_end ] --START--
INFO: Run Behavior\ShowPageTraceBehavior [ RunTime:0.000573s ]
INFO: [ app_end ] --END-- [ RunTime:0.000651s ]

[ 2016-03-28T19:37:38+08:00 ] 183.192.91.143 /hellomarkertest/
INFO: [ app_init ] --START--
INFO: Run Behavior\BuildLiteBehavior [ RunTime:0.000023s ]
INFO: [ app_init ] --END-- [ RunTime:0.000469s ]
INFO: [ app_begin ] --START--
INFO: Run Behavior\ReadHtmlCacheBehavior [ RunTime:0.000583s ]
INFO: [ app_begin ] --END-- [ RunTime:0.000656s ]
INFO: [ app_end ] --START--
INFO: Run Behavior\ShowPageTraceBehavior [ RunTime:0.000700s ]
INFO: [ app_end ] --END-- [ RunTime:0.000770s ]

[ 2016-03-28T20:05:05+08:00 ] 183.192.91.143 /hellomarkertest/
INFO: [ app_init ] --START--
INFO: Run Behavior\BuildLiteBehavior [ RunTime:0.000023s ]
INFO: [ app_init ] --END-- [ RunTime:0.000458s ]
INFO: [ app_begin ] --START--
INFO: Run Behavior\ReadHtmlCacheBehavior [ RunTime:0.000585s ]
INFO: [ app_begin ] --END-- [ RunTime:0.000656s ]
INFO: [ app_end ] --START--
INFO: Run Behavior\ShowPageTraceBehavior [ RunTime:0.000589s ]
INFO: [ app_end ] --END-- [ RunTime:0.000662s ]

[ 2016-03-28T20:07:06+08:00 ] 183.192.91.143 /hellomarkertest/
INFO: [ app_init ] --START--
INFO: Run Behavior\BuildLiteBehavior [ RunTime:0.000036s ]
INFO: [ app_init ] --END-- [ RunTime:0.000488s ]
INFO: [ app_begin ] --START--
INFO: Run Behavior\ReadHtmlCacheBehavior [ RunTime:0.000600s ]
INFO: [ app_begin ] --END-- [ RunTime:0.000673s ]
INFO: [ app_end ] --START--
INFO: Run Behavior\ShowPageTraceBehavior [ RunTime:0.000589s ]
INFO: [ app_end ] --END-- [ RunTime:0.000657s ]

[ 2016-03-28T20:15:41+08:00 ] 183.192.91.143 /hellomarkertest/
INFO: [ app_init ] --START--
INFO: Run Behavior\BuildLiteBehavior [ RunTime:0.000024s ]
INFO: [ app_init ] --END-- [ RunTime:0.000468s ]
INFO: [ app_begin ] --START--
INFO: Run Behavior\ReadHtmlCacheBehavior [ RunTime:0.000587s ]
INFO: [ app_begin ] --END-- [ RunTime:0.000660s ]
INFO: [ app_end ] --START--
INFO: Run Behavior\ShowPageTraceBehavior [ RunTime:0.000630s ]
INFO: [ app_end ] --END-- [ RunTime:0.000703s ]

[ 2016-03-28T20:20:56+08:00 ] 183.192.91.143 /hellomarkertest/
INFO: [ app_init ] --START--
INFO: Run Behavior\BuildLiteBehavior [ RunTime:0.000023s ]
INFO: [ app_init ] --END-- [ RunTime:0.000510s ]
INFO: [ app_begin ] --START--
INFO: Run Behavior\ReadHtmlCacheBehavior [ RunTime:0.000655s ]
INFO: [ app_begin ] --END-- [ RunTime:0.000738s ]
INFO: [ app_end ] --START--
INFO: Run Behavior\ShowPageTraceBehavior [ RunTime:0.000583s ]
INFO: [ app_end ] --END-- [ RunTime:0.000707s ]

[ 2016-03-28T20:48:08+08:00 ] 180.153.6.103 /hellomarkertest/
INFO: [ app_init ] --START--
INFO: Run Behavior\BuildLiteBehavior [ RunTime:0.000022s ]
INFO: [ app_init ] --END-- [ RunTime:0.000503s ]
INFO: [ app_begin ] --START--
INFO: Run Behavior\ReadHtmlCacheBehavior [ RunTime:0.000633s ]
INFO: [ app_begin ] --END-- [ RunTime:0.000706s ]
INFO: [ app_end ] --START--
INFO: Run Behavior\ShowPageTraceBehavior [ RunTime:0.000630s ]
INFO: [ app_end ] --END-- [ RunTime:0.000705s ]

[ 2016-03-28T21:12:05+08:00 ] 101.226.61.193 /hellomarkertest/
INFO: [ app_init ] --START--
INFO: Run Behavior\BuildLiteBehavior [ RunTime:0.000024s ]
INFO: [ app_init ] --END-- [ RunTime:0.000489s ]
INFO: [ app_begin ] --START--
INFO: Run Behavior\ReadHtmlCacheBehavior [ RunTime:0.000627s ]
INFO: [ app_begin ] --END-- [ RunTime:0.000715s ]
INFO: [ app_end ] --START--
INFO: Run Behavior\ShowPageTraceBehavior [ RunTime:0.000616s ]
INFO: [ app_end ] --END-- [ RunTime:0.000683s ]

